Mensaje I / 00:00:00:000 / Root(00) para top(01)
Mensaje I / 00:00:00:000 / top(01) para decision(02)
Mensaje D / 00:00:00:000 / decision(02) / ... para top(01)
Mensaje D / 00:00:00:000 / top(01) / ... para Root(00)
Mensaje X / 00:00:01:000 / Root(00) / usercommand / 1034334.00000 para top(01)
Mensaje X / 00:00:01:000 / top(01) / usercommand / 1034334.00000 para decision(02)
Mensaje D / 00:00:01:000 / decision(02) / 00:00:00:000 para top(01)
Mensaje D / 00:00:01:000 / top(01) / 00:00:00:000 para Root(00)
Mensaje * / 00:00:01:000 / Root(00) para top(01)
Mensaje * / 00:00:01:000 / top(01) para decision(02)
Mensaje Y / 00:00:01:000 / decision(02) / home_command /      1.00000 para top(01)
Mensaje D / 00:00:01:000 / decision(02) / ... para top(01)
Mensaje Y / 00:00:01:000 / top(01) / home_command /      1.00000 para Root(00)
Mensaje D / 00:00:01:000 / top(01) / ... para Root(00)
Mensaje X / 00:00:01:036 / Root(00) / done_homing /      1.00000 para top(01)
Mensaje X / 00:00:01:036 / top(01) / done_homing /      1.00000 para decision(02)
Mensaje D / 00:00:01:036 / decision(02) / ... para top(01)
Mensaje D / 00:00:01:036 / top(01) / ... para Root(00)
Mensaje X / 00:00:02:000 / Root(00) / usercommand / 2340165.00000 para top(01)
Mensaje X / 00:00:02:000 / top(01) / usercommand / 2340165.00000 para decision(02)
Mensaje D / 00:00:02:000 / decision(02) / 00:00:00:000 para top(01)
Mensaje D / 00:00:02:000 / top(01) / 00:00:00:000 para Root(00)
Mensaje * / 00:00:02:000 / Root(00) para top(01)
Mensaje * / 00:00:02:000 / top(01) para decision(02)
Mensaje Y / 00:00:02:000 / decision(02) / motion_command / 2340165.00000 para top(01)
Mensaje D / 00:00:02:000 / decision(02) / ... para top(01)
Mensaje Y / 00:00:02:000 / top(01) / motion_command / 2340165.00000 para Root(00)
Mensaje D / 00:00:02:000 / top(01) / ... para Root(00)
Mensaje X / 00:00:02:020 / Root(00) / usercommand / 2099056.00000 para top(01)
Mensaje X / 00:00:02:020 / top(01) / usercommand / 2099056.00000 para decision(02)
Mensaje D / 00:00:02:020 / decision(02) / ... para top(01)
Mensaje D / 00:00:02:020 / top(01) / ... para Root(00)
Mensaje X / 00:00:02:025 / Root(00) / usercommand / 2224143.00000 para top(01)
Mensaje X / 00:00:02:025 / top(01) / usercommand / 2224143.00000 para decision(02)
Mensaje D / 00:00:02:025 / decision(02) / ... para top(01)
Mensaje D / 00:00:02:025 / top(01) / ... para Root(00)
Mensaje X / 00:00:02:030 / Root(00) / done_motion /      2.00000 para top(01)
Mensaje X / 00:00:02:030 / top(01) / done_motion /      2.00000 para decision(02)
Mensaje D / 00:00:02:030 / decision(02) / ... para top(01)
Mensaje D / 00:00:02:030 / top(01) / ... para Root(00)
Mensaje X / 00:00:03:000 / Root(00) / usercommand / 2196006.00000 para top(01)
Mensaje X / 00:00:03:000 / top(01) / usercommand / 2196006.00000 para decision(02)
Mensaje D / 00:00:03:000 / decision(02) / 00:00:00:000 para top(01)
Mensaje D / 00:00:03:000 / top(01) / 00:00:00:000 para Root(00)
Mensaje * / 00:00:03:000 / Root(00) para top(01)
Mensaje * / 00:00:03:000 / top(01) para decision(02)
Mensaje Y / 00:00:03:000 / decision(02) / motion_command / 2196006.00000 para top(01)
Mensaje D / 00:00:03:000 / decision(02) / ... para top(01)
Mensaje Y / 00:00:03:000 / top(01) / motion_command / 2196006.00000 para Root(00)
Mensaje D / 00:00:03:000 / top(01) / ... para Root(00)
Mensaje X / 00:00:03:030 / Root(00) / done_motion /      2.00000 para top(01)
Mensaje X / 00:00:03:030 / top(01) / done_motion /      2.00000 para decision(02)
Mensaje D / 00:00:03:030 / decision(02) / ... para top(01)
Mensaje D / 00:00:03:030 / top(01) / ... para Root(00)
Mensaje X / 00:00:04:000 / Root(00) / usercommand / 3167245.00000 para top(01)
Mensaje X / 00:00:04:000 / top(01) / usercommand / 3167245.00000 para decision(02)
Mensaje D / 00:00:04:000 / decision(02) / ... para top(01)
Mensaje D / 00:00:04:000 / top(01) / ... para Root(00)
Mensaje X / 00:00:05:000 / Root(00) / usercommand / 2356334.00000 para top(01)
Mensaje X / 00:00:05:000 / top(01) / usercommand / 2356334.00000 para decision(02)
Mensaje D / 00:00:05:000 / decision(02) / 00:00:00:000 para top(01)
Mensaje D / 00:00:05:000 / top(01) / 00:00:00:000 para Root(00)
Mensaje * / 00:00:05:000 / Root(00) para top(01)
Mensaje * / 00:00:05:000 / top(01) para decision(02)
Mensaje Y / 00:00:05:000 / decision(02) / motion_command / 2356334.00000 para top(01)
Mensaje D / 00:00:05:000 / decision(02) / ... para top(01)
Mensaje Y / 00:00:05:000 / top(01) / motion_command / 2356334.00000 para Root(00)
Mensaje D / 00:00:05:000 / top(01) / ... para Root(00)
Mensaje X / 00:00:05:010 / Root(00) / usercommand / 3124221.00000 para top(01)
Mensaje X / 00:00:05:010 / top(01) / usercommand / 3124221.00000 para decision(02)
Mensaje D / 00:00:05:010 / decision(02) / 00:00:00:000 para top(01)
Mensaje D / 00:00:05:010 / top(01) / 00:00:00:000 para Root(00)
Mensaje * / 00:00:05:010 / Root(00) para top(01)
Mensaje * / 00:00:05:010 / top(01) para decision(02)
Mensaje Y / 00:00:05:010 / decision(02) / motion_command / 3124221.00000 para top(01)
Mensaje D / 00:00:05:010 / decision(02) / ... para top(01)
Mensaje Y / 00:00:05:010 / top(01) / motion_command / 3124221.00000 para Root(00)
Mensaje D / 00:00:05:010 / top(01) / ... para Root(00)
Mensaje X / 00:00:05:020 / Root(00) / done_motion /      3.00000 para top(01)
Mensaje X / 00:00:05:020 / top(01) / done_motion /      3.00000 para decision(02)
Mensaje D / 00:00:05:020 / decision(02) / ... para top(01)
Mensaje D / 00:00:05:020 / top(01) / ... para Root(00)
Mensaje X / 00:00:06:000 / Root(00) / usercommand / 2306244.00000 para top(01)
Mensaje X / 00:00:06:000 / top(01) / usercommand / 2306244.00000 para decision(02)
Mensaje D / 00:00:06:000 / decision(02) / 00:00:00:000 para top(01)
Mensaje D / 00:00:06:000 / top(01) / 00:00:00:000 para Root(00)
Mensaje * / 00:00:06:000 / Root(00) para top(01)
Mensaje * / 00:00:06:000 / top(01) para decision(02)
Mensaje Y / 00:00:06:000 / decision(02) / motion_command / 2306244.00000 para top(01)
Mensaje D / 00:00:06:000 / decision(02) / ... para top(01)
Mensaje Y / 00:00:06:000 / top(01) / motion_command / 2306244.00000 para Root(00)
Mensaje D / 00:00:06:000 / top(01) / ... para Root(00)
Mensaje X / 00:00:06:010 / Root(00) / done_motion /      2.00000 para top(01)
Mensaje X / 00:00:06:010 / top(01) / done_motion /      2.00000 para decision(02)
Mensaje D / 00:00:06:010 / decision(02) / ... para top(01)
Mensaje D / 00:00:06:010 / top(01) / ... para Root(00)
Mensaje X / 00:00:07:000 / Root(00) / usercommand / 3231057.00000 para top(01)
Mensaje X / 00:00:07:000 / top(01) / usercommand / 3231057.00000 para decision(02)
Mensaje D / 00:00:07:000 / decision(02) / ... para top(01)
Mensaje D / 00:00:07:000 / top(01) / ... para Root(00)
Mensaje X / 00:00:07:001 / Root(00) / done_motion /      3.00000 para top(01)
Mensaje X / 00:00:07:001 / top(01) / done_motion /      3.00000 para decision(02)
Mensaje D / 00:00:07:001 / decision(02) / ... para top(01)
Mensaje D / 00:00:07:001 / top(01) / ... para Root(00)
Mensaje X / 00:00:08:000 / Root(00) / usercommand / 2002005.00000 para top(01)
Mensaje X / 00:00:08:000 / top(01) / usercommand / 2002005.00000 para decision(02)
Mensaje D / 00:00:08:000 / decision(02) / 00:00:00:000 para top(01)
Mensaje D / 00:00:08:000 / top(01) / 00:00:00:000 para Root(00)
Mensaje * / 00:00:08:000 / Root(00) para top(01)
Mensaje * / 00:00:08:000 / top(01) para decision(02)
Mensaje Y / 00:00:08:000 / decision(02) / motion_command / 2002005.00000 para top(01)
Mensaje D / 00:00:08:000 / decision(02) / ... para top(01)
Mensaje Y / 00:00:08:000 / top(01) / motion_command / 2002005.00000 para Root(00)
Mensaje D / 00:00:08:000 / top(01) / ... para Root(00)
Mensaje X / 00:00:08:030 / Root(00) / done_motion /      2.00000 para top(01)
Mensaje X / 00:00:08:030 / top(01) / done_motion /      2.00000 para decision(02)
Mensaje D / 00:00:08:030 / decision(02) / ... para top(01)
Mensaje D / 00:00:08:030 / top(01) / ... para Root(00)
Mensaje X / 00:00:09:000 / Root(00) / usercommand / 3010045.00000 para top(01)
Mensaje X / 00:00:09:000 / top(01) / usercommand / 3010045.00000 para decision(02)
Mensaje D / 00:00:09:000 / decision(02) / ... para top(01)
Mensaje D / 00:00:09:000 / top(01) / ... para Root(00)
Mensaje X / 00:00:09:001 / Root(00) / done_motion /      3.00000 para top(01)
Mensaje X / 00:00:09:001 / top(01) / done_motion /      3.00000 para decision(02)
Mensaje D / 00:00:09:001 / decision(02) / ... para top(01)
Mensaje D / 00:00:09:001 / top(01) / ... para Root(00)
