Mensaje I / 00:00:00:000 / Root(00) para top(01)
Mensaje I / 00:00:00:000 / top(01) para decision(02)
Mensaje D / 00:00:00:000 / decision(02) / ... para top(01)
Mensaje D / 00:00:00:000 / top(01) / ... para Root(00)
Mensaje X / 00:00:00:001 / Root(00) / usercommand / 2122095.00000 para top(01)
Mensaje X / 00:00:00:001 / top(01) / usercommand / 2122095.00000 para decision(02)
Mensaje D / 00:00:00:001 / decision(02) / ... para top(01)
Mensaje D / 00:00:00:001 / top(01) / ... para Root(00)
Mensaje X / 00:00:00:005 / Root(00) / usercommand / 3112055.00000 para top(01)
Mensaje X / 00:00:00:005 / top(01) / usercommand / 3112055.00000 para decision(02)
Mensaje D / 00:00:00:005 / decision(02) / ... para top(01)
Mensaje D / 00:00:00:005 / top(01) / ... para Root(00)
Mensaje X / 00:00:00:010 / Root(00) / usercommand / 1098324.00000 para top(01)
Mensaje X / 00:00:00:010 / top(01) / usercommand / 1098324.00000 para decision(02)
Mensaje D / 00:00:00:010 / decision(02) / 00:00:00:000 para top(01)
Mensaje D / 00:00:00:010 / top(01) / 00:00:00:000 para Root(00)
Mensaje * / 00:00:00:010 / Root(00) para top(01)
Mensaje * / 00:00:00:010 / top(01) para decision(02)
Mensaje Y / 00:00:00:010 / decision(02) / home_command /      1.00000 para top(01)
Mensaje D / 00:00:00:010 / decision(02) / ... para top(01)
Mensaje Y / 00:00:00:010 / top(01) / home_command /      1.00000 para Root(00)
Mensaje D / 00:00:00:010 / top(01) / ... para Root(00)
Mensaje X / 00:00:00:011 / Root(00) / usercommand / 3214002.00000 para top(01)
Mensaje X / 00:00:00:011 / top(01) / usercommand / 3214002.00000 para decision(02)
Mensaje D / 00:00:00:011 / decision(02) / 00:00:00:000 para top(01)
Mensaje D / 00:00:00:011 / top(01) / 00:00:00:000 para Root(00)
Mensaje * / 00:00:00:011 / Root(00) para top(01)
Mensaje * / 00:00:00:011 / top(01) para decision(02)
Mensaje Y / 00:00:00:011 / decision(02) / home_command /      3.00000 para top(01)
Mensaje D / 00:00:00:011 / decision(02) / ... para top(01)
Mensaje Y / 00:00:00:011 / top(01) / home_command /      3.00000 para Root(00)
Mensaje D / 00:00:00:011 / top(01) / ... para Root(00)
Mensaje X / 00:00:00:013 / Root(00) / done_homing /      3.00000 para top(01)
Mensaje X / 00:00:00:013 / top(01) / done_homing /      3.00000 para decision(02)
Mensaje D / 00:00:00:013 / decision(02) / ... para top(01)
Mensaje D / 00:00:00:013 / top(01) / ... para Root(00)
Mensaje X / 00:00:00:020 / Root(00) / usercommand / 2005009.00000 para top(01)
Mensaje X / 00:00:00:020 / top(01) / usercommand / 2005009.00000 para decision(02)
Mensaje D / 00:00:00:020 / decision(02) / ... para top(01)
Mensaje D / 00:00:00:020 / top(01) / ... para Root(00)
Mensaje X / 00:00:00:025 / Root(00) / usercommand / 3165298.00000 para top(01)
Mensaje X / 00:00:00:025 / top(01) / usercommand / 3165298.00000 para decision(02)
Mensaje D / 00:00:00:025 / decision(02) / ... para top(01)
Mensaje D / 00:00:00:025 / top(01) / ... para Root(00)
Mensaje X / 00:00:01:000 / Root(00) / usercommand / 1149099.00000 para top(01)
Mensaje X / 00:00:01:000 / top(01) / usercommand / 1149099.00000 para decision(02)
Mensaje D / 00:00:01:000 / decision(02) / 00:00:00:000 para top(01)
Mensaje D / 00:00:01:000 / top(01) / 00:00:00:000 para Root(00)
Mensaje * / 00:00:01:000 / Root(00) para top(01)
Mensaje * / 00:00:01:000 / top(01) para decision(02)
Mensaje Y / 00:00:01:000 / decision(02) / home_command /      1.00000 para top(01)
Mensaje D / 00:00:01:000 / decision(02) / ... para top(01)
Mensaje Y / 00:00:01:000 / top(01) / home_command /      1.00000 para Root(00)
Mensaje D / 00:00:01:000 / top(01) / ... para Root(00)
Mensaje X / 00:00:01:036 / Root(00) / done_homing /      1.00000 para top(01)
Mensaje X / 00:00:01:036 / top(01) / done_homing /      1.00000 para decision(02)
Mensaje D / 00:00:01:036 / decision(02) / ... para top(01)
Mensaje D / 00:00:01:036 / top(01) / ... para Root(00)
Mensaje X / 00:00:02:000 / Root(00) / usercommand / 2045354.00000 para top(01)
Mensaje X / 00:00:02:000 / top(01) / usercommand / 2045354.00000 para decision(02)
Mensaje D / 00:00:02:000 / decision(02) / 00:00:00:000 para top(01)
Mensaje D / 00:00:02:000 / top(01) / 00:00:00:000 para Root(00)
Mensaje * / 00:00:02:000 / Root(00) para top(01)
Mensaje * / 00:00:02:000 / top(01) para decision(02)
Mensaje Y / 00:00:02:000 / decision(02) / motion_command / 2045354.00000 para top(01)
Mensaje D / 00:00:02:000 / decision(02) / ... para top(01)
Mensaje Y / 00:00:02:000 / top(01) / motion_command / 2045354.00000 para Root(00)
Mensaje D / 00:00:02:000 / top(01) / ... para Root(00)
Mensaje X / 00:00:02:010 / Root(00) / done_motion /      2.00000 para top(01)
Mensaje X / 00:00:02:010 / top(01) / done_motion /      2.00000 para decision(02)
Mensaje D / 00:00:02:010 / decision(02) / ... para top(01)
Mensaje D / 00:00:02:010 / top(01) / ... para Root(00)
Mensaje X / 00:00:02:020 / Root(00) / usercommand / 2121044.00000 para top(01)
Mensaje X / 00:00:02:020 / top(01) / usercommand / 2121044.00000 para decision(02)
Mensaje D / 00:00:02:020 / decision(02) / 00:00:00:000 para top(01)
Mensaje D / 00:00:02:020 / top(01) / 00:00:00:000 para Root(00)
Mensaje * / 00:00:02:020 / Root(00) para top(01)
Mensaje * / 00:00:02:020 / top(01) para decision(02)
Mensaje Y / 00:00:02:020 / decision(02) / motion_command / 2121044.00000 para top(01)
Mensaje D / 00:00:02:020 / decision(02) / ... para top(01)
Mensaje Y / 00:00:02:020 / top(01) / motion_command / 2121044.00000 para Root(00)
Mensaje D / 00:00:02:020 / top(01) / ... para Root(00)
Mensaje X / 00:00:02:030 / Root(00) / done_motion /      2.00000 para top(01)
Mensaje X / 00:00:02:030 / top(01) / done_motion /      2.00000 para decision(02)
Mensaje D / 00:00:02:030 / decision(02) / ... para top(01)
Mensaje D / 00:00:02:030 / top(01) / ... para Root(00)
Mensaje X / 00:00:02:045 / Root(00) / usercommand / 2242242.00000 para top(01)
Mensaje X / 00:00:02:045 / top(01) / usercommand / 2242242.00000 para decision(02)
Mensaje D / 00:00:02:045 / decision(02) / 00:00:00:000 para top(01)
Mensaje D / 00:00:02:045 / top(01) / 00:00:00:000 para Root(00)
Mensaje * / 00:00:02:045 / Root(00) para top(01)
Mensaje * / 00:00:02:045 / top(01) para decision(02)
Mensaje Y / 00:00:02:045 / decision(02) / motion_command / 2242242.00000 para top(01)
Mensaje D / 00:00:02:045 / decision(02) / ... para top(01)
Mensaje Y / 00:00:02:045 / top(01) / motion_command / 2242242.00000 para Root(00)
Mensaje D / 00:00:02:045 / top(01) / ... para Root(00)
Mensaje X / 00:00:02:057 / Root(00) / done_motion /      2.00000 para top(01)
Mensaje X / 00:00:02:057 / top(01) / done_motion /      2.00000 para decision(02)
Mensaje D / 00:00:02:057 / decision(02) / ... para top(01)
Mensaje D / 00:00:02:057 / top(01) / ... para Root(00)
Mensaje X / 00:00:03:000 / Root(00) / usercommand / 2144046.00000 para top(01)
Mensaje X / 00:00:03:000 / top(01) / usercommand / 2144046.00000 para decision(02)
Mensaje D / 00:00:03:000 / decision(02) / 00:00:00:000 para top(01)
Mensaje D / 00:00:03:000 / top(01) / 00:00:00:000 para Root(00)
Mensaje * / 00:00:03:000 / Root(00) para top(01)
Mensaje * / 00:00:03:000 / top(01) para decision(02)
Mensaje Y / 00:00:03:000 / decision(02) / motion_command / 2144046.00000 para top(01)
Mensaje D / 00:00:03:000 / decision(02) / ... para top(01)
Mensaje Y / 00:00:03:000 / top(01) / motion_command / 2144046.00000 para Root(00)
Mensaje D / 00:00:03:000 / top(01) / ... para Root(00)
Mensaje X / 00:00:03:010 / Root(00) / usercommand / 2045086.00000 para top(01)
Mensaje X / 00:00:03:010 / top(01) / usercommand / 2045086.00000 para decision(02)
Mensaje D / 00:00:03:010 / decision(02) / ... para top(01)
Mensaje D / 00:00:03:010 / top(01) / ... para Root(00)
Mensaje X / 00:00:03:020 / Root(00) / usercommand / 2165003.00000 para top(01)
Mensaje X / 00:00:03:020 / top(01) / usercommand / 2165003.00000 para decision(02)
Mensaje D / 00:00:03:020 / decision(02) / ... para top(01)
Mensaje D / 00:00:03:020 / top(01) / ... para Root(00)
Mensaje X / 00:00:03:030 / Root(00) / done_motion /      2.00000 para top(01)
Mensaje X / 00:00:03:030 / top(01) / done_motion /      2.00000 para decision(02)
Mensaje D / 00:00:03:030 / decision(02) / ... para top(01)
Mensaje D / 00:00:03:030 / top(01) / ... para Root(00)
Mensaje X / 00:00:03:050 / Root(00) / usercommand / 2005003.00000 para top(01)
Mensaje X / 00:00:03:050 / top(01) / usercommand / 2005003.00000 para decision(02)
Mensaje D / 00:00:03:050 / decision(02) / 00:00:00:000 para top(01)
Mensaje D / 00:00:03:050 / top(01) / 00:00:00:000 para Root(00)
Mensaje * / 00:00:03:050 / Root(00) para top(01)
Mensaje * / 00:00:03:050 / top(01) para decision(02)
Mensaje Y / 00:00:03:050 / decision(02) / motion_command / 2005003.00000 para top(01)
Mensaje D / 00:00:03:050 / decision(02) / ... para top(01)
Mensaje Y / 00:00:03:050 / top(01) / motion_command / 2005003.00000 para Root(00)
Mensaje D / 00:00:03:050 / top(01) / ... para Root(00)
Mensaje X / 00:00:03:056 / Root(00) / done_motion /      2.00000 para top(01)
Mensaje X / 00:00:03:056 / top(01) / done_motion /      2.00000 para decision(02)
Mensaje D / 00:00:03:056 / decision(02) / ... para top(01)
Mensaje D / 00:00:03:056 / top(01) / ... para Root(00)
Mensaje X / 00:00:04:000 / Root(00) / usercommand / 3167252.00000 para top(01)
Mensaje X / 00:00:04:000 / top(01) / usercommand / 3167252.00000 para decision(02)
Mensaje D / 00:00:04:000 / decision(02) / ... para top(01)
Mensaje D / 00:00:04:000 / top(01) / ... para Root(00)
Mensaje X / 00:00:05:000 / Root(00) / usercommand / 2333053.00000 para top(01)
Mensaje X / 00:00:05:000 / top(01) / usercommand / 2333053.00000 para decision(02)
Mensaje D / 00:00:05:000 / decision(02) / 00:00:00:000 para top(01)
Mensaje D / 00:00:05:000 / top(01) / 00:00:00:000 para Root(00)
Mensaje * / 00:00:05:000 / Root(00) para top(01)
Mensaje * / 00:00:05:000 / top(01) para decision(02)
Mensaje Y / 00:00:05:000 / decision(02) / motion_command / 2333053.00000 para top(01)
Mensaje D / 00:00:05:000 / decision(02) / ... para top(01)
Mensaje Y / 00:00:05:000 / top(01) / motion_command / 2333053.00000 para Root(00)
Mensaje D / 00:00:05:000 / top(01) / ... para Root(00)
Mensaje X / 00:00:05:010 / Root(00) / usercommand / 3124223.00000 para top(01)
Mensaje X / 00:00:05:010 / top(01) / usercommand / 3124223.00000 para decision(02)
Mensaje D / 00:00:05:010 / decision(02) / 00:00:00:000 para top(01)
Mensaje D / 00:00:05:010 / top(01) / 00:00:00:000 para Root(00)
Mensaje * / 00:00:05:010 / Root(00) para top(01)
Mensaje * / 00:00:05:010 / top(01) para decision(02)
Mensaje Y / 00:00:05:010 / decision(02) / motion_command / 3124223.00000 para top(01)
Mensaje D / 00:00:05:010 / decision(02) / ... para top(01)
Mensaje Y / 00:00:05:010 / top(01) / motion_command / 3124223.00000 para Root(00)
Mensaje D / 00:00:05:010 / top(01) / ... para Root(00)
Mensaje X / 00:00:05:011 / Root(00) / done_motion /      3.00000 para top(01)
Mensaje X / 00:00:05:011 / top(01) / done_motion /      3.00000 para decision(02)
Mensaje D / 00:00:05:011 / decision(02) / ... para top(01)
Mensaje D / 00:00:05:011 / top(01) / ... para Root(00)
Mensaje X / 00:00:06:000 / Root(00) / usercommand / 2344214.00000 para top(01)
Mensaje X / 00:00:06:000 / top(01) / usercommand / 2344214.00000 para decision(02)
Mensaje D / 00:00:06:000 / decision(02) / 00:00:00:000 para top(01)
Mensaje D / 00:00:06:000 / top(01) / 00:00:00:000 para Root(00)
Mensaje * / 00:00:06:000 / Root(00) para top(01)
Mensaje * / 00:00:06:000 / top(01) para decision(02)
Mensaje Y / 00:00:06:000 / decision(02) / motion_command / 2344214.00000 para top(01)
Mensaje D / 00:00:06:000 / decision(02) / ... para top(01)
Mensaje Y / 00:00:06:000 / top(01) / motion_command / 2344214.00000 para Root(00)
Mensaje D / 00:00:06:000 / top(01) / ... para Root(00)
Mensaje X / 00:00:06:010 / Root(00) / done_motion /      2.00000 para top(01)
Mensaje X / 00:00:06:010 / top(01) / done_motion /      2.00000 para decision(02)
Mensaje D / 00:00:06:010 / decision(02) / ... para top(01)
Mensaje D / 00:00:06:010 / top(01) / ... para Root(00)
Mensaje X / 00:00:07:000 / Root(00) / usercommand / 3119121.00000 para top(01)
Mensaje X / 00:00:07:000 / top(01) / usercommand / 3119121.00000 para decision(02)
Mensaje D / 00:00:07:000 / decision(02) / ... para top(01)
Mensaje D / 00:00:07:000 / top(01) / ... para Root(00)
Mensaje X / 00:00:08:000 / Root(00) / usercommand / 2347003.00000 para top(01)
Mensaje X / 00:00:08:000 / top(01) / usercommand / 2347003.00000 para decision(02)
Mensaje D / 00:00:08:000 / decision(02) / 00:00:00:000 para top(01)
Mensaje D / 00:00:08:000 / top(01) / 00:00:00:000 para Root(00)
Mensaje * / 00:00:08:000 / Root(00) para top(01)
Mensaje * / 00:00:08:000 / top(01) para decision(02)
Mensaje Y / 00:00:08:000 / decision(02) / motion_command / 2347003.00000 para top(01)
Mensaje D / 00:00:08:000 / decision(02) / ... para top(01)
Mensaje Y / 00:00:08:000 / top(01) / motion_command / 2347003.00000 para Root(00)
Mensaje D / 00:00:08:000 / top(01) / ... para Root(00)
Mensaje X / 00:00:08:015 / Root(00) / done_motion /      2.00000 para top(01)
Mensaje X / 00:00:08:015 / top(01) / done_motion /      2.00000 para decision(02)
Mensaje D / 00:00:08:015 / decision(02) / ... para top(01)
Mensaje D / 00:00:08:015 / top(01) / ... para Root(00)
Mensaje X / 00:00:09:000 / Root(00) / usercommand / 30323148.00000 para top(01)
Mensaje X / 00:00:09:000 / top(01) / usercommand / 30323148.00000 para decision(02)
Mensaje D / 00:00:09:000 / decision(02) / ... para top(01)
Mensaje D / 00:00:09:000 / top(01) / ... para Root(00)
