Mensaje I / 00:00:00:000 / Root(00) para top(01)
Mensaje I / 00:00:00:000 / top(01) para joint2(02)
Mensaje D / 00:00:00:000 / joint2(02) / ... para top(01)
Mensaje D / 00:00:00:000 / top(01) / ... para Root(00)
Mensaje X / 00:00:01:000 / Root(00) / homing /      1.00000 para top(01)
Mensaje X / 00:00:01:000 / top(01) / homing /      1.00000 para joint2(02)
Mensaje D / 00:00:01:000 / joint2(02) / 00:00:00:180 para top(01)
Mensaje D / 00:00:01:000 / top(01) / 00:00:00:180 para Root(00)
Mensaje X / 00:00:01:001 / Root(00) / homing /      3.00000 para top(01)
Mensaje X / 00:00:01:001 / top(01) / homing /      3.00000 para joint2(02)
Mensaje D / 00:00:01:001 / joint2(02) / 00:00:00:000 para top(01)
Mensaje D / 00:00:01:001 / top(01) / 00:00:00:000 para Root(00)
Mensaje * / 00:00:01:001 / Root(00) para top(01)
Mensaje * / 00:00:01:001 / top(01) para joint2(02)
Mensaje Y / 00:00:01:001 / joint2(02) / done /      3.00000 para top(01)
Mensaje D / 00:00:01:001 / joint2(02) / ... para top(01)
Mensaje Y / 00:00:01:001 / top(01) / done /      3.00000 para Root(00)
Mensaje D / 00:00:01:001 / top(01) / ... para Root(00)
Mensaje X / 00:00:03:000 / Root(00) / homing /      3.00000 para top(01)
Mensaje X / 00:00:03:000 / top(01) / homing /      3.00000 para joint2(02)
Mensaje D / 00:00:03:000 / joint2(02) / 00:00:00:000 para top(01)
Mensaje D / 00:00:03:000 / top(01) / 00:00:00:000 para Root(00)
Mensaje * / 00:00:03:000 / Root(00) para top(01)
Mensaje * / 00:00:03:000 / top(01) para joint2(02)
Mensaje Y / 00:00:03:000 / joint2(02) / done /      3.00000 para top(01)
Mensaje D / 00:00:03:000 / joint2(02) / ... para top(01)
Mensaje Y / 00:00:03:000 / top(01) / done /      3.00000 para Root(00)
Mensaje D / 00:00:03:000 / top(01) / ... para Root(00)
Mensaje X / 00:00:04:000 / Root(00) / homing /      3.00000 para top(01)
Mensaje X / 00:00:04:000 / top(01) / homing /      3.00000 para joint2(02)
Mensaje D / 00:00:04:000 / joint2(02) / 00:00:00:000 para top(01)
Mensaje D / 00:00:04:000 / top(01) / 00:00:00:000 para Root(00)
Mensaje * / 00:00:04:000 / Root(00) para top(01)
Mensaje * / 00:00:04:000 / top(01) para joint2(02)
Mensaje Y / 00:00:04:000 / joint2(02) / done /      3.00000 para top(01)
Mensaje D / 00:00:04:000 / joint2(02) / ... para top(01)
Mensaje Y / 00:00:04:000 / top(01) / done /      3.00000 para Root(00)
Mensaje D / 00:00:04:000 / top(01) / ... para Root(00)
Mensaje X / 00:00:05:000 / Root(00) / homing /      1.00000 para top(01)
Mensaje X / 00:00:05:000 / top(01) / homing /      1.00000 para joint2(02)
Mensaje D / 00:00:05:000 / joint2(02) / 00:00:00:180 para top(01)
Mensaje D / 00:00:05:000 / top(01) / 00:00:00:180 para Root(00)
Mensaje * / 00:00:05:180 / Root(00) para top(01)
Mensaje * / 00:00:05:180 / top(01) para joint2(02)
Mensaje Y / 00:00:05:180 / joint2(02) / done /      1.00000 para top(01)
Mensaje D / 00:00:05:180 / joint2(02) / ... para top(01)
Mensaje Y / 00:00:05:180 / top(01) / done /      1.00000 para Root(00)
Mensaje D / 00:00:05:180 / top(01) / ... para Root(00)
Mensaje X / 00:00:06:000 / Root(00) / homing /      1.00000 para top(01)
Mensaje X / 00:00:06:000 / top(01) / homing /      1.00000 para joint2(02)
Mensaje D / 00:00:06:000 / joint2(02) / 00:00:00:000 para top(01)
Mensaje D / 00:00:06:000 / top(01) / 00:00:00:000 para Root(00)
Mensaje * / 00:00:06:000 / Root(00) para top(01)
Mensaje * / 00:00:06:000 / top(01) para joint2(02)
Mensaje Y / 00:00:06:000 / joint2(02) / done /      1.00000 para top(01)
Mensaje D / 00:00:06:000 / joint2(02) / ... para top(01)
Mensaje Y / 00:00:06:000 / top(01) / done /      1.00000 para Root(00)
Mensaje D / 00:00:06:000 / top(01) / ... para Root(00)
Mensaje X / 00:00:07:000 / Root(00) / homing /      3.00000 para top(01)
Mensaje X / 00:00:07:000 / top(01) / homing /      3.00000 para joint2(02)
Mensaje D / 00:00:07:000 / joint2(02) / 00:00:00:000 para top(01)
Mensaje D / 00:00:07:000 / top(01) / 00:00:00:000 para Root(00)
Mensaje * / 00:00:07:000 / Root(00) para top(01)
Mensaje * / 00:00:07:000 / top(01) para joint2(02)
Mensaje Y / 00:00:07:000 / joint2(02) / done /      1.00000 para top(01)
Mensaje D / 00:00:07:000 / joint2(02) / ... para top(01)
Mensaje Y / 00:00:07:000 / top(01) / done /      1.00000 para Root(00)
Mensaje D / 00:00:07:000 / top(01) / ... para Root(00)
Mensaje X / 00:00:08:000 / Root(00) / homing /      1.00000 para top(01)
Mensaje X / 00:00:08:000 / top(01) / homing /      1.00000 para joint2(02)
Mensaje D / 00:00:08:000 / joint2(02) / 00:00:00:000 para top(01)
Mensaje D / 00:00:08:000 / top(01) / 00:00:00:000 para Root(00)
Mensaje * / 00:00:08:000 / Root(00) para top(01)
Mensaje * / 00:00:08:000 / top(01) para joint2(02)
Mensaje Y / 00:00:08:000 / joint2(02) / done /      1.00000 para top(01)
Mensaje D / 00:00:08:000 / joint2(02) / ... para top(01)
Mensaje Y / 00:00:08:000 / top(01) / done /      1.00000 para Root(00)
Mensaje D / 00:00:08:000 / top(01) / ... para Root(00)
Mensaje X / 00:00:09:000 / Root(00) / homing /      3.00000 para top(01)
Mensaje X / 00:00:09:000 / top(01) / homing /      3.00000 para joint2(02)
Mensaje D / 00:00:09:000 / joint2(02) / 00:00:00:000 para top(01)
Mensaje D / 00:00:09:000 / top(01) / 00:00:00:000 para Root(00)
Mensaje * / 00:00:09:000 / Root(00) para top(01)
Mensaje * / 00:00:09:000 / top(01) para joint2(02)
Mensaje Y / 00:00:09:000 / joint2(02) / done /      1.00000 para top(01)
Mensaje D / 00:00:09:000 / joint2(02) / ... para top(01)
Mensaje Y / 00:00:09:000 / top(01) / done /      1.00000 para Root(00)
Mensaje D / 00:00:09:000 / top(01) / ... para Root(00)
