Mensaje I / 00:00:00:000 / Root(00) para top(01)
Mensaje I / 00:00:00:000 / top(01) para motion(02)
Mensaje D / 00:00:00:000 / motion(02) / ... para top(01)
Mensaje D / 00:00:00:000 / top(01) / ... para Root(00)
Mensaje X / 00:00:01:000 / Root(00) / command / 2121121.00000 para top(01)
Mensaje X / 00:00:01:000 / top(01) / command / 2121121.00000 para motion(02)
Mensaje D / 00:00:01:000 / motion(02) / 00:00:00:121 para top(01)
Mensaje D / 00:00:01:000 / top(01) / 00:00:00:121 para Root(00)
Mensaje * / 00:00:01:121 / Root(00) para top(01)
Mensaje * / 00:00:01:121 / top(01) para motion(02)
Mensaje Y / 00:00:01:121 / motion(02) / done /      2.00000 para top(01)
Mensaje Y / 00:00:01:121 / motion(02) / j1_position /    121.00000 para top(01)
Mensaje Y / 00:00:01:121 / motion(02) / j2_position /    121.00000 para top(01)
Mensaje D / 00:00:01:121 / motion(02) / ... para top(01)
Mensaje Y / 00:00:01:121 / top(01) / done /      2.00000 para Root(00)
Mensaje Y / 00:00:01:121 / top(01) / j1_position /    121.00000 para Root(00)
Mensaje Y / 00:00:01:121 / top(01) / j2_position /    121.00000 para Root(00)
Mensaje D / 00:00:01:121 / top(01) / ... para Root(00)
Mensaje X / 00:00:05:000 / Root(00) / command / 2145111.00000 para top(01)
Mensaje X / 00:00:05:000 / top(01) / command / 2145111.00000 para motion(02)
Mensaje D / 00:00:05:000 / motion(02) / 00:00:00:145 para top(01)
Mensaje D / 00:00:05:000 / top(01) / 00:00:00:145 para Root(00)
Mensaje X / 00:00:05:011 / Root(00) / command / 3154115.00000 para top(01)
Mensaje X / 00:00:05:011 / top(01) / command / 3154115.00000 para motion(02)
Mensaje D / 00:00:05:011 / motion(02) / 00:00:00:000 para top(01)
Mensaje D / 00:00:05:011 / top(01) / 00:00:00:000 para Root(00)
Mensaje * / 00:00:05:011 / Root(00) para top(01)
Mensaje * / 00:00:05:011 / top(01) para motion(02)
Mensaje Y / 00:00:05:011 / motion(02) / done /      3.00000 para top(01)
Mensaje D / 00:00:05:011 / motion(02) / ... para top(01)
Mensaje Y / 00:00:05:011 / top(01) / done /      3.00000 para Root(00)
Mensaje D / 00:00:05:011 / top(01) / ... para Root(00)
Mensaje X / 00:00:10:000 / Root(00) / command / 2032090.00000 para top(01)
Mensaje X / 00:00:10:000 / top(01) / command / 2032090.00000 para motion(02)
Mensaje D / 00:00:10:000 / motion(02) / 00:00:00:090 para top(01)
Mensaje D / 00:00:10:000 / top(01) / 00:00:00:090 para Root(00)
Mensaje * / 00:00:10:090 / Root(00) para top(01)
Mensaje * / 00:00:10:090 / top(01) para motion(02)
Mensaje Y / 00:00:10:090 / motion(02) / done /      2.00000 para top(01)
Mensaje Y / 00:00:10:090 / motion(02) / j1_position /     32.00000 para top(01)
Mensaje Y / 00:00:10:090 / motion(02) / j2_position /     90.00000 para top(01)
Mensaje D / 00:00:10:090 / motion(02) / ... para top(01)
Mensaje Y / 00:00:10:090 / top(01) / done /      2.00000 para Root(00)
Mensaje Y / 00:00:10:090 / top(01) / j1_position /     32.00000 para Root(00)
Mensaje Y / 00:00:10:090 / top(01) / j2_position /     90.00000 para Root(00)
Mensaje D / 00:00:10:090 / top(01) / ... para Root(00)
Mensaje X / 00:00:15:000 / Root(00) / command / 2180010.00000 para top(01)
Mensaje X / 00:00:15:000 / top(01) / command / 2180010.00000 para motion(02)
Mensaje D / 00:00:15:000 / motion(02) / 00:00:00:180 para top(01)
Mensaje D / 00:00:15:000 / top(01) / 00:00:00:180 para Root(00)
Mensaje * / 00:00:15:180 / Root(00) para top(01)
Mensaje * / 00:00:15:180 / top(01) para motion(02)
Mensaje Y / 00:00:15:180 / motion(02) / done /      2.00000 para top(01)
Mensaje Y / 00:00:15:180 / motion(02) / j1_position /    180.00000 para top(01)
Mensaje Y / 00:00:15:180 / motion(02) / j2_position /     10.00000 para top(01)
Mensaje D / 00:00:15:180 / motion(02) / ... para top(01)
Mensaje Y / 00:00:15:180 / top(01) / done /      2.00000 para Root(00)
Mensaje Y / 00:00:15:180 / top(01) / j1_position /    180.00000 para Root(00)
Mensaje Y / 00:00:15:180 / top(01) / j2_position /     10.00000 para Root(00)
Mensaje D / 00:00:15:180 / top(01) / ... para Root(00)
Mensaje X / 00:00:20:001 / Root(00) / command / 2242123.00000 para top(01)
Mensaje X / 00:00:20:001 / top(01) / command / 2242123.00000 para motion(02)
Mensaje D / 00:00:20:001 / motion(02) / 00:00:00:242 para top(01)
Mensaje D / 00:00:20:001 / top(01) / 00:00:00:242 para Root(00)
Mensaje * / 00:00:20:243 / Root(00) para top(01)
Mensaje * / 00:00:20:243 / top(01) para motion(02)
Mensaje Y / 00:00:20:243 / motion(02) / done /      2.00000 para top(01)
Mensaje Y / 00:00:20:243 / motion(02) / j1_position /    242.00000 para top(01)
Mensaje Y / 00:00:20:243 / motion(02) / j2_position /    123.00000 para top(01)
Mensaje D / 00:00:20:243 / motion(02) / ... para top(01)
Mensaje Y / 00:00:20:243 / top(01) / done /      2.00000 para Root(00)
Mensaje Y / 00:00:20:243 / top(01) / j1_position /    242.00000 para Root(00)
Mensaje Y / 00:00:20:243 / top(01) / j2_position /    123.00000 para Root(00)
Mensaje D / 00:00:20:243 / top(01) / ... para Root(00)
Mensaje X / 00:00:25:000 / Root(00) / command / 2005002.00000 para top(01)
Mensaje X / 00:00:25:000 / top(01) / command / 2005002.00000 para motion(02)
Mensaje D / 00:00:25:000 / motion(02) / 00:00:00:005 para top(01)
Mensaje D / 00:00:25:000 / top(01) / 00:00:00:005 para Root(00)
Mensaje * / 00:00:25:005 / Root(00) para top(01)
Mensaje * / 00:00:25:005 / top(01) para motion(02)
Mensaje Y / 00:00:25:005 / motion(02) / done /      2.00000 para top(01)
Mensaje Y / 00:00:25:005 / motion(02) / j1_position /      5.00000 para top(01)
Mensaje Y / 00:00:25:005 / motion(02) / j2_position /      2.00000 para top(01)
Mensaje D / 00:00:25:005 / motion(02) / ... para top(01)
Mensaje Y / 00:00:25:005 / top(01) / done /      2.00000 para Root(00)
Mensaje Y / 00:00:25:005 / top(01) / j1_position /      5.00000 para Root(00)
Mensaje Y / 00:00:25:005 / top(01) / j2_position /      2.00000 para Root(00)
Mensaje D / 00:00:25:005 / top(01) / ... para Root(00)
Mensaje X / 00:00:30:000 / Root(00) / command / 2270009.00000 para top(01)
Mensaje X / 00:00:30:000 / top(01) / command / 2270009.00000 para motion(02)
Mensaje D / 00:00:30:000 / motion(02) / 00:00:00:270 para top(01)
Mensaje D / 00:00:30:000 / top(01) / 00:00:00:270 para Root(00)
Mensaje * / 00:00:30:270 / Root(00) para top(01)
Mensaje * / 00:00:30:270 / top(01) para motion(02)
Mensaje Y / 00:00:30:270 / motion(02) / done /      2.00000 para top(01)
Mensaje Y / 00:00:30:270 / motion(02) / j1_position /    270.00000 para top(01)
Mensaje Y / 00:00:30:270 / motion(02) / j2_position /      9.00000 para top(01)
Mensaje D / 00:00:30:270 / motion(02) / ... para top(01)
Mensaje Y / 00:00:30:270 / top(01) / done /      2.00000 para Root(00)
Mensaje Y / 00:00:30:270 / top(01) / j1_position /    270.00000 para Root(00)
Mensaje Y / 00:00:30:270 / top(01) / j2_position /      9.00000 para Root(00)
Mensaje D / 00:00:30:270 / top(01) / ... para Root(00)
Mensaje X / 00:00:35:000 / Root(00) / command / 3111115.00000 para top(01)
Mensaje X / 00:00:35:000 / top(01) / command / 3111115.00000 para motion(02)
Mensaje D / 00:00:35:000 / motion(02) / 00:00:00:000 para top(01)
Mensaje D / 00:00:35:000 / top(01) / 00:00:00:000 para Root(00)
Mensaje * / 00:00:35:000 / Root(00) para top(01)
Mensaje * / 00:00:35:000 / top(01) para motion(02)
Mensaje Y / 00:00:35:000 / motion(02) / done /      3.00000 para top(01)
Mensaje D / 00:00:35:000 / motion(02) / ... para top(01)
Mensaje Y / 00:00:35:000 / top(01) / done /      3.00000 para Root(00)
Mensaje D / 00:00:35:000 / top(01) / ... para Root(00)
Mensaje X / 00:00:40:000 / Root(00) / command / 2120045.00000 para top(01)
Mensaje X / 00:00:40:000 / top(01) / command / 2120045.00000 para motion(02)
Mensaje D / 00:00:40:000 / motion(02) / 00:00:00:120 para top(01)
Mensaje D / 00:00:40:000 / top(01) / 00:00:00:120 para Root(00)
Mensaje * / 00:00:40:120 / Root(00) para top(01)
Mensaje * / 00:00:40:120 / top(01) para motion(02)
Mensaje Y / 00:00:40:120 / motion(02) / done /      2.00000 para top(01)
Mensaje Y / 00:00:40:120 / motion(02) / j1_position /    120.00000 para top(01)
Mensaje Y / 00:00:40:120 / motion(02) / j2_position /     45.00000 para top(01)
Mensaje D / 00:00:40:120 / motion(02) / ... para top(01)
Mensaje Y / 00:00:40:120 / top(01) / done /      2.00000 para Root(00)
Mensaje Y / 00:00:40:120 / top(01) / j1_position /    120.00000 para Root(00)
Mensaje Y / 00:00:40:120 / top(01) / j2_position /     45.00000 para Root(00)
Mensaje D / 00:00:40:120 / top(01) / ... para Root(00)
Mensaje X / 00:00:45:000 / Root(00) / command / 3545544.00000 para top(01)
Mensaje X / 00:00:45:000 / top(01) / command / 3545544.00000 para motion(02)
Mensaje D / 00:00:45:000 / motion(02) / 00:00:00:000 para top(01)
Mensaje D / 00:00:45:000 / top(01) / 00:00:00:000 para Root(00)
Mensaje * / 00:00:45:000 / Root(00) para top(01)
Mensaje * / 00:00:45:000 / top(01) para motion(02)
Mensaje Y / 00:00:45:000 / motion(02) / done /      3.00000 para top(01)
Mensaje D / 00:00:45:000 / motion(02) / ... para top(01)
Mensaje Y / 00:00:45:000 / top(01) / done /      3.00000 para Root(00)
Mensaje D / 00:00:45:000 / top(01) / ... para Root(00)
Mensaje X / 00:00:50:000 / Root(00) / command / 2133035.00000 para top(01)
Mensaje X / 00:00:50:000 / top(01) / command / 2133035.00000 para motion(02)
Mensaje D / 00:00:50:000 / motion(02) / 00:00:00:400 para top(01)
Mensaje D / 00:00:50:000 / top(01) / 00:00:00:400 para Root(00)
Mensaje * / 00:00:50:400 / Root(00) para top(01)
Mensaje * / 00:00:50:400 / top(01) para motion(02)
Mensaje Y / 00:00:50:400 / motion(02) / efficiency /     88.00000 para top(01)
Mensaje Y / 00:00:50:400 / motion(02) / done /      9.00000 para top(01)
Mensaje D / 00:00:50:400 / motion(02) / ... para top(01)
Mensaje Y / 00:00:50:400 / top(01) / efficiency /     88.00000 para Root(00)
Mensaje Y / 00:00:50:400 / top(01) / done /      9.00000 para Root(00)
Mensaje D / 00:00:50:400 / top(01) / ... para Root(00)
Mensaje X / 00:00:55:000 / Root(00) / command / 2235008.00000 para top(01)
Mensaje X / 00:00:55:000 / top(01) / command / 2235008.00000 para motion(02)
Mensaje D / 00:00:55:000 / motion(02) / 00:00:00:235 para top(01)
Mensaje D / 00:00:55:000 / top(01) / 00:00:00:235 para Root(00)
Mensaje * / 00:00:55:235 / Root(00) para top(01)
Mensaje * / 00:00:55:235 / top(01) para motion(02)
Mensaje Y / 00:00:55:235 / motion(02) / done /      2.00000 para top(01)
Mensaje Y / 00:00:55:235 / motion(02) / j1_position /    235.00000 para top(01)
Mensaje Y / 00:00:55:235 / motion(02) / j2_position /      8.00000 para top(01)
Mensaje D / 00:00:55:235 / motion(02) / ... para top(01)
Mensaje Y / 00:00:55:235 / top(01) / done /      2.00000 para Root(00)
Mensaje Y / 00:00:55:235 / top(01) / j1_position /    235.00000 para Root(00)
Mensaje Y / 00:00:55:235 / top(01) / j2_position /      8.00000 para Root(00)
Mensaje D / 00:00:55:235 / top(01) / ... para Root(00)
Mensaje X / 00:01:00:000 / Root(00) / command / 2193098.00000 para top(01)
Mensaje X / 00:01:00:000 / top(01) / command / 2193098.00000 para motion(02)
Mensaje D / 00:01:00:000 / motion(02) / 00:00:00:193 para top(01)
Mensaje D / 00:01:00:000 / top(01) / 00:00:00:193 para Root(00)
Mensaje * / 00:01:00:193 / Root(00) para top(01)
Mensaje * / 00:01:00:193 / top(01) para motion(02)
Mensaje Y / 00:01:00:193 / motion(02) / done /      2.00000 para top(01)
Mensaje Y / 00:01:00:193 / motion(02) / j1_position /    193.00000 para top(01)
Mensaje Y / 00:01:00:193 / motion(02) / j2_position /     98.00000 para top(01)
Mensaje D / 00:01:00:193 / motion(02) / ... para top(01)
Mensaje Y / 00:01:00:193 / top(01) / done /      2.00000 para Root(00)
Mensaje Y / 00:01:00:193 / top(01) / j1_position /    193.00000 para Root(00)
Mensaje Y / 00:01:00:193 / top(01) / j2_position /     98.00000 para Root(00)
Mensaje D / 00:01:00:193 / top(01) / ... para Root(00)
Mensaje X / 00:01:05:000 / Root(00) / command / 2045076.00000 para top(01)
Mensaje X / 00:01:05:000 / top(01) / command / 2045076.00000 para motion(02)
Mensaje D / 00:01:05:000 / motion(02) / 00:00:00:076 para top(01)
Mensaje D / 00:01:05:000 / top(01) / 00:00:00:076 para Root(00)
Mensaje * / 00:01:05:076 / Root(00) para top(01)
Mensaje * / 00:01:05:076 / top(01) para motion(02)
Mensaje Y / 00:01:05:076 / motion(02) / done /      2.00000 para top(01)
Mensaje Y / 00:01:05:076 / motion(02) / j1_position /     45.00000 para top(01)
Mensaje Y / 00:01:05:076 / motion(02) / j2_position /     76.00000 para top(01)
Mensaje D / 00:01:05:076 / motion(02) / ... para top(01)
Mensaje Y / 00:01:05:076 / top(01) / done /      2.00000 para Root(00)
Mensaje Y / 00:01:05:076 / top(01) / j1_position /     45.00000 para Root(00)
Mensaje Y / 00:01:05:076 / top(01) / j2_position /     76.00000 para Root(00)
Mensaje D / 00:01:05:076 / top(01) / ... para Root(00)
Mensaje X / 00:01:08:000 / Root(00) / command / 2033028.00000 para top(01)
Mensaje X / 00:01:08:000 / top(01) / command / 2033028.00000 para motion(02)
Mensaje D / 00:01:08:000 / motion(02) / 00:00:00:033 para top(01)
Mensaje D / 00:01:08:000 / top(01) / 00:00:00:033 para Root(00)
Mensaje * / 00:01:08:033 / Root(00) para top(01)
Mensaje * / 00:01:08:033 / top(01) para motion(02)
Mensaje Y / 00:01:08:033 / motion(02) / done /      2.00000 para top(01)
Mensaje Y / 00:01:08:033 / motion(02) / j1_position /     33.00000 para top(01)
Mensaje Y / 00:01:08:033 / motion(02) / j2_position /     28.00000 para top(01)
Mensaje D / 00:01:08:033 / motion(02) / ... para top(01)
Mensaje Y / 00:01:08:033 / top(01) / done /      2.00000 para Root(00)
Mensaje Y / 00:01:08:033 / top(01) / j1_position /     33.00000 para Root(00)
Mensaje Y / 00:01:08:033 / top(01) / j2_position /     28.00000 para Root(00)
Mensaje D / 00:01:08:033 / top(01) / ... para Root(00)
Mensaje X / 00:01:10:000 / Root(00) / command / 2098048.00000 para top(01)
Mensaje X / 00:01:10:000 / top(01) / command / 2098048.00000 para motion(02)
Mensaje D / 00:01:10:000 / motion(02) / 00:00:00:098 para top(01)
Mensaje D / 00:01:10:000 / top(01) / 00:00:00:098 para Root(00)
Mensaje * / 00:01:10:098 / Root(00) para top(01)
Mensaje * / 00:01:10:098 / top(01) para motion(02)
Mensaje Y / 00:01:10:098 / motion(02) / done /      2.00000 para top(01)
Mensaje Y / 00:01:10:098 / motion(02) / j1_position /     98.00000 para top(01)
Mensaje Y / 00:01:10:098 / motion(02) / j2_position /     48.00000 para top(01)
Mensaje D / 00:01:10:098 / motion(02) / ... para top(01)
Mensaje Y / 00:01:10:098 / top(01) / done /      2.00000 para Root(00)
Mensaje Y / 00:01:10:098 / top(01) / j1_position /     98.00000 para Root(00)
Mensaje Y / 00:01:10:098 / top(01) / j2_position /     48.00000 para Root(00)
Mensaje D / 00:01:10:098 / top(01) / ... para Root(00)
Mensaje X / 00:01:14:000 / Root(00) / command / 2156289.00000 para top(01)
Mensaje X / 00:01:14:000 / top(01) / command / 2156289.00000 para motion(02)
Mensaje D / 00:01:14:000 / motion(02) / 00:00:00:289 para top(01)
Mensaje D / 00:01:14:000 / top(01) / 00:00:00:289 para Root(00)
Mensaje * / 00:01:14:289 / Root(00) para top(01)
Mensaje * / 00:01:14:289 / top(01) para motion(02)
Mensaje Y / 00:01:14:289 / motion(02) / done /      2.00000 para top(01)
Mensaje Y / 00:01:14:289 / motion(02) / j1_position /    156.00000 para top(01)
Mensaje Y / 00:01:14:289 / motion(02) / j2_position /    289.00000 para top(01)
Mensaje D / 00:01:14:289 / motion(02) / ... para top(01)
Mensaje Y / 00:01:14:289 / top(01) / done /      2.00000 para Root(00)
Mensaje Y / 00:01:14:289 / top(01) / j1_position /    156.00000 para Root(00)
Mensaje Y / 00:01:14:289 / top(01) / j2_position /    289.00000 para Root(00)
Mensaje D / 00:01:14:289 / top(01) / ... para Root(00)
Mensaje X / 00:01:18:000 / Root(00) / command / 2354219.00000 para top(01)
Mensaje X / 00:01:18:000 / top(01) / command / 2354219.00000 para motion(02)
Mensaje D / 00:01:18:000 / motion(02) / 00:00:00:354 para top(01)
Mensaje D / 00:01:18:000 / top(01) / 00:00:00:354 para Root(00)
Mensaje * / 00:01:18:354 / Root(00) para top(01)
Mensaje * / 00:01:18:354 / top(01) para motion(02)
Mensaje Y / 00:01:18:354 / motion(02) / done /      2.00000 para top(01)
Mensaje Y / 00:01:18:354 / motion(02) / j1_position /    354.00000 para top(01)
Mensaje Y / 00:01:18:354 / motion(02) / j2_position /    219.00000 para top(01)
Mensaje D / 00:01:18:354 / motion(02) / ... para top(01)
Mensaje Y / 00:01:18:354 / top(01) / done /      2.00000 para Root(00)
Mensaje Y / 00:01:18:354 / top(01) / j1_position /    354.00000 para Root(00)
Mensaje Y / 00:01:18:354 / top(01) / j2_position /    219.00000 para Root(00)
Mensaje D / 00:01:18:354 / top(01) / ... para Root(00)
Mensaje X / 00:01:22:000 / Root(00) / command / 2012099.00000 para top(01)
Mensaje X / 00:01:22:000 / top(01) / command / 2012099.00000 para motion(02)
Mensaje D / 00:01:22:000 / motion(02) / 00:00:00:099 para top(01)
Mensaje D / 00:01:22:000 / top(01) / 00:00:00:099 para Root(00)
Mensaje * / 00:01:22:099 / Root(00) para top(01)
Mensaje * / 00:01:22:099 / top(01) para motion(02)
Mensaje Y / 00:01:22:099 / motion(02) / done /      2.00000 para top(01)
Mensaje Y / 00:01:22:099 / motion(02) / j1_position /     12.00000 para top(01)
Mensaje Y / 00:01:22:099 / motion(02) / j2_position /     99.00000 para top(01)
Mensaje D / 00:01:22:099 / motion(02) / ... para top(01)
Mensaje Y / 00:01:22:099 / top(01) / done /      2.00000 para Root(00)
Mensaje Y / 00:01:22:099 / top(01) / j1_position /     12.00000 para Root(00)
Mensaje Y / 00:01:22:099 / top(01) / j2_position /     99.00000 para Root(00)
Mensaje D / 00:01:22:099 / top(01) / ... para Root(00)
Mensaje X / 00:01:25:000 / Root(00) / command / 2003000.00000 para top(01)
Mensaje X / 00:01:25:000 / top(01) / command / 2003000.00000 para motion(02)
Mensaje D / 00:01:25:000 / motion(02) / 00:00:00:003 para top(01)
Mensaje D / 00:01:25:000 / top(01) / 00:00:00:003 para Root(00)
Mensaje * / 00:01:25:003 / Root(00) para top(01)
Mensaje * / 00:01:25:003 / top(01) para motion(02)
Mensaje Y / 00:01:25:003 / motion(02) / done /      2.00000 para top(01)
Mensaje Y / 00:01:25:003 / motion(02) / j1_position /      3.00000 para top(01)
Mensaje Y / 00:01:25:003 / motion(02) / j2_position /      0.00000 para top(01)
Mensaje D / 00:01:25:003 / motion(02) / ... para top(01)
Mensaje Y / 00:01:25:003 / top(01) / done /      2.00000 para Root(00)
Mensaje Y / 00:01:25:003 / top(01) / j1_position /      3.00000 para Root(00)
Mensaje Y / 00:01:25:003 / top(01) / j2_position /      0.00000 para Root(00)
Mensaje D / 00:01:25:003 / top(01) / ... para Root(00)
