Mensaje I / 00:00:00:000 / Root(00) para top(01)
Mensaje I / 00:00:00:000 / top(01) para decision(02)
Mensaje I / 00:00:00:000 / top(01) para motion(03)
Mensaje D / 00:00:00:000 / decision(02) / ... para top(01)
Mensaje D / 00:00:00:000 / motion(03) / ... para top(01)
Mensaje D / 00:00:00:000 / top(01) / ... para Root(00)
Mensaje X / 00:00:01:000 / Root(00) / input_command / 10345345.00000 para top(01)
Mensaje X / 00:00:01:000 / top(01) / usercommand / 10345345.00000 para decision(02)
Mensaje D / 00:00:01:000 / decision(02) / ... para top(01)
Mensaje D / 00:00:01:000 / top(01) / ... para Root(00)
Mensaje X / 00:00:02:000 / Root(00) / done /      1.00000 para top(01)
Mensaje X / 00:00:02:000 / top(01) / done_homing /      1.00000 para decision(02)
Mensaje D / 00:00:02:000 / decision(02) / ... para top(01)
Mensaje D / 00:00:02:000 / top(01) / ... para Root(00)
Mensaje X / 00:00:03:000 / Root(00) / input_command / 2102209.00000 para top(01)
Mensaje X / 00:00:03:000 / top(01) / usercommand / 2102209.00000 para decision(02)
Mensaje D / 00:00:03:000 / decision(02) / 00:00:00:000 para top(01)
Mensaje D / 00:00:03:000 / top(01) / 00:00:00:000 para Root(00)
Mensaje * / 00:00:03:000 / Root(00) para top(01)
Mensaje * / 00:00:03:000 / top(01) para decision(02)
Mensaje Y / 00:00:03:000 / decision(02) / motion_command / 2102209.00000 para top(01)
Mensaje D / 00:00:03:000 / decision(02) / ... para top(01)
Mensaje X / 00:00:03:000 / top(01) / command / 2102209.00000 para motion(03)
Mensaje D / 00:00:03:000 / motion(03) / 00:00:00:209 para top(01)
Mensaje D / 00:00:03:000 / top(01) / 00:00:00:209 para Root(00)
Mensaje * / 00:00:03:209 / Root(00) para top(01)
Mensaje * / 00:00:03:209 / top(01) para motion(03)
Mensaje Y / 00:00:03:209 / motion(03) / done /      2.00000 para top(01)
Mensaje Y / 00:00:03:209 / motion(03) / j1_position /    102.00000 para top(01)
Mensaje Y / 00:00:03:209 / motion(03) / j2_position /    209.00000 para top(01)
Mensaje D / 00:00:03:209 / motion(03) / ... para top(01)
Mensaje X / 00:00:03:209 / top(01) / done_motion /      2.00000 para decision(02)
Mensaje Y / 00:00:03:209 / top(01) / outj1_pos /    102.00000 para Root(00)
Mensaje Y / 00:00:03:209 / top(01) / outj2_pos /    209.00000 para Root(00)
Mensaje D / 00:00:03:209 / decision(02) / ... para top(01)
Mensaje D / 00:00:03:209 / top(01) / ... para Root(00)
Mensaje X / 00:00:04:000 / Root(00) / input_command / 3167245.00000 para top(01)
Mensaje X / 00:00:04:000 / top(01) / usercommand / 3167245.00000 para decision(02)
Mensaje D / 00:00:04:000 / decision(02) / ... para top(01)
Mensaje D / 00:00:04:000 / top(01) / ... para Root(00)
Mensaje X / 00:00:05:000 / Root(00) / input_command / 2212120.00000 para top(01)
Mensaje X / 00:00:05:000 / top(01) / usercommand / 2212120.00000 para decision(02)
Mensaje D / 00:00:05:000 / decision(02) / 00:00:00:000 para top(01)
Mensaje D / 00:00:05:000 / top(01) / 00:00:00:000 para Root(00)
Mensaje * / 00:00:05:000 / Root(00) para top(01)
Mensaje * / 00:00:05:000 / top(01) para decision(02)
Mensaje Y / 00:00:05:000 / decision(02) / motion_command / 2212120.00000 para top(01)
Mensaje D / 00:00:05:000 / decision(02) / ... para top(01)
Mensaje X / 00:00:05:000 / top(01) / command / 2212120.00000 para motion(03)
Mensaje D / 00:00:05:000 / motion(03) / 00:00:00:212 para top(01)
Mensaje D / 00:00:05:000 / top(01) / 00:00:00:212 para Root(00)
Mensaje * / 00:00:05:212 / Root(00) para top(01)
Mensaje * / 00:00:05:212 / top(01) para motion(03)
Mensaje Y / 00:00:05:212 / motion(03) / done /      2.00000 para top(01)
Mensaje Y / 00:00:05:212 / motion(03) / j1_position /    212.00000 para top(01)
Mensaje Y / 00:00:05:212 / motion(03) / j2_position /    120.00000 para top(01)
Mensaje D / 00:00:05:212 / motion(03) / ... para top(01)
Mensaje X / 00:00:05:212 / top(01) / done_motion /      2.00000 para decision(02)
Mensaje Y / 00:00:05:212 / top(01) / outj1_pos /    212.00000 para Root(00)
Mensaje Y / 00:00:05:212 / top(01) / outj2_pos /    120.00000 para Root(00)
Mensaje D / 00:00:05:212 / decision(02) / ... para top(01)
Mensaje D / 00:00:05:212 / top(01) / ... para Root(00)
Mensaje X / 00:00:06:000 / Root(00) / input_command / 2132214.00000 para top(01)
Mensaje X / 00:00:06:000 / top(01) / usercommand / 2132214.00000 para decision(02)
Mensaje D / 00:00:06:000 / decision(02) / 00:00:00:000 para top(01)
Mensaje D / 00:00:06:000 / top(01) / 00:00:00:000 para Root(00)
Mensaje * / 00:00:06:000 / Root(00) para top(01)
Mensaje * / 00:00:06:000 / top(01) para decision(02)
Mensaje Y / 00:00:06:000 / decision(02) / motion_command / 2132214.00000 para top(01)
Mensaje D / 00:00:06:000 / decision(02) / ... para top(01)
Mensaje X / 00:00:06:000 / top(01) / command / 2132214.00000 para motion(03)
Mensaje D / 00:00:06:000 / motion(03) / 00:00:00:214 para top(01)
Mensaje D / 00:00:06:000 / top(01) / 00:00:00:214 para Root(00)
Mensaje * / 00:00:06:214 / Root(00) para top(01)
Mensaje * / 00:00:06:214 / top(01) para motion(03)
Mensaje Y / 00:00:06:214 / motion(03) / done /      2.00000 para top(01)
Mensaje Y / 00:00:06:214 / motion(03) / j1_position /    132.00000 para top(01)
Mensaje Y / 00:00:06:214 / motion(03) / j2_position /    214.00000 para top(01)
Mensaje D / 00:00:06:214 / motion(03) / ... para top(01)
Mensaje X / 00:00:06:214 / top(01) / done_motion /      2.00000 para decision(02)
Mensaje Y / 00:00:06:214 / top(01) / outj1_pos /    132.00000 para Root(00)
Mensaje Y / 00:00:06:214 / top(01) / outj2_pos /    214.00000 para Root(00)
Mensaje D / 00:00:06:214 / decision(02) / ... para top(01)
Mensaje D / 00:00:06:214 / top(01) / ... para Root(00)
Mensaje X / 00:00:07:005 / Root(00) / input_command / 3111111.00000 para top(01)
Mensaje X / 00:00:07:005 / top(01) / usercommand / 3111111.00000 para decision(02)
Mensaje D / 00:00:07:005 / decision(02) / ... para top(01)
Mensaje D / 00:00:07:005 / top(01) / ... para Root(00)
Mensaje X / 00:00:08:000 / Root(00) / input_command / 2259006.00000 para top(01)
Mensaje X / 00:00:08:000 / top(01) / usercommand / 2259006.00000 para decision(02)
Mensaje D / 00:00:08:000 / decision(02) / 00:00:00:000 para top(01)
Mensaje D / 00:00:08:000 / top(01) / 00:00:00:000 para Root(00)
Mensaje * / 00:00:08:000 / Root(00) para top(01)
Mensaje * / 00:00:08:000 / top(01) para decision(02)
Mensaje Y / 00:00:08:000 / decision(02) / motion_command / 2259006.00000 para top(01)
Mensaje D / 00:00:08:000 / decision(02) / ... para top(01)
Mensaje X / 00:00:08:000 / top(01) / command / 2259006.00000 para motion(03)
Mensaje D / 00:00:08:000 / motion(03) / 00:00:00:259 para top(01)
Mensaje D / 00:00:08:000 / top(01) / 00:00:00:259 para Root(00)
Mensaje * / 00:00:08:259 / Root(00) para top(01)
Mensaje * / 00:00:08:259 / top(01) para motion(03)
Mensaje Y / 00:00:08:259 / motion(03) / done /      2.00000 para top(01)
Mensaje Y / 00:00:08:259 / motion(03) / j1_position /    259.00000 para top(01)
Mensaje Y / 00:00:08:259 / motion(03) / j2_position /      6.00000 para top(01)
Mensaje D / 00:00:08:259 / motion(03) / ... para top(01)
Mensaje X / 00:00:08:259 / top(01) / done_motion /      2.00000 para decision(02)
Mensaje Y / 00:00:08:259 / top(01) / outj1_pos /    259.00000 para Root(00)
Mensaje Y / 00:00:08:259 / top(01) / outj2_pos /      6.00000 para Root(00)
Mensaje D / 00:00:08:259 / decision(02) / ... para top(01)
Mensaje D / 00:00:08:259 / top(01) / ... para Root(00)
Mensaje X / 00:00:09:000 / Root(00) / input_command / 2078350.00000 para top(01)
Mensaje X / 00:00:09:000 / top(01) / usercommand / 2078350.00000 para decision(02)
Mensaje D / 00:00:09:000 / decision(02) / 00:00:00:000 para top(01)
Mensaje D / 00:00:09:000 / top(01) / 00:00:00:000 para Root(00)
Mensaje * / 00:00:09:000 / Root(00) para top(01)
Mensaje * / 00:00:09:000 / top(01) para decision(02)
Mensaje Y / 00:00:09:000 / decision(02) / motion_command / 2078350.00000 para top(01)
Mensaje D / 00:00:09:000 / decision(02) / ... para top(01)
Mensaje X / 00:00:09:000 / top(01) / command / 2078350.00000 para motion(03)
Mensaje D / 00:00:09:000 / motion(03) / 00:00:00:350 para top(01)
Mensaje D / 00:00:09:000 / top(01) / 00:00:00:350 para Root(00)
Mensaje * / 00:00:09:350 / Root(00) para top(01)
Mensaje * / 00:00:09:350 / top(01) para motion(03)
Mensaje Y / 00:00:09:350 / motion(03) / done /      2.00000 para top(01)
Mensaje Y / 00:00:09:350 / motion(03) / j1_position /     78.00000 para top(01)
Mensaje Y / 00:00:09:350 / motion(03) / j2_position /    350.00000 para top(01)
Mensaje D / 00:00:09:350 / motion(03) / ... para top(01)
Mensaje X / 00:00:09:350 / top(01) / done_motion /      2.00000 para decision(02)
Mensaje Y / 00:00:09:350 / top(01) / outj1_pos /     78.00000 para Root(00)
Mensaje Y / 00:00:09:350 / top(01) / outj2_pos /    350.00000 para Root(00)
Mensaje D / 00:00:09:350 / decision(02) / ... para top(01)
Mensaje D / 00:00:09:350 / top(01) / ... para Root(00)
