Mensaje I / 00:00:00:000 / Root(00) para top(01)
Mensaje I / 00:00:00:000 / top(01) para motion(02)
Mensaje D / 00:00:00:000 / motion(02) / ... para top(01)
Mensaje D / 00:00:00:000 / top(01) / ... para Root(00)
Mensaje X / 00:00:00:000 / Root(00) / command / 2250338.00000 para top(01)
Mensaje X / 00:00:00:000 / top(01) / command / 2250338.00000 para motion(02)
Mensaje D / 00:00:00:000 / motion(02) / 00:00:00:338 para top(01)
Mensaje D / 00:00:00:000 / top(01) / 00:00:00:338 para Root(00)
Mensaje * / 00:00:00:338 / Root(00) para top(01)
Mensaje * / 00:00:00:338 / top(01) para motion(02)
Mensaje Y / 00:00:00:338 / motion(02) / done /      2.00000 para top(01)
Mensaje Y / 00:00:00:338 / motion(02) / j1_position /    250.00000 para top(01)
Mensaje Y / 00:00:00:338 / motion(02) / j2_position /    338.00000 para top(01)
Mensaje D / 00:00:00:338 / motion(02) / ... para top(01)
Mensaje Y / 00:00:00:338 / top(01) / done /      2.00000 para Root(00)
Mensaje Y / 00:00:00:338 / top(01) / j1_position /    250.00000 para Root(00)
Mensaje Y / 00:00:00:338 / top(01) / j2_position /    338.00000 para Root(00)
Mensaje D / 00:00:00:338 / top(01) / ... para Root(00)
Mensaje X / 00:00:01:000 / Root(00) / command / 2034033.00000 para top(01)
Mensaje X / 00:00:01:000 / top(01) / command / 2034033.00000 para motion(02)
Mensaje D / 00:00:01:000 / motion(02) / 00:00:00:034 para top(01)
Mensaje D / 00:00:01:000 / top(01) / 00:00:00:034 para Root(00)
Mensaje * / 00:00:01:034 / Root(00) para top(01)
Mensaje * / 00:00:01:034 / top(01) para motion(02)
Mensaje Y / 00:00:01:034 / motion(02) / done /      2.00000 para top(01)
Mensaje Y / 00:00:01:034 / motion(02) / j1_position /     34.00000 para top(01)
Mensaje Y / 00:00:01:034 / motion(02) / j2_position /     33.00000 para top(01)
Mensaje D / 00:00:01:034 / motion(02) / ... para top(01)
Mensaje Y / 00:00:01:034 / top(01) / done /      2.00000 para Root(00)
Mensaje Y / 00:00:01:034 / top(01) / j1_position /     34.00000 para Root(00)
Mensaje Y / 00:00:01:034 / top(01) / j2_position /     33.00000 para Root(00)
Mensaje D / 00:00:01:034 / top(01) / ... para Root(00)
Mensaje X / 00:00:02:000 / Root(00) / command / 2061230.00000 para top(01)
Mensaje X / 00:00:02:000 / top(01) / command / 2061230.00000 para motion(02)
Mensaje D / 00:00:02:000 / motion(02) / 00:00:00:230 para top(01)
Mensaje D / 00:00:02:000 / top(01) / 00:00:00:230 para Root(00)
Mensaje * / 00:00:02:230 / Root(00) para top(01)
Mensaje * / 00:00:02:230 / top(01) para motion(02)
Mensaje Y / 00:00:02:230 / motion(02) / done /      2.00000 para top(01)
Mensaje Y / 00:00:02:230 / motion(02) / j1_position /     61.00000 para top(01)
Mensaje Y / 00:00:02:230 / motion(02) / j2_position /    230.00000 para top(01)
Mensaje D / 00:00:02:230 / motion(02) / ... para top(01)
Mensaje Y / 00:00:02:230 / top(01) / done /      2.00000 para Root(00)
Mensaje Y / 00:00:02:230 / top(01) / j1_position /     61.00000 para Root(00)
Mensaje Y / 00:00:02:230 / top(01) / j2_position /    230.00000 para Root(00)
Mensaje D / 00:00:02:230 / top(01) / ... para Root(00)
Mensaje X / 00:00:03:000 / Root(00) / command / 2280353.00000 para top(01)
Mensaje X / 00:00:03:000 / top(01) / command / 2280353.00000 para motion(02)
Mensaje D / 00:00:03:000 / motion(02) / 00:00:00:353 para top(01)
Mensaje D / 00:00:03:000 / top(01) / 00:00:00:353 para Root(00)
Mensaje * / 00:00:03:353 / Root(00) para top(01)
Mensaje * / 00:00:03:353 / top(01) para motion(02)
Mensaje Y / 00:00:03:353 / motion(02) / done /      2.00000 para top(01)
Mensaje Y / 00:00:03:353 / motion(02) / j1_position /    280.00000 para top(01)
Mensaje Y / 00:00:03:353 / motion(02) / j2_position /    353.00000 para top(01)
Mensaje D / 00:00:03:353 / motion(02) / ... para top(01)
Mensaje Y / 00:00:03:353 / top(01) / done /      2.00000 para Root(00)
Mensaje Y / 00:00:03:353 / top(01) / j1_position /    280.00000 para Root(00)
Mensaje Y / 00:00:03:353 / top(01) / j2_position /    353.00000 para Root(00)
Mensaje D / 00:00:03:353 / top(01) / ... para Root(00)
Mensaje X / 00:00:04:000 / Root(00) / command / 2192286.00000 para top(01)
Mensaje X / 00:00:04:000 / top(01) / command / 2192286.00000 para motion(02)
Mensaje D / 00:00:04:000 / motion(02) / 00:00:00:286 para top(01)
Mensaje D / 00:00:04:000 / top(01) / 00:00:00:286 para Root(00)
Mensaje * / 00:00:04:286 / Root(00) para top(01)
Mensaje * / 00:00:04:286 / top(01) para motion(02)
Mensaje Y / 00:00:04:286 / motion(02) / done /      2.00000 para top(01)
Mensaje Y / 00:00:04:286 / motion(02) / j1_position /    192.00000 para top(01)
Mensaje Y / 00:00:04:286 / motion(02) / j2_position /    286.00000 para top(01)
Mensaje D / 00:00:04:286 / motion(02) / ... para top(01)
Mensaje Y / 00:00:04:286 / top(01) / done /      2.00000 para Root(00)
Mensaje Y / 00:00:04:286 / top(01) / j1_position /    192.00000 para Root(00)
Mensaje Y / 00:00:04:286 / top(01) / j2_position /    286.00000 para Root(00)
Mensaje D / 00:00:04:286 / top(01) / ... para Root(00)
Mensaje X / 00:00:05:000 / Root(00) / command / 2033020.00000 para top(01)
Mensaje X / 00:00:05:000 / top(01) / command / 2033020.00000 para motion(02)
Mensaje D / 00:00:05:000 / motion(02) / 00:00:00:033 para top(01)
Mensaje D / 00:00:05:000 / top(01) / 00:00:00:033 para Root(00)
Mensaje * / 00:00:05:033 / Root(00) para top(01)
Mensaje * / 00:00:05:033 / top(01) para motion(02)
Mensaje Y / 00:00:05:033 / motion(02) / done /      2.00000 para top(01)
Mensaje Y / 00:00:05:033 / motion(02) / j1_position /     33.00000 para top(01)
Mensaje Y / 00:00:05:033 / motion(02) / j2_position /     20.00000 para top(01)
Mensaje D / 00:00:05:033 / motion(02) / ... para top(01)
Mensaje Y / 00:00:05:033 / top(01) / done /      2.00000 para Root(00)
Mensaje Y / 00:00:05:033 / top(01) / j1_position /     33.00000 para Root(00)
Mensaje Y / 00:00:05:033 / top(01) / j2_position /     20.00000 para Root(00)
Mensaje D / 00:00:05:033 / top(01) / ... para Root(00)
Mensaje X / 00:00:06:000 / Root(00) / command / 2219322.00000 para top(01)
Mensaje X / 00:00:06:000 / top(01) / command / 2219322.00000 para motion(02)
Mensaje D / 00:00:06:000 / motion(02) / 00:00:00:322 para top(01)
Mensaje D / 00:00:06:000 / top(01) / 00:00:00:322 para Root(00)
Mensaje * / 00:00:06:322 / Root(00) para top(01)
Mensaje * / 00:00:06:322 / top(01) para motion(02)
Mensaje Y / 00:00:06:322 / motion(02) / done /      2.00000 para top(01)
Mensaje Y / 00:00:06:322 / motion(02) / j1_position /    219.00000 para top(01)
Mensaje Y / 00:00:06:322 / motion(02) / j2_position /    322.00000 para top(01)
Mensaje D / 00:00:06:322 / motion(02) / ... para top(01)
Mensaje Y / 00:00:06:322 / top(01) / done /      2.00000 para Root(00)
Mensaje Y / 00:00:06:322 / top(01) / j1_position /    219.00000 para Root(00)
Mensaje Y / 00:00:06:322 / top(01) / j2_position /    322.00000 para Root(00)
Mensaje D / 00:00:06:322 / top(01) / ... para Root(00)
Mensaje X / 00:00:07:000 / Root(00) / command / 2114202.00000 para top(01)
Mensaje X / 00:00:07:000 / top(01) / command / 2114202.00000 para motion(02)
Mensaje D / 00:00:07:000 / motion(02) / 00:00:00:202 para top(01)
Mensaje D / 00:00:07:000 / top(01) / 00:00:00:202 para Root(00)
Mensaje * / 00:00:07:202 / Root(00) para top(01)
Mensaje * / 00:00:07:202 / top(01) para motion(02)
Mensaje Y / 00:00:07:202 / motion(02) / done /      2.00000 para top(01)
Mensaje Y / 00:00:07:202 / motion(02) / j1_position /    114.00000 para top(01)
Mensaje Y / 00:00:07:202 / motion(02) / j2_position /    202.00000 para top(01)
Mensaje D / 00:00:07:202 / motion(02) / ... para top(01)
Mensaje Y / 00:00:07:202 / top(01) / done /      2.00000 para Root(00)
Mensaje Y / 00:00:07:202 / top(01) / j1_position /    114.00000 para Root(00)
Mensaje Y / 00:00:07:202 / top(01) / j2_position /    202.00000 para Root(00)
Mensaje D / 00:00:07:202 / top(01) / ... para Root(00)
Mensaje X / 00:00:08:000 / Root(00) / command / 2356009.00000 para top(01)
Mensaje X / 00:00:08:000 / top(01) / command / 2356009.00000 para motion(02)
Mensaje D / 00:00:08:000 / motion(02) / 00:00:00:356 para top(01)
Mensaje D / 00:00:08:000 / top(01) / 00:00:00:356 para Root(00)
Mensaje * / 00:00:08:356 / Root(00) para top(01)
Mensaje * / 00:00:08:356 / top(01) para motion(02)
Mensaje Y / 00:00:08:356 / motion(02) / done /      2.00000 para top(01)
Mensaje Y / 00:00:08:356 / motion(02) / j1_position /    356.00000 para top(01)
Mensaje Y / 00:00:08:356 / motion(02) / j2_position /      9.00000 para top(01)
Mensaje D / 00:00:08:356 / motion(02) / ... para top(01)
Mensaje Y / 00:00:08:356 / top(01) / done /      2.00000 para Root(00)
Mensaje Y / 00:00:08:356 / top(01) / j1_position /    356.00000 para Root(00)
Mensaje Y / 00:00:08:356 / top(01) / j2_position /      9.00000 para Root(00)
Mensaje D / 00:00:08:356 / top(01) / ... para Root(00)
Mensaje X / 00:00:09:000 / Root(00) / command / 2108088.00000 para top(01)
Mensaje X / 00:00:09:000 / top(01) / command / 2108088.00000 para motion(02)
Mensaje D / 00:00:09:000 / motion(02) / 00:00:00:108 para top(01)
Mensaje D / 00:00:09:000 / top(01) / 00:00:00:108 para Root(00)
Mensaje * / 00:00:09:108 / Root(00) para top(01)
Mensaje * / 00:00:09:108 / top(01) para motion(02)
Mensaje Y / 00:00:09:108 / motion(02) / done /      2.00000 para top(01)
Mensaje Y / 00:00:09:108 / motion(02) / j1_position /    108.00000 para top(01)
Mensaje Y / 00:00:09:108 / motion(02) / j2_position /     88.00000 para top(01)
Mensaje D / 00:00:09:108 / motion(02) / ... para top(01)
Mensaje Y / 00:00:09:108 / top(01) / done /      2.00000 para Root(00)
Mensaje Y / 00:00:09:108 / top(01) / j1_position /    108.00000 para Root(00)
Mensaje Y / 00:00:09:108 / top(01) / j2_position /     88.00000 para Root(00)
Mensaje D / 00:00:09:108 / top(01) / ... para Root(00)
Mensaje X / 00:00:10:000 / Root(00) / command / 2241141.00000 para top(01)
Mensaje X / 00:00:10:000 / top(01) / command / 2241141.00000 para motion(02)
Mensaje D / 00:00:10:000 / motion(02) / 00:00:00:241 para top(01)
Mensaje D / 00:00:10:000 / top(01) / 00:00:00:241 para Root(00)
Mensaje * / 00:00:10:241 / Root(00) para top(01)
Mensaje * / 00:00:10:241 / top(01) para motion(02)
Mensaje Y / 00:00:10:241 / motion(02) / done /      2.00000 para top(01)
Mensaje Y / 00:00:10:241 / motion(02) / j1_position /    241.00000 para top(01)
Mensaje Y / 00:00:10:241 / motion(02) / j2_position /    141.00000 para top(01)
Mensaje D / 00:00:10:241 / motion(02) / ... para top(01)
Mensaje Y / 00:00:10:241 / top(01) / done /      2.00000 para Root(00)
Mensaje Y / 00:00:10:241 / top(01) / j1_position /    241.00000 para Root(00)
Mensaje Y / 00:00:10:241 / top(01) / j2_position /    141.00000 para Root(00)
Mensaje D / 00:00:10:241 / top(01) / ... para Root(00)
Mensaje X / 00:00:11:000 / Root(00) / command / 2051243.00000 para top(01)
Mensaje X / 00:00:11:000 / top(01) / command / 2051243.00000 para motion(02)
Mensaje D / 00:00:11:000 / motion(02) / 00:00:00:243 para top(01)
Mensaje D / 00:00:11:000 / top(01) / 00:00:00:243 para Root(00)
Mensaje * / 00:00:11:243 / Root(00) para top(01)
Mensaje * / 00:00:11:243 / top(01) para motion(02)
Mensaje Y / 00:00:11:243 / motion(02) / done /      2.00000 para top(01)
Mensaje Y / 00:00:11:243 / motion(02) / j1_position /     51.00000 para top(01)
Mensaje Y / 00:00:11:243 / motion(02) / j2_position /    243.00000 para top(01)
Mensaje D / 00:00:11:243 / motion(02) / ... para top(01)
Mensaje Y / 00:00:11:243 / top(01) / done /      2.00000 para Root(00)
Mensaje Y / 00:00:11:243 / top(01) / j1_position /     51.00000 para Root(00)
Mensaje Y / 00:00:11:243 / top(01) / j2_position /    243.00000 para Root(00)
Mensaje D / 00:00:11:243 / top(01) / ... para Root(00)
Mensaje X / 00:00:12:000 / Root(00) / command / 2253285.00000 para top(01)
Mensaje X / 00:00:12:000 / top(01) / command / 2253285.00000 para motion(02)
Mensaje D / 00:00:12:000 / motion(02) / 00:00:00:400 para top(01)
Mensaje D / 00:00:12:000 / top(01) / 00:00:00:400 para Root(00)
Mensaje * / 00:00:12:400 / Root(00) para top(01)
Mensaje * / 00:00:12:400 / top(01) para motion(02)
Mensaje Y / 00:00:12:400 / motion(02) / efficiency /     92.00000 para top(01)
Mensaje Y / 00:00:12:400 / motion(02) / done /      9.00000 para top(01)
Mensaje D / 00:00:12:400 / motion(02) / ... para top(01)
Mensaje Y / 00:00:12:400 / top(01) / efficiency /     92.00000 para Root(00)
Mensaje Y / 00:00:12:400 / top(01) / done /      9.00000 para Root(00)
Mensaje D / 00:00:12:400 / top(01) / ... para Root(00)
Mensaje X / 00:00:13:000 / Root(00) / command / 2329304.00000 para top(01)
Mensaje X / 00:00:13:000 / top(01) / command / 2329304.00000 para motion(02)
Mensaje D / 00:00:13:000 / motion(02) / 00:00:00:329 para top(01)
Mensaje D / 00:00:13:000 / top(01) / 00:00:00:329 para Root(00)
Mensaje * / 00:00:13:329 / Root(00) para top(01)
Mensaje * / 00:00:13:329 / top(01) para motion(02)
Mensaje Y / 00:00:13:329 / motion(02) / done /      2.00000 para top(01)
Mensaje Y / 00:00:13:329 / motion(02) / j1_position /    329.00000 para top(01)
Mensaje Y / 00:00:13:329 / motion(02) / j2_position /    304.00000 para top(01)
Mensaje D / 00:00:13:329 / motion(02) / ... para top(01)
Mensaje Y / 00:00:13:329 / top(01) / done /      2.00000 para Root(00)
Mensaje Y / 00:00:13:329 / top(01) / j1_position /    329.00000 para Root(00)
Mensaje Y / 00:00:13:329 / top(01) / j2_position /    304.00000 para Root(00)
Mensaje D / 00:00:13:329 / top(01) / ... para Root(00)
Mensaje X / 00:00:14:000 / Root(00) / command / 2035132.00000 para top(01)
Mensaje X / 00:00:14:000 / top(01) / command / 2035132.00000 para motion(02)
Mensaje D / 00:00:14:000 / motion(02) / 00:00:00:132 para top(01)
Mensaje D / 00:00:14:000 / top(01) / 00:00:00:132 para Root(00)
Mensaje * / 00:00:14:132 / Root(00) para top(01)
Mensaje * / 00:00:14:132 / top(01) para motion(02)
Mensaje Y / 00:00:14:132 / motion(02) / done /      2.00000 para top(01)
Mensaje Y / 00:00:14:132 / motion(02) / j1_position /     35.00000 para top(01)
Mensaje Y / 00:00:14:132 / motion(02) / j2_position /    132.00000 para top(01)
Mensaje D / 00:00:14:132 / motion(02) / ... para top(01)
Mensaje Y / 00:00:14:132 / top(01) / done /      2.00000 para Root(00)
Mensaje Y / 00:00:14:132 / top(01) / j1_position /     35.00000 para Root(00)
Mensaje Y / 00:00:14:132 / top(01) / j2_position /    132.00000 para Root(00)
Mensaje D / 00:00:14:132 / top(01) / ... para Root(00)
Mensaje X / 00:00:15:000 / Root(00) / command / 2310342.00000 para top(01)
Mensaje X / 00:00:15:000 / top(01) / command / 2310342.00000 para motion(02)
Mensaje D / 00:00:15:000 / motion(02) / 00:00:00:342 para top(01)
Mensaje D / 00:00:15:000 / top(01) / 00:00:00:342 para Root(00)
Mensaje * / 00:00:15:342 / Root(00) para top(01)
Mensaje * / 00:00:15:342 / top(01) para motion(02)
Mensaje Y / 00:00:15:342 / motion(02) / done /      2.00000 para top(01)
Mensaje Y / 00:00:15:342 / motion(02) / j1_position /    310.00000 para top(01)
Mensaje Y / 00:00:15:342 / motion(02) / j2_position /    342.00000 para top(01)
Mensaje D / 00:00:15:342 / motion(02) / ... para top(01)
Mensaje Y / 00:00:15:342 / top(01) / done /      2.00000 para Root(00)
Mensaje Y / 00:00:15:342 / top(01) / j1_position /    310.00000 para Root(00)
Mensaje Y / 00:00:15:342 / top(01) / j2_position /    342.00000 para Root(00)
Mensaje D / 00:00:15:342 / top(01) / ... para Root(00)
Mensaje X / 00:00:16:000 / Root(00) / command / 2209136.00000 para top(01)
Mensaje X / 00:00:16:000 / top(01) / command / 2209136.00000 para motion(02)
Mensaje D / 00:00:16:000 / motion(02) / 00:00:00:209 para top(01)
Mensaje D / 00:00:16:000 / top(01) / 00:00:00:209 para Root(00)
Mensaje * / 00:00:16:209 / Root(00) para top(01)
Mensaje * / 00:00:16:209 / top(01) para motion(02)
Mensaje Y / 00:00:16:209 / motion(02) / done /      2.00000 para top(01)
Mensaje Y / 00:00:16:209 / motion(02) / j1_position /    209.00000 para top(01)
Mensaje Y / 00:00:16:209 / motion(02) / j2_position /    136.00000 para top(01)
Mensaje D / 00:00:16:209 / motion(02) / ... para top(01)
Mensaje Y / 00:00:16:209 / top(01) / done /      2.00000 para Root(00)
Mensaje Y / 00:00:16:209 / top(01) / j1_position /    209.00000 para Root(00)
Mensaje Y / 00:00:16:209 / top(01) / j2_position /    136.00000 para Root(00)
Mensaje D / 00:00:16:209 / top(01) / ... para Root(00)
Mensaje X / 00:00:17:000 / Root(00) / command / 2203258.00000 para top(01)
Mensaje X / 00:00:17:000 / top(01) / command / 2203258.00000 para motion(02)
Mensaje D / 00:00:17:000 / motion(02) / 00:00:00:258 para top(01)
Mensaje D / 00:00:17:000 / top(01) / 00:00:00:258 para Root(00)
Mensaje * / 00:00:17:258 / Root(00) para top(01)
Mensaje * / 00:00:17:258 / top(01) para motion(02)
Mensaje Y / 00:00:17:258 / motion(02) / done /      2.00000 para top(01)
Mensaje Y / 00:00:17:258 / motion(02) / j1_position /    203.00000 para top(01)
Mensaje Y / 00:00:17:258 / motion(02) / j2_position /    258.00000 para top(01)
Mensaje D / 00:00:17:258 / motion(02) / ... para top(01)
Mensaje Y / 00:00:17:258 / top(01) / done /      2.00000 para Root(00)
Mensaje Y / 00:00:17:258 / top(01) / j1_position /    203.00000 para Root(00)
Mensaje Y / 00:00:17:258 / top(01) / j2_position /    258.00000 para Root(00)
Mensaje D / 00:00:17:258 / top(01) / ... para Root(00)
Mensaje X / 00:00:18:000 / Root(00) / command / 2149118.00000 para top(01)
Mensaje X / 00:00:18:000 / top(01) / command / 2149118.00000 para motion(02)
Mensaje D / 00:00:18:000 / motion(02) / 00:00:00:149 para top(01)
Mensaje D / 00:00:18:000 / top(01) / 00:00:00:149 para Root(00)
Mensaje * / 00:00:18:149 / Root(00) para top(01)
Mensaje * / 00:00:18:149 / top(01) para motion(02)
Mensaje Y / 00:00:18:149 / motion(02) / done /      2.00000 para top(01)
Mensaje Y / 00:00:18:149 / motion(02) / j1_position /    149.00000 para top(01)
Mensaje Y / 00:00:18:149 / motion(02) / j2_position /    118.00000 para top(01)
Mensaje D / 00:00:18:149 / motion(02) / ... para top(01)
Mensaje Y / 00:00:18:149 / top(01) / done /      2.00000 para Root(00)
Mensaje Y / 00:00:18:149 / top(01) / j1_position /    149.00000 para Root(00)
Mensaje Y / 00:00:18:149 / top(01) / j2_position /    118.00000 para Root(00)
Mensaje D / 00:00:18:149 / top(01) / ... para Root(00)
Mensaje X / 00:00:19:000 / Root(00) / command / 2150218.00000 para top(01)
Mensaje X / 00:00:19:000 / top(01) / command / 2150218.00000 para motion(02)
Mensaje D / 00:00:19:000 / motion(02) / 00:00:00:218 para top(01)
Mensaje D / 00:00:19:000 / top(01) / 00:00:00:218 para Root(00)
Mensaje * / 00:00:19:218 / Root(00) para top(01)
Mensaje * / 00:00:19:218 / top(01) para motion(02)
Mensaje Y / 00:00:19:218 / motion(02) / done /      2.00000 para top(01)
Mensaje Y / 00:00:19:218 / motion(02) / j1_position /    150.00000 para top(01)
Mensaje Y / 00:00:19:218 / motion(02) / j2_position /    218.00000 para top(01)
Mensaje D / 00:00:19:218 / motion(02) / ... para top(01)
Mensaje Y / 00:00:19:218 / top(01) / done /      2.00000 para Root(00)
Mensaje Y / 00:00:19:218 / top(01) / j1_position /    150.00000 para Root(00)
Mensaje Y / 00:00:19:218 / top(01) / j2_position /    218.00000 para Root(00)
Mensaje D / 00:00:19:218 / top(01) / ... para Root(00)
Mensaje X / 00:00:20:000 / Root(00) / command / 2313058.00000 para top(01)
Mensaje X / 00:00:20:000 / top(01) / command / 2313058.00000 para motion(02)
Mensaje D / 00:00:20:000 / motion(02) / 00:00:00:313 para top(01)
Mensaje D / 00:00:20:000 / top(01) / 00:00:00:313 para Root(00)
Mensaje * / 00:00:20:313 / Root(00) para top(01)
Mensaje * / 00:00:20:313 / top(01) para motion(02)
Mensaje Y / 00:00:20:313 / motion(02) / done /      2.00000 para top(01)
Mensaje Y / 00:00:20:313 / motion(02) / j1_position /    313.00000 para top(01)
Mensaje Y / 00:00:20:313 / motion(02) / j2_position /     58.00000 para top(01)
Mensaje D / 00:00:20:313 / motion(02) / ... para top(01)
Mensaje Y / 00:00:20:313 / top(01) / done /      2.00000 para Root(00)
Mensaje Y / 00:00:20:313 / top(01) / j1_position /    313.00000 para Root(00)
Mensaje Y / 00:00:20:313 / top(01) / j2_position /     58.00000 para Root(00)
Mensaje D / 00:00:20:313 / top(01) / ... para Root(00)
Mensaje X / 00:00:21:000 / Root(00) / command / 2111350.00000 para top(01)
Mensaje X / 00:00:21:000 / top(01) / command / 2111350.00000 para motion(02)
Mensaje D / 00:00:21:000 / motion(02) / 00:00:00:350 para top(01)
Mensaje D / 00:00:21:000 / top(01) / 00:00:00:350 para Root(00)
Mensaje * / 00:00:21:350 / Root(00) para top(01)
Mensaje * / 00:00:21:350 / top(01) para motion(02)
Mensaje Y / 00:00:21:350 / motion(02) / done /      2.00000 para top(01)
Mensaje Y / 00:00:21:350 / motion(02) / j1_position /    111.00000 para top(01)
Mensaje Y / 00:00:21:350 / motion(02) / j2_position /    350.00000 para top(01)
Mensaje D / 00:00:21:350 / motion(02) / ... para top(01)
Mensaje Y / 00:00:21:350 / top(01) / done /      2.00000 para Root(00)
Mensaje Y / 00:00:21:350 / top(01) / j1_position /    111.00000 para Root(00)
Mensaje Y / 00:00:21:350 / top(01) / j2_position /    350.00000 para Root(00)
Mensaje D / 00:00:21:350 / top(01) / ... para Root(00)
Mensaje X / 00:00:22:000 / Root(00) / command / 2209309.00000 para top(01)
Mensaje X / 00:00:22:000 / top(01) / command / 2209309.00000 para motion(02)
Mensaje D / 00:00:22:000 / motion(02) / 00:00:00:309 para top(01)
Mensaje D / 00:00:22:000 / top(01) / 00:00:00:309 para Root(00)
Mensaje * / 00:00:22:309 / Root(00) para top(01)
Mensaje * / 00:00:22:309 / top(01) para motion(02)
Mensaje Y / 00:00:22:309 / motion(02) / done /      2.00000 para top(01)
Mensaje Y / 00:00:22:309 / motion(02) / j1_position /    209.00000 para top(01)
Mensaje Y / 00:00:22:309 / motion(02) / j2_position /    309.00000 para top(01)
Mensaje D / 00:00:22:309 / motion(02) / ... para top(01)
Mensaje Y / 00:00:22:309 / top(01) / done /      2.00000 para Root(00)
Mensaje Y / 00:00:22:309 / top(01) / j1_position /    209.00000 para Root(00)
Mensaje Y / 00:00:22:309 / top(01) / j2_position /    309.00000 para Root(00)
Mensaje D / 00:00:22:309 / top(01) / ... para Root(00)
Mensaje X / 00:00:23:000 / Root(00) / command / 2323245.00000 para top(01)
Mensaje X / 00:00:23:000 / top(01) / command / 2323245.00000 para motion(02)
Mensaje D / 00:00:23:000 / motion(02) / 00:00:00:323 para top(01)
Mensaje D / 00:00:23:000 / top(01) / 00:00:00:323 para Root(00)
Mensaje * / 00:00:23:323 / Root(00) para top(01)
Mensaje * / 00:00:23:323 / top(01) para motion(02)
Mensaje Y / 00:00:23:323 / motion(02) / done /      2.00000 para top(01)
Mensaje Y / 00:00:23:323 / motion(02) / j1_position /    323.00000 para top(01)
Mensaje Y / 00:00:23:323 / motion(02) / j2_position /    245.00000 para top(01)
Mensaje D / 00:00:23:323 / motion(02) / ... para top(01)
Mensaje Y / 00:00:23:323 / top(01) / done /      2.00000 para Root(00)
Mensaje Y / 00:00:23:323 / top(01) / j1_position /    323.00000 para Root(00)
Mensaje Y / 00:00:23:323 / top(01) / j2_position /    245.00000 para Root(00)
Mensaje D / 00:00:23:323 / top(01) / ... para Root(00)
Mensaje X / 00:00:24:000 / Root(00) / command / 2134074.00000 para top(01)
Mensaje X / 00:00:24:000 / top(01) / command / 2134074.00000 para motion(02)
Mensaje D / 00:00:24:000 / motion(02) / 00:00:00:134 para top(01)
Mensaje D / 00:00:24:000 / top(01) / 00:00:00:134 para Root(00)
Mensaje * / 00:00:24:134 / Root(00) para top(01)
Mensaje * / 00:00:24:134 / top(01) para motion(02)
Mensaje Y / 00:00:24:134 / motion(02) / done /      2.00000 para top(01)
Mensaje Y / 00:00:24:134 / motion(02) / j1_position /    134.00000 para top(01)
Mensaje Y / 00:00:24:134 / motion(02) / j2_position /     74.00000 para top(01)
Mensaje D / 00:00:24:134 / motion(02) / ... para top(01)
Mensaje Y / 00:00:24:134 / top(01) / done /      2.00000 para Root(00)
Mensaje Y / 00:00:24:134 / top(01) / j1_position /    134.00000 para Root(00)
Mensaje Y / 00:00:24:134 / top(01) / j2_position /     74.00000 para Root(00)
Mensaje D / 00:00:24:134 / top(01) / ... para Root(00)
Mensaje X / 00:00:25:000 / Root(00) / command / 2155072.00000 para top(01)
Mensaje X / 00:00:25:000 / top(01) / command / 2155072.00000 para motion(02)
Mensaje D / 00:00:25:000 / motion(02) / 00:00:00:155 para top(01)
Mensaje D / 00:00:25:000 / top(01) / 00:00:00:155 para Root(00)
Mensaje * / 00:00:25:155 / Root(00) para top(01)
Mensaje * / 00:00:25:155 / top(01) para motion(02)
Mensaje Y / 00:00:25:155 / motion(02) / done /      2.00000 para top(01)
Mensaje Y / 00:00:25:155 / motion(02) / j1_position /    155.00000 para top(01)
Mensaje Y / 00:00:25:155 / motion(02) / j2_position /     72.00000 para top(01)
Mensaje D / 00:00:25:155 / motion(02) / ... para top(01)
Mensaje Y / 00:00:25:155 / top(01) / done /      2.00000 para Root(00)
Mensaje Y / 00:00:25:155 / top(01) / j1_position /    155.00000 para Root(00)
Mensaje Y / 00:00:25:155 / top(01) / j2_position /     72.00000 para Root(00)
Mensaje D / 00:00:25:155 / top(01) / ... para Root(00)
Mensaje X / 00:00:26:000 / Root(00) / command / 2027052.00000 para top(01)
Mensaje X / 00:00:26:000 / top(01) / command / 2027052.00000 para motion(02)
Mensaje D / 00:00:26:000 / motion(02) / 00:00:00:052 para top(01)
Mensaje D / 00:00:26:000 / top(01) / 00:00:00:052 para Root(00)
Mensaje * / 00:00:26:052 / Root(00) para top(01)
Mensaje * / 00:00:26:052 / top(01) para motion(02)
Mensaje Y / 00:00:26:052 / motion(02) / done /      2.00000 para top(01)
Mensaje Y / 00:00:26:052 / motion(02) / j1_position /     27.00000 para top(01)
Mensaje Y / 00:00:26:052 / motion(02) / j2_position /     52.00000 para top(01)
Mensaje D / 00:00:26:052 / motion(02) / ... para top(01)
Mensaje Y / 00:00:26:052 / top(01) / done /      2.00000 para Root(00)
Mensaje Y / 00:00:26:052 / top(01) / j1_position /     27.00000 para Root(00)
Mensaje Y / 00:00:26:052 / top(01) / j2_position /     52.00000 para Root(00)
Mensaje D / 00:00:26:052 / top(01) / ... para Root(00)
Mensaje X / 00:00:27:000 / Root(00) / command / 2167268.00000 para top(01)
Mensaje X / 00:00:27:000 / top(01) / command / 2167268.00000 para motion(02)
Mensaje D / 00:00:27:000 / motion(02) / 00:00:00:268 para top(01)
Mensaje D / 00:00:27:000 / top(01) / 00:00:00:268 para Root(00)
Mensaje * / 00:00:27:268 / Root(00) para top(01)
Mensaje * / 00:00:27:268 / top(01) para motion(02)
Mensaje Y / 00:00:27:268 / motion(02) / done /      2.00000 para top(01)
Mensaje Y / 00:00:27:268 / motion(02) / j1_position /    167.00000 para top(01)
Mensaje Y / 00:00:27:268 / motion(02) / j2_position /    268.00000 para top(01)
Mensaje D / 00:00:27:268 / motion(02) / ... para top(01)
Mensaje Y / 00:00:27:268 / top(01) / done /      2.00000 para Root(00)
Mensaje Y / 00:00:27:268 / top(01) / j1_position /    167.00000 para Root(00)
Mensaje Y / 00:00:27:268 / top(01) / j2_position /    268.00000 para Root(00)
Mensaje D / 00:00:27:268 / top(01) / ... para Root(00)
Mensaje X / 00:00:28:000 / Root(00) / command / 2279179.00000 para top(01)
Mensaje X / 00:00:28:000 / top(01) / command / 2279179.00000 para motion(02)
Mensaje D / 00:00:28:000 / motion(02) / 00:00:00:279 para top(01)
Mensaje D / 00:00:28:000 / top(01) / 00:00:00:279 para Root(00)
Mensaje * / 00:00:28:279 / Root(00) para top(01)
Mensaje * / 00:00:28:279 / top(01) para motion(02)
Mensaje Y / 00:00:28:279 / motion(02) / done /      2.00000 para top(01)
Mensaje Y / 00:00:28:279 / motion(02) / j1_position /    279.00000 para top(01)
Mensaje Y / 00:00:28:279 / motion(02) / j2_position /    179.00000 para top(01)
Mensaje D / 00:00:28:279 / motion(02) / ... para top(01)
Mensaje Y / 00:00:28:279 / top(01) / done /      2.00000 para Root(00)
Mensaje Y / 00:00:28:279 / top(01) / j1_position /    279.00000 para Root(00)
Mensaje Y / 00:00:28:279 / top(01) / j2_position /    179.00000 para Root(00)
Mensaje D / 00:00:28:279 / top(01) / ... para Root(00)
Mensaje X / 00:00:29:000 / Root(00) / command / 2151165.00000 para top(01)
Mensaje X / 00:00:29:000 / top(01) / command / 2151165.00000 para motion(02)
Mensaje D / 00:00:29:000 / motion(02) / 00:00:00:165 para top(01)
Mensaje D / 00:00:29:000 / top(01) / 00:00:00:165 para Root(00)
Mensaje * / 00:00:29:165 / Root(00) para top(01)
Mensaje * / 00:00:29:165 / top(01) para motion(02)
Mensaje Y / 00:00:29:165 / motion(02) / done /      2.00000 para top(01)
Mensaje Y / 00:00:29:165 / motion(02) / j1_position /    151.00000 para top(01)
Mensaje Y / 00:00:29:165 / motion(02) / j2_position /    165.00000 para top(01)
Mensaje D / 00:00:29:165 / motion(02) / ... para top(01)
Mensaje Y / 00:00:29:165 / top(01) / done /      2.00000 para Root(00)
Mensaje Y / 00:00:29:165 / top(01) / j1_position /    151.00000 para Root(00)
Mensaje Y / 00:00:29:165 / top(01) / j2_position /    165.00000 para Root(00)
Mensaje D / 00:00:29:165 / top(01) / ... para Root(00)
Mensaje X / 00:00:30:000 / Root(00) / command / 2079118.00000 para top(01)
Mensaje X / 00:00:30:000 / top(01) / command / 2079118.00000 para motion(02)
Mensaje D / 00:00:30:000 / motion(02) / 00:00:00:118 para top(01)
Mensaje D / 00:00:30:000 / top(01) / 00:00:00:118 para Root(00)
Mensaje * / 00:00:30:118 / Root(00) para top(01)
Mensaje * / 00:00:30:118 / top(01) para motion(02)
Mensaje Y / 00:00:30:118 / motion(02) / done /      2.00000 para top(01)
Mensaje Y / 00:00:30:118 / motion(02) / j1_position /     79.00000 para top(01)
Mensaje Y / 00:00:30:118 / motion(02) / j2_position /    118.00000 para top(01)
Mensaje D / 00:00:30:118 / motion(02) / ... para top(01)
Mensaje Y / 00:00:30:118 / top(01) / done /      2.00000 para Root(00)
Mensaje Y / 00:00:30:118 / top(01) / j1_position /     79.00000 para Root(00)
Mensaje Y / 00:00:30:118 / top(01) / j2_position /    118.00000 para Root(00)
Mensaje D / 00:00:30:118 / top(01) / ... para Root(00)
Mensaje X / 00:00:31:000 / Root(00) / command / 2014269.00000 para top(01)
Mensaje X / 00:00:31:000 / top(01) / command / 2014269.00000 para motion(02)
Mensaje D / 00:00:31:000 / motion(02) / 00:00:00:269 para top(01)
Mensaje D / 00:00:31:000 / top(01) / 00:00:00:269 para Root(00)
Mensaje * / 00:00:31:269 / Root(00) para top(01)
Mensaje * / 00:00:31:269 / top(01) para motion(02)
Mensaje Y / 00:00:31:269 / motion(02) / done /      2.00000 para top(01)
Mensaje Y / 00:00:31:269 / motion(02) / j1_position /     14.00000 para top(01)
Mensaje Y / 00:00:31:269 / motion(02) / j2_position /    269.00000 para top(01)
Mensaje D / 00:00:31:269 / motion(02) / ... para top(01)
Mensaje Y / 00:00:31:269 / top(01) / done /      2.00000 para Root(00)
Mensaje Y / 00:00:31:269 / top(01) / j1_position /     14.00000 para Root(00)
Mensaje Y / 00:00:31:269 / top(01) / j2_position /    269.00000 para Root(00)
Mensaje D / 00:00:31:269 / top(01) / ... para Root(00)
Mensaje X / 00:00:32:000 / Root(00) / command / 2036279.00000 para top(01)
Mensaje X / 00:00:32:000 / top(01) / command / 2036279.00000 para motion(02)
Mensaje D / 00:00:32:000 / motion(02) / 00:00:00:279 para top(01)
Mensaje D / 00:00:32:000 / top(01) / 00:00:00:279 para Root(00)
Mensaje * / 00:00:32:279 / Root(00) para top(01)
Mensaje * / 00:00:32:279 / top(01) para motion(02)
Mensaje Y / 00:00:32:279 / motion(02) / done /      2.00000 para top(01)
Mensaje Y / 00:00:32:279 / motion(02) / j1_position /     36.00000 para top(01)
Mensaje Y / 00:00:32:279 / motion(02) / j2_position /    279.00000 para top(01)
Mensaje D / 00:00:32:279 / motion(02) / ... para top(01)
Mensaje Y / 00:00:32:279 / top(01) / done /      2.00000 para Root(00)
Mensaje Y / 00:00:32:279 / top(01) / j1_position /     36.00000 para Root(00)
Mensaje Y / 00:00:32:279 / top(01) / j2_position /    279.00000 para Root(00)
Mensaje D / 00:00:32:279 / top(01) / ... para Root(00)
Mensaje X / 00:00:33:000 / Root(00) / command / 2283025.00000 para top(01)
Mensaje X / 00:00:33:000 / top(01) / command / 2283025.00000 para motion(02)
Mensaje D / 00:00:33:000 / motion(02) / 00:00:00:283 para top(01)
Mensaje D / 00:00:33:000 / top(01) / 00:00:00:283 para Root(00)
Mensaje * / 00:00:33:283 / Root(00) para top(01)
Mensaje * / 00:00:33:283 / top(01) para motion(02)
Mensaje Y / 00:00:33:283 / motion(02) / done /      2.00000 para top(01)
Mensaje Y / 00:00:33:283 / motion(02) / j1_position /    283.00000 para top(01)
Mensaje Y / 00:00:33:283 / motion(02) / j2_position /     25.00000 para top(01)
Mensaje D / 00:00:33:283 / motion(02) / ... para top(01)
Mensaje Y / 00:00:33:283 / top(01) / done /      2.00000 para Root(00)
Mensaje Y / 00:00:33:283 / top(01) / j1_position /    283.00000 para Root(00)
Mensaje Y / 00:00:33:283 / top(01) / j2_position /     25.00000 para Root(00)
Mensaje D / 00:00:33:283 / top(01) / ... para Root(00)
Mensaje X / 00:00:34:000 / Root(00) / command / 2116202.00000 para top(01)
Mensaje X / 00:00:34:000 / top(01) / command / 2116202.00000 para motion(02)
Mensaje D / 00:00:34:000 / motion(02) / 00:00:00:202 para top(01)
Mensaje D / 00:00:34:000 / top(01) / 00:00:00:202 para Root(00)
Mensaje * / 00:00:34:202 / Root(00) para top(01)
Mensaje * / 00:00:34:202 / top(01) para motion(02)
Mensaje Y / 00:00:34:202 / motion(02) / done /      2.00000 para top(01)
Mensaje Y / 00:00:34:202 / motion(02) / j1_position /    116.00000 para top(01)
Mensaje Y / 00:00:34:202 / motion(02) / j2_position /    202.00000 para top(01)
Mensaje D / 00:00:34:202 / motion(02) / ... para top(01)
Mensaje Y / 00:00:34:202 / top(01) / done /      2.00000 para Root(00)
Mensaje Y / 00:00:34:202 / top(01) / j1_position /    116.00000 para Root(00)
Mensaje Y / 00:00:34:202 / top(01) / j2_position /    202.00000 para Root(00)
Mensaje D / 00:00:34:202 / top(01) / ... para Root(00)
Mensaje X / 00:00:35:000 / Root(00) / command / 2095071.00000 para top(01)
Mensaje X / 00:00:35:000 / top(01) / command / 2095071.00000 para motion(02)
Mensaje D / 00:00:35:000 / motion(02) / 00:00:00:095 para top(01)
Mensaje D / 00:00:35:000 / top(01) / 00:00:00:095 para Root(00)
Mensaje * / 00:00:35:095 / Root(00) para top(01)
Mensaje * / 00:00:35:095 / top(01) para motion(02)
Mensaje Y / 00:00:35:095 / motion(02) / done /      2.00000 para top(01)
Mensaje Y / 00:00:35:095 / motion(02) / j1_position /     95.00000 para top(01)
Mensaje Y / 00:00:35:095 / motion(02) / j2_position /     71.00000 para top(01)
Mensaje D / 00:00:35:095 / motion(02) / ... para top(01)
Mensaje Y / 00:00:35:095 / top(01) / done /      2.00000 para Root(00)
Mensaje Y / 00:00:35:095 / top(01) / j1_position /     95.00000 para Root(00)
Mensaje Y / 00:00:35:095 / top(01) / j2_position /     71.00000 para Root(00)
Mensaje D / 00:00:35:095 / top(01) / ... para Root(00)
Mensaje X / 00:00:36:000 / Root(00) / command / 2100097.00000 para top(01)
Mensaje X / 00:00:36:000 / top(01) / command / 2100097.00000 para motion(02)
Mensaje D / 00:00:36:000 / motion(02) / 00:00:00:100 para top(01)
Mensaje D / 00:00:36:000 / top(01) / 00:00:00:100 para Root(00)
Mensaje * / 00:00:36:100 / Root(00) para top(01)
Mensaje * / 00:00:36:100 / top(01) para motion(02)
Mensaje Y / 00:00:36:100 / motion(02) / done /      2.00000 para top(01)
Mensaje Y / 00:00:36:100 / motion(02) / j1_position /    100.00000 para top(01)
Mensaje Y / 00:00:36:100 / motion(02) / j2_position /     97.00000 para top(01)
Mensaje D / 00:00:36:100 / motion(02) / ... para top(01)
Mensaje Y / 00:00:36:100 / top(01) / done /      2.00000 para Root(00)
Mensaje Y / 00:00:36:100 / top(01) / j1_position /    100.00000 para Root(00)
Mensaje Y / 00:00:36:100 / top(01) / j2_position /     97.00000 para Root(00)
Mensaje D / 00:00:36:100 / top(01) / ... para Root(00)
Mensaje X / 00:00:37:000 / Root(00) / command / 2277019.00000 para top(01)
Mensaje X / 00:00:37:000 / top(01) / command / 2277019.00000 para motion(02)
Mensaje D / 00:00:37:000 / motion(02) / 00:00:00:277 para top(01)
Mensaje D / 00:00:37:000 / top(01) / 00:00:00:277 para Root(00)
Mensaje * / 00:00:37:277 / Root(00) para top(01)
Mensaje * / 00:00:37:277 / top(01) para motion(02)
Mensaje Y / 00:00:37:277 / motion(02) / done /      2.00000 para top(01)
Mensaje Y / 00:00:37:277 / motion(02) / j1_position /    277.00000 para top(01)
Mensaje Y / 00:00:37:277 / motion(02) / j2_position /     19.00000 para top(01)
Mensaje D / 00:00:37:277 / motion(02) / ... para top(01)
Mensaje Y / 00:00:37:277 / top(01) / done /      2.00000 para Root(00)
Mensaje Y / 00:00:37:277 / top(01) / j1_position /    277.00000 para Root(00)
Mensaje Y / 00:00:37:277 / top(01) / j2_position /     19.00000 para Root(00)
Mensaje D / 00:00:37:277 / top(01) / ... para Root(00)
Mensaje X / 00:00:38:000 / Root(00) / command / 2256319.00000 para top(01)
Mensaje X / 00:00:38:000 / top(01) / command / 2256319.00000 para motion(02)
Mensaje D / 00:00:38:000 / motion(02) / 00:00:00:319 para top(01)
Mensaje D / 00:00:38:000 / top(01) / 00:00:00:319 para Root(00)
Mensaje * / 00:00:38:319 / Root(00) para top(01)
Mensaje * / 00:00:38:319 / top(01) para motion(02)
Mensaje Y / 00:00:38:319 / motion(02) / done /      2.00000 para top(01)
Mensaje Y / 00:00:38:319 / motion(02) / j1_position /    256.00000 para top(01)
Mensaje Y / 00:00:38:319 / motion(02) / j2_position /    319.00000 para top(01)
Mensaje D / 00:00:38:319 / motion(02) / ... para top(01)
Mensaje Y / 00:00:38:319 / top(01) / done /      2.00000 para Root(00)
Mensaje Y / 00:00:38:319 / top(01) / j1_position /    256.00000 para Root(00)
Mensaje Y / 00:00:38:319 / top(01) / j2_position /    319.00000 para Root(00)
Mensaje D / 00:00:38:319 / top(01) / ... para Root(00)
Mensaje X / 00:00:39:000 / Root(00) / command / 2009099.00000 para top(01)
Mensaje X / 00:00:39:000 / top(01) / command / 2009099.00000 para motion(02)
Mensaje D / 00:00:39:000 / motion(02) / 00:00:00:099 para top(01)
Mensaje D / 00:00:39:000 / top(01) / 00:00:00:099 para Root(00)
Mensaje * / 00:00:39:099 / Root(00) para top(01)
Mensaje * / 00:00:39:099 / top(01) para motion(02)
Mensaje Y / 00:00:39:099 / motion(02) / done /      2.00000 para top(01)
Mensaje Y / 00:00:39:099 / motion(02) / j1_position /      9.00000 para top(01)
Mensaje Y / 00:00:39:099 / motion(02) / j2_position /     99.00000 para top(01)
Mensaje D / 00:00:39:099 / motion(02) / ... para top(01)
Mensaje Y / 00:00:39:099 / top(01) / done /      2.00000 para Root(00)
Mensaje Y / 00:00:39:099 / top(01) / j1_position /      9.00000 para Root(00)
Mensaje Y / 00:00:39:099 / top(01) / j2_position /     99.00000 para Root(00)
Mensaje D / 00:00:39:099 / top(01) / ... para Root(00)
Mensaje X / 00:00:40:000 / Root(00) / command / 2344192.00000 para top(01)
Mensaje X / 00:00:40:000 / top(01) / command / 2344192.00000 para motion(02)
Mensaje D / 00:00:40:000 / motion(02) / 00:00:00:344 para top(01)
Mensaje D / 00:00:40:000 / top(01) / 00:00:00:344 para Root(00)
Mensaje * / 00:00:40:344 / Root(00) para top(01)
Mensaje * / 00:00:40:344 / top(01) para motion(02)
Mensaje Y / 00:00:40:344 / motion(02) / done /      2.00000 para top(01)
Mensaje Y / 00:00:40:344 / motion(02) / j1_position /    344.00000 para top(01)
Mensaje Y / 00:00:40:344 / motion(02) / j2_position /    192.00000 para top(01)
Mensaje D / 00:00:40:344 / motion(02) / ... para top(01)
Mensaje Y / 00:00:40:344 / top(01) / done /      2.00000 para Root(00)
Mensaje Y / 00:00:40:344 / top(01) / j1_position /    344.00000 para Root(00)
Mensaje Y / 00:00:40:344 / top(01) / j2_position /    192.00000 para Root(00)
Mensaje D / 00:00:40:344 / top(01) / ... para Root(00)
Mensaje X / 00:00:41:000 / Root(00) / command / 2277238.00000 para top(01)
Mensaje X / 00:00:41:000 / top(01) / command / 2277238.00000 para motion(02)
Mensaje D / 00:00:41:000 / motion(02) / 00:00:00:277 para top(01)
Mensaje D / 00:00:41:000 / top(01) / 00:00:00:277 para Root(00)
Mensaje * / 00:00:41:277 / Root(00) para top(01)
Mensaje * / 00:00:41:277 / top(01) para motion(02)
Mensaje Y / 00:00:41:277 / motion(02) / done /      2.00000 para top(01)
Mensaje Y / 00:00:41:277 / motion(02) / j1_position /    277.00000 para top(01)
Mensaje Y / 00:00:41:277 / motion(02) / j2_position /    238.00000 para top(01)
Mensaje D / 00:00:41:277 / motion(02) / ... para top(01)
Mensaje Y / 00:00:41:277 / top(01) / done /      2.00000 para Root(00)
Mensaje Y / 00:00:41:277 / top(01) / j1_position /    277.00000 para Root(00)
Mensaje Y / 00:00:41:277 / top(01) / j2_position /    238.00000 para Root(00)
Mensaje D / 00:00:41:277 / top(01) / ... para Root(00)
Mensaje X / 00:00:42:000 / Root(00) / command / 2199308.00000 para top(01)
Mensaje X / 00:00:42:000 / top(01) / command / 2199308.00000 para motion(02)
Mensaje D / 00:00:42:000 / motion(02) / 00:00:00:308 para top(01)
Mensaje D / 00:00:42:000 / top(01) / 00:00:00:308 para Root(00)
Mensaje * / 00:00:42:308 / Root(00) para top(01)
Mensaje * / 00:00:42:308 / top(01) para motion(02)
Mensaje Y / 00:00:42:308 / motion(02) / done /      2.00000 para top(01)
Mensaje Y / 00:00:42:308 / motion(02) / j1_position /    199.00000 para top(01)
Mensaje Y / 00:00:42:308 / motion(02) / j2_position /    308.00000 para top(01)
Mensaje D / 00:00:42:308 / motion(02) / ... para top(01)
Mensaje Y / 00:00:42:308 / top(01) / done /      2.00000 para Root(00)
Mensaje Y / 00:00:42:308 / top(01) / j1_position /    199.00000 para Root(00)
Mensaje Y / 00:00:42:308 / top(01) / j2_position /    308.00000 para Root(00)
Mensaje D / 00:00:42:308 / top(01) / ... para Root(00)
Mensaje X / 00:00:43:000 / Root(00) / command / 2197171.00000 para top(01)
Mensaje X / 00:00:43:000 / top(01) / command / 2197171.00000 para motion(02)
Mensaje D / 00:00:43:000 / motion(02) / 00:00:00:197 para top(01)
Mensaje D / 00:00:43:000 / top(01) / 00:00:00:197 para Root(00)
Mensaje * / 00:00:43:197 / Root(00) para top(01)
Mensaje * / 00:00:43:197 / top(01) para motion(02)
Mensaje Y / 00:00:43:197 / motion(02) / done /      2.00000 para top(01)
Mensaje Y / 00:00:43:197 / motion(02) / j1_position /    197.00000 para top(01)
Mensaje Y / 00:00:43:197 / motion(02) / j2_position /    171.00000 para top(01)
Mensaje D / 00:00:43:197 / motion(02) / ... para top(01)
Mensaje Y / 00:00:43:197 / top(01) / done /      2.00000 para Root(00)
Mensaje Y / 00:00:43:197 / top(01) / j1_position /    197.00000 para Root(00)
Mensaje Y / 00:00:43:197 / top(01) / j2_position /    171.00000 para Root(00)
Mensaje D / 00:00:43:197 / top(01) / ... para Root(00)
Mensaje X / 00:00:44:000 / Root(00) / command / 2037246.00000 para top(01)
Mensaje X / 00:00:44:000 / top(01) / command / 2037246.00000 para motion(02)
Mensaje D / 00:00:44:000 / motion(02) / 00:00:00:246 para top(01)
Mensaje D / 00:00:44:000 / top(01) / 00:00:00:246 para Root(00)
Mensaje * / 00:00:44:246 / Root(00) para top(01)
Mensaje * / 00:00:44:246 / top(01) para motion(02)
Mensaje Y / 00:00:44:246 / motion(02) / done /      2.00000 para top(01)
Mensaje Y / 00:00:44:246 / motion(02) / j1_position /     37.00000 para top(01)
Mensaje Y / 00:00:44:246 / motion(02) / j2_position /    246.00000 para top(01)
Mensaje D / 00:00:44:246 / motion(02) / ... para top(01)
Mensaje Y / 00:00:44:246 / top(01) / done /      2.00000 para Root(00)
Mensaje Y / 00:00:44:246 / top(01) / j1_position /     37.00000 para Root(00)
Mensaje Y / 00:00:44:246 / top(01) / j2_position /    246.00000 para Root(00)
Mensaje D / 00:00:44:246 / top(01) / ... para Root(00)
Mensaje X / 00:00:45:000 / Root(00) / command / 2279077.00000 para top(01)
Mensaje X / 00:00:45:000 / top(01) / command / 2279077.00000 para motion(02)
Mensaje D / 00:00:45:000 / motion(02) / 00:00:00:279 para top(01)
Mensaje D / 00:00:45:000 / top(01) / 00:00:00:279 para Root(00)
Mensaje * / 00:00:45:279 / Root(00) para top(01)
Mensaje * / 00:00:45:279 / top(01) para motion(02)
Mensaje Y / 00:00:45:279 / motion(02) / done /      2.00000 para top(01)
Mensaje Y / 00:00:45:279 / motion(02) / j1_position /    279.00000 para top(01)
Mensaje Y / 00:00:45:279 / motion(02) / j2_position /     77.00000 para top(01)
Mensaje D / 00:00:45:279 / motion(02) / ... para top(01)
Mensaje Y / 00:00:45:279 / top(01) / done /      2.00000 para Root(00)
Mensaje Y / 00:00:45:279 / top(01) / j1_position /    279.00000 para Root(00)
Mensaje Y / 00:00:45:279 / top(01) / j2_position /     77.00000 para Root(00)
Mensaje D / 00:00:45:279 / top(01) / ... para Root(00)
Mensaje X / 00:00:46:000 / Root(00) / command / 2338331.00000 para top(01)
Mensaje X / 00:00:46:000 / top(01) / command / 2338331.00000 para motion(02)
Mensaje D / 00:00:46:000 / motion(02) / 00:00:00:338 para top(01)
Mensaje D / 00:00:46:000 / top(01) / 00:00:00:338 para Root(00)
Mensaje * / 00:00:46:338 / Root(00) para top(01)
Mensaje * / 00:00:46:338 / top(01) para motion(02)
Mensaje Y / 00:00:46:338 / motion(02) / done /      2.00000 para top(01)
Mensaje Y / 00:00:46:338 / motion(02) / j1_position /    338.00000 para top(01)
Mensaje Y / 00:00:46:338 / motion(02) / j2_position /    331.00000 para top(01)
Mensaje D / 00:00:46:338 / motion(02) / ... para top(01)
Mensaje Y / 00:00:46:338 / top(01) / done /      2.00000 para Root(00)
Mensaje Y / 00:00:46:338 / top(01) / j1_position /    338.00000 para Root(00)
Mensaje Y / 00:00:46:338 / top(01) / j2_position /    331.00000 para Root(00)
Mensaje D / 00:00:46:338 / top(01) / ... para Root(00)
Mensaje X / 00:00:47:000 / Root(00) / command / 2336072.00000 para top(01)
Mensaje X / 00:00:47:000 / top(01) / command / 2336072.00000 para motion(02)
Mensaje D / 00:00:47:000 / motion(02) / 00:00:00:336 para top(01)
Mensaje D / 00:00:47:000 / top(01) / 00:00:00:336 para Root(00)
Mensaje * / 00:00:47:336 / Root(00) para top(01)
Mensaje * / 00:00:47:336 / top(01) para motion(02)
Mensaje Y / 00:00:47:336 / motion(02) / done /      2.00000 para top(01)
Mensaje Y / 00:00:47:336 / motion(02) / j1_position /    336.00000 para top(01)
Mensaje Y / 00:00:47:336 / motion(02) / j2_position /     72.00000 para top(01)
Mensaje D / 00:00:47:336 / motion(02) / ... para top(01)
Mensaje Y / 00:00:47:336 / top(01) / done /      2.00000 para Root(00)
Mensaje Y / 00:00:47:336 / top(01) / j1_position /    336.00000 para Root(00)
Mensaje Y / 00:00:47:336 / top(01) / j2_position /     72.00000 para Root(00)
Mensaje D / 00:00:47:336 / top(01) / ... para Root(00)
Mensaje X / 00:00:48:000 / Root(00) / command / 2073084.00000 para top(01)
Mensaje X / 00:00:48:000 / top(01) / command / 2073084.00000 para motion(02)
Mensaje D / 00:00:48:000 / motion(02) / 00:00:00:084 para top(01)
Mensaje D / 00:00:48:000 / top(01) / 00:00:00:084 para Root(00)
Mensaje * / 00:00:48:084 / Root(00) para top(01)
Mensaje * / 00:00:48:084 / top(01) para motion(02)
Mensaje Y / 00:00:48:084 / motion(02) / done /      2.00000 para top(01)
Mensaje Y / 00:00:48:084 / motion(02) / j1_position /     73.00000 para top(01)
Mensaje Y / 00:00:48:084 / motion(02) / j2_position /     84.00000 para top(01)
Mensaje D / 00:00:48:084 / motion(02) / ... para top(01)
Mensaje Y / 00:00:48:084 / top(01) / done /      2.00000 para Root(00)
Mensaje Y / 00:00:48:084 / top(01) / j1_position /     73.00000 para Root(00)
Mensaje Y / 00:00:48:084 / top(01) / j2_position /     84.00000 para Root(00)
Mensaje D / 00:00:48:084 / top(01) / ... para Root(00)
Mensaje X / 00:00:49:000 / Root(00) / command / 2178025.00000 para top(01)
Mensaje X / 00:00:49:000 / top(01) / command / 2178025.00000 para motion(02)
Mensaje D / 00:00:49:000 / motion(02) / 00:00:00:178 para top(01)
Mensaje D / 00:00:49:000 / top(01) / 00:00:00:178 para Root(00)
Mensaje * / 00:00:49:178 / Root(00) para top(01)
Mensaje * / 00:00:49:178 / top(01) para motion(02)
Mensaje Y / 00:00:49:178 / motion(02) / done /      2.00000 para top(01)
Mensaje Y / 00:00:49:178 / motion(02) / j1_position /    178.00000 para top(01)
Mensaje Y / 00:00:49:178 / motion(02) / j2_position /     25.00000 para top(01)
Mensaje D / 00:00:49:178 / motion(02) / ... para top(01)
Mensaje Y / 00:00:49:178 / top(01) / done /      2.00000 para Root(00)
Mensaje Y / 00:00:49:178 / top(01) / j1_position /    178.00000 para Root(00)
Mensaje Y / 00:00:49:178 / top(01) / j2_position /     25.00000 para Root(00)
Mensaje D / 00:00:49:178 / top(01) / ... para Root(00)
Mensaje X / 00:00:50:000 / Root(00) / command / 2146210.00000 para top(01)
Mensaje X / 00:00:50:000 / top(01) / command / 2146210.00000 para motion(02)
Mensaje D / 00:00:50:000 / motion(02) / 00:00:00:210 para top(01)
Mensaje D / 00:00:50:000 / top(01) / 00:00:00:210 para Root(00)
Mensaje * / 00:00:50:210 / Root(00) para top(01)
Mensaje * / 00:00:50:210 / top(01) para motion(02)
Mensaje Y / 00:00:50:210 / motion(02) / done /      2.00000 para top(01)
Mensaje Y / 00:00:50:210 / motion(02) / j1_position /    146.00000 para top(01)
Mensaje Y / 00:00:50:210 / motion(02) / j2_position /    210.00000 para top(01)
Mensaje D / 00:00:50:210 / motion(02) / ... para top(01)
Mensaje Y / 00:00:50:210 / top(01) / done /      2.00000 para Root(00)
Mensaje Y / 00:00:50:210 / top(01) / j1_position /    146.00000 para Root(00)
Mensaje Y / 00:00:50:210 / top(01) / j2_position /    210.00000 para Root(00)
Mensaje D / 00:00:50:210 / top(01) / ... para Root(00)
Mensaje X / 00:00:51:000 / Root(00) / command / 2154230.00000 para top(01)
Mensaje X / 00:00:51:000 / top(01) / command / 2154230.00000 para motion(02)
Mensaje D / 00:00:51:000 / motion(02) / 00:00:00:230 para top(01)
Mensaje D / 00:00:51:000 / top(01) / 00:00:00:230 para Root(00)
Mensaje * / 00:00:51:230 / Root(00) para top(01)
Mensaje * / 00:00:51:230 / top(01) para motion(02)
Mensaje Y / 00:00:51:230 / motion(02) / done /      2.00000 para top(01)
Mensaje Y / 00:00:51:230 / motion(02) / j1_position /    154.00000 para top(01)
Mensaje Y / 00:00:51:230 / motion(02) / j2_position /    230.00000 para top(01)
Mensaje D / 00:00:51:230 / motion(02) / ... para top(01)
Mensaje Y / 00:00:51:230 / top(01) / done /      2.00000 para Root(00)
Mensaje Y / 00:00:51:230 / top(01) / j1_position /    154.00000 para Root(00)
Mensaje Y / 00:00:51:230 / top(01) / j2_position /    230.00000 para Root(00)
Mensaje D / 00:00:51:230 / top(01) / ... para Root(00)
Mensaje X / 00:00:52:000 / Root(00) / command / 2079116.00000 para top(01)
Mensaje X / 00:00:52:000 / top(01) / command / 2079116.00000 para motion(02)
Mensaje D / 00:00:52:000 / motion(02) / 00:00:00:116 para top(01)
Mensaje D / 00:00:52:000 / top(01) / 00:00:00:116 para Root(00)
Mensaje * / 00:00:52:116 / Root(00) para top(01)
Mensaje * / 00:00:52:116 / top(01) para motion(02)
Mensaje Y / 00:00:52:116 / motion(02) / done /      2.00000 para top(01)
Mensaje Y / 00:00:52:116 / motion(02) / j1_position /     79.00000 para top(01)
Mensaje Y / 00:00:52:116 / motion(02) / j2_position /    116.00000 para top(01)
Mensaje D / 00:00:52:116 / motion(02) / ... para top(01)
Mensaje Y / 00:00:52:116 / top(01) / done /      2.00000 para Root(00)
Mensaje Y / 00:00:52:116 / top(01) / j1_position /     79.00000 para Root(00)
Mensaje Y / 00:00:52:116 / top(01) / j2_position /    116.00000 para Root(00)
Mensaje D / 00:00:52:116 / top(01) / ... para Root(00)
Mensaje X / 00:00:53:000 / Root(00) / command / 2144076.00000 para top(01)
Mensaje X / 00:00:53:000 / top(01) / command / 2144076.00000 para motion(02)
Mensaje D / 00:00:53:000 / motion(02) / 00:00:00:144 para top(01)
Mensaje D / 00:00:53:000 / top(01) / 00:00:00:144 para Root(00)
Mensaje * / 00:00:53:144 / Root(00) para top(01)
Mensaje * / 00:00:53:144 / top(01) para motion(02)
Mensaje Y / 00:00:53:144 / motion(02) / done /      2.00000 para top(01)
Mensaje Y / 00:00:53:144 / motion(02) / j1_position /    144.00000 para top(01)
Mensaje Y / 00:00:53:144 / motion(02) / j2_position /     76.00000 para top(01)
Mensaje D / 00:00:53:144 / motion(02) / ... para top(01)
Mensaje Y / 00:00:53:144 / top(01) / done /      2.00000 para Root(00)
Mensaje Y / 00:00:53:144 / top(01) / j1_position /    144.00000 para Root(00)
Mensaje Y / 00:00:53:144 / top(01) / j2_position /     76.00000 para Root(00)
Mensaje D / 00:00:53:144 / top(01) / ... para Root(00)
Mensaje X / 00:00:54:000 / Root(00) / command / 2209074.00000 para top(01)
Mensaje X / 00:00:54:000 / top(01) / command / 2209074.00000 para motion(02)
Mensaje D / 00:00:54:000 / motion(02) / 00:00:00:209 para top(01)
Mensaje D / 00:00:54:000 / top(01) / 00:00:00:209 para Root(00)
Mensaje * / 00:00:54:209 / Root(00) para top(01)
Mensaje * / 00:00:54:209 / top(01) para motion(02)
Mensaje Y / 00:00:54:209 / motion(02) / done /      2.00000 para top(01)
Mensaje Y / 00:00:54:209 / motion(02) / j1_position /    209.00000 para top(01)
Mensaje Y / 00:00:54:209 / motion(02) / j2_position /     74.00000 para top(01)
Mensaje D / 00:00:54:209 / motion(02) / ... para top(01)
Mensaje Y / 00:00:54:209 / top(01) / done /      2.00000 para Root(00)
Mensaje Y / 00:00:54:209 / top(01) / j1_position /    209.00000 para Root(00)
Mensaje Y / 00:00:54:209 / top(01) / j2_position /     74.00000 para Root(00)
Mensaje D / 00:00:54:209 / top(01) / ... para Root(00)
Mensaje X / 00:00:55:000 / Root(00) / command / 2037304.00000 para top(01)
Mensaje X / 00:00:55:000 / top(01) / command / 2037304.00000 para motion(02)
Mensaje D / 00:00:55:000 / motion(02) / 00:00:00:304 para top(01)
Mensaje D / 00:00:55:000 / top(01) / 00:00:00:304 para Root(00)
Mensaje * / 00:00:55:304 / Root(00) para top(01)
Mensaje * / 00:00:55:304 / top(01) para motion(02)
Mensaje Y / 00:00:55:304 / motion(02) / done /      2.00000 para top(01)
Mensaje Y / 00:00:55:304 / motion(02) / j1_position /     37.00000 para top(01)
Mensaje Y / 00:00:55:304 / motion(02) / j2_position /    304.00000 para top(01)
Mensaje D / 00:00:55:304 / motion(02) / ... para top(01)
Mensaje Y / 00:00:55:304 / top(01) / done /      2.00000 para Root(00)
Mensaje Y / 00:00:55:304 / top(01) / j1_position /     37.00000 para Root(00)
Mensaje Y / 00:00:55:304 / top(01) / j2_position /    304.00000 para Root(00)
Mensaje D / 00:00:55:304 / top(01) / ... para Root(00)
Mensaje X / 00:00:56:000 / Root(00) / command / 2295022.00000 para top(01)
Mensaje X / 00:00:56:000 / top(01) / command / 2295022.00000 para motion(02)
Mensaje D / 00:00:56:000 / motion(02) / 00:00:00:295 para top(01)
Mensaje D / 00:00:56:000 / top(01) / 00:00:00:295 para Root(00)
Mensaje * / 00:00:56:295 / Root(00) para top(01)
Mensaje * / 00:00:56:295 / top(01) para motion(02)
Mensaje Y / 00:00:56:295 / motion(02) / done /      2.00000 para top(01)
Mensaje Y / 00:00:56:295 / motion(02) / j1_position /    295.00000 para top(01)
Mensaje Y / 00:00:56:295 / motion(02) / j2_position /     22.00000 para top(01)
Mensaje D / 00:00:56:295 / motion(02) / ... para top(01)
Mensaje Y / 00:00:56:295 / top(01) / done /      2.00000 para Root(00)
Mensaje Y / 00:00:56:295 / top(01) / j1_position /    295.00000 para Root(00)
Mensaje Y / 00:00:56:295 / top(01) / j2_position /     22.00000 para Root(00)
Mensaje D / 00:00:56:295 / top(01) / ... para Root(00)
Mensaje X / 00:00:57:000 / Root(00) / command / 2210221.00000 para top(01)
Mensaje X / 00:00:57:000 / top(01) / command / 2210221.00000 para motion(02)
Mensaje D / 00:00:57:000 / motion(02) / 00:00:00:221 para top(01)
Mensaje D / 00:00:57:000 / top(01) / 00:00:00:221 para Root(00)
Mensaje * / 00:00:57:221 / Root(00) para top(01)
Mensaje * / 00:00:57:221 / top(01) para motion(02)
Mensaje Y / 00:00:57:221 / motion(02) / done /      2.00000 para top(01)
Mensaje Y / 00:00:57:221 / motion(02) / j1_position /    210.00000 para top(01)
Mensaje Y / 00:00:57:221 / motion(02) / j2_position /    221.00000 para top(01)
Mensaje D / 00:00:57:221 / motion(02) / ... para top(01)
Mensaje Y / 00:00:57:221 / top(01) / done /      2.00000 para Root(00)
Mensaje Y / 00:00:57:221 / top(01) / j1_position /    210.00000 para Root(00)
Mensaje Y / 00:00:57:221 / top(01) / j2_position /    221.00000 para Root(00)
Mensaje D / 00:00:57:221 / top(01) / ... para Root(00)
Mensaje X / 00:00:58:000 / Root(00) / command / 2339143.00000 para top(01)
Mensaje X / 00:00:58:000 / top(01) / command / 2339143.00000 para motion(02)
Mensaje D / 00:00:58:000 / motion(02) / 00:00:00:339 para top(01)
Mensaje D / 00:00:58:000 / top(01) / 00:00:00:339 para Root(00)
Mensaje * / 00:00:58:339 / Root(00) para top(01)
Mensaje * / 00:00:58:339 / top(01) para motion(02)
Mensaje Y / 00:00:58:339 / motion(02) / done /      2.00000 para top(01)
Mensaje Y / 00:00:58:339 / motion(02) / j1_position /    339.00000 para top(01)
Mensaje Y / 00:00:58:339 / motion(02) / j2_position /    143.00000 para top(01)
Mensaje D / 00:00:58:339 / motion(02) / ... para top(01)
Mensaje Y / 00:00:58:339 / top(01) / done /      2.00000 para Root(00)
Mensaje Y / 00:00:58:339 / top(01) / j1_position /    339.00000 para Root(00)
Mensaje Y / 00:00:58:339 / top(01) / j2_position /    143.00000 para Root(00)
Mensaje D / 00:00:58:339 / top(01) / ... para Root(00)
Mensaje X / 00:00:59:000 / Root(00) / command / 2041048.00000 para top(01)
Mensaje X / 00:00:59:000 / top(01) / command / 2041048.00000 para motion(02)
Mensaje D / 00:00:59:000 / motion(02) / 00:00:00:048 para top(01)
Mensaje D / 00:00:59:000 / top(01) / 00:00:00:048 para Root(00)
Mensaje * / 00:00:59:048 / Root(00) para top(01)
Mensaje * / 00:00:59:048 / top(01) para motion(02)
Mensaje Y / 00:00:59:048 / motion(02) / done /      2.00000 para top(01)
Mensaje Y / 00:00:59:048 / motion(02) / j1_position /     41.00000 para top(01)
Mensaje Y / 00:00:59:048 / motion(02) / j2_position /     48.00000 para top(01)
Mensaje D / 00:00:59:048 / motion(02) / ... para top(01)
Mensaje Y / 00:00:59:048 / top(01) / done /      2.00000 para Root(00)
Mensaje Y / 00:00:59:048 / top(01) / j1_position /     41.00000 para Root(00)
Mensaje Y / 00:00:59:048 / top(01) / j2_position /     48.00000 para Root(00)
Mensaje D / 00:00:59:048 / top(01) / ... para Root(00)
Mensaje X / 00:01:00:000 / Root(00) / command / 2257272.00000 para top(01)
Mensaje X / 00:01:00:000 / top(01) / command / 2257272.00000 para motion(02)
Mensaje D / 00:01:00:000 / motion(02) / 00:00:00:272 para top(01)
Mensaje D / 00:01:00:000 / top(01) / 00:00:00:272 para Root(00)
Mensaje * / 00:01:00:272 / Root(00) para top(01)
Mensaje * / 00:01:00:272 / top(01) para motion(02)
Mensaje Y / 00:01:00:272 / motion(02) / done /      2.00000 para top(01)
Mensaje Y / 00:01:00:272 / motion(02) / j1_position /    257.00000 para top(01)
Mensaje Y / 00:01:00:272 / motion(02) / j2_position /    272.00000 para top(01)
Mensaje D / 00:01:00:272 / motion(02) / ... para top(01)
Mensaje Y / 00:01:00:272 / top(01) / done /      2.00000 para Root(00)
Mensaje Y / 00:01:00:272 / top(01) / j1_position /    257.00000 para Root(00)
Mensaje Y / 00:01:00:272 / top(01) / j2_position /    272.00000 para Root(00)
Mensaje D / 00:01:00:272 / top(01) / ... para Root(00)
Mensaje X / 00:01:01:000 / Root(00) / command / 2272097.00000 para top(01)
Mensaje X / 00:01:01:000 / top(01) / command / 2272097.00000 para motion(02)
Mensaje D / 00:01:01:000 / motion(02) / 00:00:00:272 para top(01)
Mensaje D / 00:01:01:000 / top(01) / 00:00:00:272 para Root(00)
Mensaje * / 00:01:01:272 / Root(00) para top(01)
Mensaje * / 00:01:01:272 / top(01) para motion(02)
Mensaje Y / 00:01:01:272 / motion(02) / done /      2.00000 para top(01)
Mensaje Y / 00:01:01:272 / motion(02) / j1_position /    272.00000 para top(01)
Mensaje Y / 00:01:01:272 / motion(02) / j2_position /     97.00000 para top(01)
Mensaje D / 00:01:01:272 / motion(02) / ... para top(01)
Mensaje Y / 00:01:01:272 / top(01) / done /      2.00000 para Root(00)
Mensaje Y / 00:01:01:272 / top(01) / j1_position /    272.00000 para Root(00)
Mensaje Y / 00:01:01:272 / top(01) / j2_position /     97.00000 para Root(00)
Mensaje D / 00:01:01:272 / top(01) / ... para Root(00)
Mensaje X / 00:01:02:000 / Root(00) / command / 2264022.00000 para top(01)
Mensaje X / 00:01:02:000 / top(01) / command / 2264022.00000 para motion(02)
Mensaje D / 00:01:02:000 / motion(02) / 00:00:00:264 para top(01)
Mensaje D / 00:01:02:000 / top(01) / 00:00:00:264 para Root(00)
Mensaje * / 00:01:02:264 / Root(00) para top(01)
Mensaje * / 00:01:02:264 / top(01) para motion(02)
Mensaje Y / 00:01:02:264 / motion(02) / done /      2.00000 para top(01)
Mensaje Y / 00:01:02:264 / motion(02) / j1_position /    264.00000 para top(01)
Mensaje Y / 00:01:02:264 / motion(02) / j2_position /     22.00000 para top(01)
Mensaje D / 00:01:02:264 / motion(02) / ... para top(01)
Mensaje Y / 00:01:02:264 / top(01) / done /      2.00000 para Root(00)
Mensaje Y / 00:01:02:264 / top(01) / j1_position /    264.00000 para Root(00)
Mensaje Y / 00:01:02:264 / top(01) / j2_position /     22.00000 para Root(00)
Mensaje D / 00:01:02:264 / top(01) / ... para Root(00)
Mensaje X / 00:01:03:000 / Root(00) / command / 2082291.00000 para top(01)
Mensaje X / 00:01:03:000 / top(01) / command / 2082291.00000 para motion(02)
Mensaje D / 00:01:03:000 / motion(02) / 00:00:00:291 para top(01)
Mensaje D / 00:01:03:000 / top(01) / 00:00:00:291 para Root(00)
Mensaje * / 00:01:03:291 / Root(00) para top(01)
Mensaje * / 00:01:03:291 / top(01) para motion(02)
Mensaje Y / 00:01:03:291 / motion(02) / done /      2.00000 para top(01)
Mensaje Y / 00:01:03:291 / motion(02) / j1_position /     82.00000 para top(01)
Mensaje Y / 00:01:03:291 / motion(02) / j2_position /    291.00000 para top(01)
Mensaje D / 00:01:03:291 / motion(02) / ... para top(01)
Mensaje Y / 00:01:03:291 / top(01) / done /      2.00000 para Root(00)
Mensaje Y / 00:01:03:291 / top(01) / j1_position /     82.00000 para Root(00)
Mensaje Y / 00:01:03:291 / top(01) / j2_position /    291.00000 para Root(00)
Mensaje D / 00:01:03:291 / top(01) / ... para Root(00)
Mensaje X / 00:01:04:000 / Root(00) / command / 2040273.00000 para top(01)
Mensaje X / 00:01:04:000 / top(01) / command / 2040273.00000 para motion(02)
Mensaje D / 00:01:04:000 / motion(02) / 00:00:00:273 para top(01)
Mensaje D / 00:01:04:000 / top(01) / 00:00:00:273 para Root(00)
Mensaje * / 00:01:04:273 / Root(00) para top(01)
Mensaje * / 00:01:04:273 / top(01) para motion(02)
Mensaje Y / 00:01:04:273 / motion(02) / done /      2.00000 para top(01)
Mensaje Y / 00:01:04:273 / motion(02) / j1_position /     40.00000 para top(01)
Mensaje Y / 00:01:04:273 / motion(02) / j2_position /    273.00000 para top(01)
Mensaje D / 00:01:04:273 / motion(02) / ... para top(01)
Mensaje Y / 00:01:04:273 / top(01) / done /      2.00000 para Root(00)
Mensaje Y / 00:01:04:273 / top(01) / j1_position /     40.00000 para Root(00)
Mensaje Y / 00:01:04:273 / top(01) / j2_position /    273.00000 para Root(00)
Mensaje D / 00:01:04:273 / top(01) / ... para Root(00)
Mensaje X / 00:01:05:000 / Root(00) / command / 2123284.00000 para top(01)
Mensaje X / 00:01:05:000 / top(01) / command / 2123284.00000 para motion(02)
Mensaje D / 00:01:05:000 / motion(02) / 00:00:00:284 para top(01)
Mensaje D / 00:01:05:000 / top(01) / 00:00:00:284 para Root(00)
Mensaje * / 00:01:05:284 / Root(00) para top(01)
Mensaje * / 00:01:05:284 / top(01) para motion(02)
Mensaje Y / 00:01:05:284 / motion(02) / done /      2.00000 para top(01)
Mensaje Y / 00:01:05:284 / motion(02) / j1_position /    123.00000 para top(01)
Mensaje Y / 00:01:05:284 / motion(02) / j2_position /    284.00000 para top(01)
Mensaje D / 00:01:05:284 / motion(02) / ... para top(01)
Mensaje Y / 00:01:05:284 / top(01) / done /      2.00000 para Root(00)
Mensaje Y / 00:01:05:284 / top(01) / j1_position /    123.00000 para Root(00)
Mensaje Y / 00:01:05:284 / top(01) / j2_position /    284.00000 para Root(00)
Mensaje D / 00:01:05:284 / top(01) / ... para Root(00)
Mensaje X / 00:01:06:000 / Root(00) / command / 2345016.00000 para top(01)
Mensaje X / 00:01:06:000 / top(01) / command / 2345016.00000 para motion(02)
Mensaje D / 00:01:06:000 / motion(02) / 00:00:00:345 para top(01)
Mensaje D / 00:01:06:000 / top(01) / 00:00:00:345 para Root(00)
Mensaje * / 00:01:06:345 / Root(00) para top(01)
Mensaje * / 00:01:06:345 / top(01) para motion(02)
Mensaje Y / 00:01:06:345 / motion(02) / done /      2.00000 para top(01)
Mensaje Y / 00:01:06:345 / motion(02) / j1_position /    345.00000 para top(01)
Mensaje Y / 00:01:06:345 / motion(02) / j2_position /     16.00000 para top(01)
Mensaje D / 00:01:06:345 / motion(02) / ... para top(01)
Mensaje Y / 00:01:06:345 / top(01) / done /      2.00000 para Root(00)
Mensaje Y / 00:01:06:345 / top(01) / j1_position /    345.00000 para Root(00)
Mensaje Y / 00:01:06:345 / top(01) / j2_position /     16.00000 para Root(00)
Mensaje D / 00:01:06:345 / top(01) / ... para Root(00)
Mensaje X / 00:01:07:000 / Root(00) / command / 2131010.00000 para top(01)
Mensaje X / 00:01:07:000 / top(01) / command / 2131010.00000 para motion(02)
Mensaje D / 00:01:07:000 / motion(02) / 00:00:00:131 para top(01)
Mensaje D / 00:01:07:000 / top(01) / 00:00:00:131 para Root(00)
Mensaje * / 00:01:07:131 / Root(00) para top(01)
Mensaje * / 00:01:07:131 / top(01) para motion(02)
Mensaje Y / 00:01:07:131 / motion(02) / done /      2.00000 para top(01)
Mensaje Y / 00:01:07:131 / motion(02) / j1_position /    131.00000 para top(01)
Mensaje Y / 00:01:07:131 / motion(02) / j2_position /     10.00000 para top(01)
Mensaje D / 00:01:07:131 / motion(02) / ... para top(01)
Mensaje Y / 00:01:07:131 / top(01) / done /      2.00000 para Root(00)
Mensaje Y / 00:01:07:131 / top(01) / j1_position /    131.00000 para Root(00)
Mensaje Y / 00:01:07:131 / top(01) / j2_position /     10.00000 para Root(00)
Mensaje D / 00:01:07:131 / top(01) / ... para Root(00)
Mensaje X / 00:01:08:000 / Root(00) / command / 2105335.00000 para top(01)
Mensaje X / 00:01:08:000 / top(01) / command / 2105335.00000 para motion(02)
Mensaje D / 00:01:08:000 / motion(02) / 00:00:00:335 para top(01)
Mensaje D / 00:01:08:000 / top(01) / 00:00:00:335 para Root(00)
Mensaje * / 00:01:08:335 / Root(00) para top(01)
Mensaje * / 00:01:08:335 / top(01) para motion(02)
Mensaje Y / 00:01:08:335 / motion(02) / done /      2.00000 para top(01)
Mensaje Y / 00:01:08:335 / motion(02) / j1_position /    105.00000 para top(01)
Mensaje Y / 00:01:08:335 / motion(02) / j2_position /    335.00000 para top(01)
Mensaje D / 00:01:08:335 / motion(02) / ... para top(01)
Mensaje Y / 00:01:08:335 / top(01) / done /      2.00000 para Root(00)
Mensaje Y / 00:01:08:335 / top(01) / j1_position /    105.00000 para Root(00)
Mensaje Y / 00:01:08:335 / top(01) / j2_position /    335.00000 para Root(00)
Mensaje D / 00:01:08:335 / top(01) / ... para Root(00)
Mensaje X / 00:01:09:000 / Root(00) / command / 2266245.00000 para top(01)
Mensaje X / 00:01:09:000 / top(01) / command / 2266245.00000 para motion(02)
Mensaje D / 00:01:09:000 / motion(02) / 00:00:00:266 para top(01)
Mensaje D / 00:01:09:000 / top(01) / 00:00:00:266 para Root(00)
Mensaje * / 00:01:09:266 / Root(00) para top(01)
Mensaje * / 00:01:09:266 / top(01) para motion(02)
Mensaje Y / 00:01:09:266 / motion(02) / done /      2.00000 para top(01)
Mensaje Y / 00:01:09:266 / motion(02) / j1_position /    266.00000 para top(01)
Mensaje Y / 00:01:09:266 / motion(02) / j2_position /    245.00000 para top(01)
Mensaje D / 00:01:09:266 / motion(02) / ... para top(01)
Mensaje Y / 00:01:09:266 / top(01) / done /      2.00000 para Root(00)
Mensaje Y / 00:01:09:266 / top(01) / j1_position /    266.00000 para Root(00)
Mensaje Y / 00:01:09:266 / top(01) / j2_position /    245.00000 para Root(00)
Mensaje D / 00:01:09:266 / top(01) / ... para Root(00)
Mensaje X / 00:01:10:000 / Root(00) / command / 2197159.00000 para top(01)
Mensaje X / 00:01:10:000 / top(01) / command / 2197159.00000 para motion(02)
Mensaje D / 00:01:10:000 / motion(02) / 00:00:00:197 para top(01)
Mensaje D / 00:01:10:000 / top(01) / 00:00:00:197 para Root(00)
Mensaje * / 00:01:10:197 / Root(00) para top(01)
Mensaje * / 00:01:10:197 / top(01) para motion(02)
Mensaje Y / 00:01:10:197 / motion(02) / done /      2.00000 para top(01)
Mensaje Y / 00:01:10:197 / motion(02) / j1_position /    197.00000 para top(01)
Mensaje Y / 00:01:10:197 / motion(02) / j2_position /    159.00000 para top(01)
Mensaje D / 00:01:10:197 / motion(02) / ... para top(01)
Mensaje Y / 00:01:10:197 / top(01) / done /      2.00000 para Root(00)
Mensaje Y / 00:01:10:197 / top(01) / j1_position /    197.00000 para Root(00)
Mensaje Y / 00:01:10:197 / top(01) / j2_position /    159.00000 para Root(00)
Mensaje D / 00:01:10:197 / top(01) / ... para Root(00)
Mensaje X / 00:01:11:000 / Root(00) / command / 2079198.00000 para top(01)
Mensaje X / 00:01:11:000 / top(01) / command / 2079198.00000 para motion(02)
Mensaje D / 00:01:11:000 / motion(02) / 00:00:00:198 para top(01)
Mensaje D / 00:01:11:000 / top(01) / 00:00:00:198 para Root(00)
Mensaje * / 00:01:11:198 / Root(00) para top(01)
Mensaje * / 00:01:11:198 / top(01) para motion(02)
Mensaje Y / 00:01:11:198 / motion(02) / done /      2.00000 para top(01)
Mensaje Y / 00:01:11:198 / motion(02) / j1_position /     79.00000 para top(01)
Mensaje Y / 00:01:11:198 / motion(02) / j2_position /    198.00000 para top(01)
Mensaje D / 00:01:11:198 / motion(02) / ... para top(01)
Mensaje Y / 00:01:11:198 / top(01) / done /      2.00000 para Root(00)
Mensaje Y / 00:01:11:198 / top(01) / j1_position /     79.00000 para Root(00)
Mensaje Y / 00:01:11:198 / top(01) / j2_position /    198.00000 para Root(00)
Mensaje D / 00:01:11:198 / top(01) / ... para Root(00)
Mensaje X / 00:01:12:000 / Root(00) / command / 2120270.00000 para top(01)
Mensaje X / 00:01:12:000 / top(01) / command / 2120270.00000 para motion(02)
Mensaje D / 00:01:12:000 / motion(02) / 00:00:00:270 para top(01)
Mensaje D / 00:01:12:000 / top(01) / 00:00:00:270 para Root(00)
Mensaje * / 00:01:12:270 / Root(00) para top(01)
Mensaje * / 00:01:12:270 / top(01) para motion(02)
Mensaje Y / 00:01:12:270 / motion(02) / done /      2.00000 para top(01)
Mensaje Y / 00:01:12:270 / motion(02) / j1_position /    120.00000 para top(01)
Mensaje Y / 00:01:12:270 / motion(02) / j2_position /    270.00000 para top(01)
Mensaje D / 00:01:12:270 / motion(02) / ... para top(01)
Mensaje Y / 00:01:12:270 / top(01) / done /      2.00000 para Root(00)
Mensaje Y / 00:01:12:270 / top(01) / j1_position /    120.00000 para Root(00)
Mensaje Y / 00:01:12:270 / top(01) / j2_position /    270.00000 para Root(00)
Mensaje D / 00:01:12:270 / top(01) / ... para Root(00)
Mensaje X / 00:01:13:000 / Root(00) / command / 2024178.00000 para top(01)
Mensaje X / 00:01:13:000 / top(01) / command / 2024178.00000 para motion(02)
Mensaje D / 00:01:13:000 / motion(02) / 00:00:00:178 para top(01)
Mensaje D / 00:01:13:000 / top(01) / 00:00:00:178 para Root(00)
Mensaje * / 00:01:13:178 / Root(00) para top(01)
Mensaje * / 00:01:13:178 / top(01) para motion(02)
Mensaje Y / 00:01:13:178 / motion(02) / done /      2.00000 para top(01)
Mensaje Y / 00:01:13:178 / motion(02) / j1_position /     24.00000 para top(01)
Mensaje Y / 00:01:13:178 / motion(02) / j2_position /    178.00000 para top(01)
Mensaje D / 00:01:13:178 / motion(02) / ... para top(01)
Mensaje Y / 00:01:13:178 / top(01) / done /      2.00000 para Root(00)
Mensaje Y / 00:01:13:178 / top(01) / j1_position /     24.00000 para Root(00)
Mensaje Y / 00:01:13:178 / top(01) / j2_position /    178.00000 para Root(00)
Mensaje D / 00:01:13:178 / top(01) / ... para Root(00)
Mensaje X / 00:01:14:000 / Root(00) / command / 2221174.00000 para top(01)
Mensaje X / 00:01:14:000 / top(01) / command / 2221174.00000 para motion(02)
Mensaje D / 00:01:14:000 / motion(02) / 00:00:00:221 para top(01)
Mensaje D / 00:01:14:000 / top(01) / 00:00:00:221 para Root(00)
Mensaje * / 00:01:14:221 / Root(00) para top(01)
Mensaje * / 00:01:14:221 / top(01) para motion(02)
Mensaje Y / 00:01:14:221 / motion(02) / done /      2.00000 para top(01)
Mensaje Y / 00:01:14:221 / motion(02) / j1_position /    221.00000 para top(01)
Mensaje Y / 00:01:14:221 / motion(02) / j2_position /    174.00000 para top(01)
Mensaje D / 00:01:14:221 / motion(02) / ... para top(01)
Mensaje Y / 00:01:14:221 / top(01) / done /      2.00000 para Root(00)
Mensaje Y / 00:01:14:221 / top(01) / j1_position /    221.00000 para Root(00)
Mensaje Y / 00:01:14:221 / top(01) / j2_position /    174.00000 para Root(00)
Mensaje D / 00:01:14:221 / top(01) / ... para Root(00)
Mensaje X / 00:01:15:000 / Root(00) / command / 2178272.00000 para top(01)
Mensaje X / 00:01:15:000 / top(01) / command / 2178272.00000 para motion(02)
Mensaje D / 00:01:15:000 / motion(02) / 00:00:00:272 para top(01)
Mensaje D / 00:01:15:000 / top(01) / 00:00:00:272 para Root(00)
Mensaje * / 00:01:15:272 / Root(00) para top(01)
Mensaje * / 00:01:15:272 / top(01) para motion(02)
Mensaje Y / 00:01:15:272 / motion(02) / done /      2.00000 para top(01)
Mensaje Y / 00:01:15:272 / motion(02) / j1_position /    178.00000 para top(01)
Mensaje Y / 00:01:15:272 / motion(02) / j2_position /    272.00000 para top(01)
Mensaje D / 00:01:15:272 / motion(02) / ... para top(01)
Mensaje Y / 00:01:15:272 / top(01) / done /      2.00000 para Root(00)
Mensaje Y / 00:01:15:272 / top(01) / j1_position /    178.00000 para Root(00)
Mensaje Y / 00:01:15:272 / top(01) / j2_position /    272.00000 para Root(00)
Mensaje D / 00:01:15:272 / top(01) / ... para Root(00)
Mensaje X / 00:01:16:000 / Root(00) / command / 2033311.00000 para top(01)
Mensaje X / 00:01:16:000 / top(01) / command / 2033311.00000 para motion(02)
Mensaje D / 00:01:16:000 / motion(02) / 00:00:00:311 para top(01)
Mensaje D / 00:01:16:000 / top(01) / 00:00:00:311 para Root(00)
Mensaje * / 00:01:16:311 / Root(00) para top(01)
Mensaje * / 00:01:16:311 / top(01) para motion(02)
Mensaje Y / 00:01:16:311 / motion(02) / done /      2.00000 para top(01)
Mensaje Y / 00:01:16:311 / motion(02) / j1_position /     33.00000 para top(01)
Mensaje Y / 00:01:16:311 / motion(02) / j2_position /    311.00000 para top(01)
Mensaje D / 00:01:16:311 / motion(02) / ... para top(01)
Mensaje Y / 00:01:16:311 / top(01) / done /      2.00000 para Root(00)
Mensaje Y / 00:01:16:311 / top(01) / j1_position /     33.00000 para Root(00)
Mensaje Y / 00:01:16:311 / top(01) / j2_position /    311.00000 para Root(00)
Mensaje D / 00:01:16:311 / top(01) / ... para Root(00)
Mensaje X / 00:01:17:000 / Root(00) / command / 2239338.00000 para top(01)
Mensaje X / 00:01:17:000 / top(01) / command / 2239338.00000 para motion(02)
Mensaje D / 00:01:17:000 / motion(02) / 00:00:00:338 para top(01)
Mensaje D / 00:01:17:000 / top(01) / 00:00:00:338 para Root(00)
Mensaje * / 00:01:17:338 / Root(00) para top(01)
Mensaje * / 00:01:17:338 / top(01) para motion(02)
Mensaje Y / 00:01:17:338 / motion(02) / done /      2.00000 para top(01)
Mensaje Y / 00:01:17:338 / motion(02) / j1_position /    239.00000 para top(01)
Mensaje Y / 00:01:17:338 / motion(02) / j2_position /    338.00000 para top(01)
Mensaje D / 00:01:17:338 / motion(02) / ... para top(01)
Mensaje Y / 00:01:17:338 / top(01) / done /      2.00000 para Root(00)
Mensaje Y / 00:01:17:338 / top(01) / j1_position /    239.00000 para Root(00)
Mensaje Y / 00:01:17:338 / top(01) / j2_position /    338.00000 para Root(00)
Mensaje D / 00:01:17:338 / top(01) / ... para Root(00)
Mensaje X / 00:01:18:000 / Root(00) / command / 2306031.00000 para top(01)
Mensaje X / 00:01:18:000 / top(01) / command / 2306031.00000 para motion(02)
Mensaje D / 00:01:18:000 / motion(02) / 00:00:00:306 para top(01)
Mensaje D / 00:01:18:000 / top(01) / 00:00:00:306 para Root(00)
Mensaje * / 00:01:18:306 / Root(00) para top(01)
Mensaje * / 00:01:18:306 / top(01) para motion(02)
Mensaje Y / 00:01:18:306 / motion(02) / done /      2.00000 para top(01)
Mensaje Y / 00:01:18:306 / motion(02) / j1_position /    306.00000 para top(01)
Mensaje Y / 00:01:18:306 / motion(02) / j2_position /     31.00000 para top(01)
Mensaje D / 00:01:18:306 / motion(02) / ... para top(01)
Mensaje Y / 00:01:18:306 / top(01) / done /      2.00000 para Root(00)
Mensaje Y / 00:01:18:306 / top(01) / j1_position /    306.00000 para Root(00)
Mensaje Y / 00:01:18:306 / top(01) / j2_position /     31.00000 para Root(00)
Mensaje D / 00:01:18:306 / top(01) / ... para Root(00)
Mensaje X / 00:01:19:000 / Root(00) / command / 2191083.00000 para top(01)
Mensaje X / 00:01:19:000 / top(01) / command / 2191083.00000 para motion(02)
Mensaje D / 00:01:19:000 / motion(02) / 00:00:00:191 para top(01)
Mensaje D / 00:01:19:000 / top(01) / 00:00:00:191 para Root(00)
Mensaje * / 00:01:19:191 / Root(00) para top(01)
Mensaje * / 00:01:19:191 / top(01) para motion(02)
Mensaje Y / 00:01:19:191 / motion(02) / done /      2.00000 para top(01)
Mensaje Y / 00:01:19:191 / motion(02) / j1_position /    191.00000 para top(01)
Mensaje Y / 00:01:19:191 / motion(02) / j2_position /     83.00000 para top(01)
Mensaje D / 00:01:19:191 / motion(02) / ... para top(01)
Mensaje Y / 00:01:19:191 / top(01) / done /      2.00000 para Root(00)
Mensaje Y / 00:01:19:191 / top(01) / j1_position /    191.00000 para Root(00)
Mensaje Y / 00:01:19:191 / top(01) / j2_position /     83.00000 para Root(00)
Mensaje D / 00:01:19:191 / top(01) / ... para Root(00)
Mensaje X / 00:01:20:000 / Root(00) / command / 2119096.00000 para top(01)
Mensaje X / 00:01:20:000 / top(01) / command / 2119096.00000 para motion(02)
Mensaje D / 00:01:20:000 / motion(02) / 00:00:00:119 para top(01)
Mensaje D / 00:01:20:000 / top(01) / 00:00:00:119 para Root(00)
Mensaje * / 00:01:20:119 / Root(00) para top(01)
Mensaje * / 00:01:20:119 / top(01) para motion(02)
Mensaje Y / 00:01:20:119 / motion(02) / done /      2.00000 para top(01)
Mensaje Y / 00:01:20:119 / motion(02) / j1_position /    119.00000 para top(01)
Mensaje Y / 00:01:20:119 / motion(02) / j2_position /     96.00000 para top(01)
Mensaje D / 00:01:20:119 / motion(02) / ... para top(01)
Mensaje Y / 00:01:20:119 / top(01) / done /      2.00000 para Root(00)
Mensaje Y / 00:01:20:119 / top(01) / j1_position /    119.00000 para Root(00)
Mensaje Y / 00:01:20:119 / top(01) / j2_position /     96.00000 para Root(00)
Mensaje D / 00:01:20:119 / top(01) / ... para Root(00)
Mensaje X / 00:01:21:000 / Root(00) / command / 2247284.00000 para top(01)
Mensaje X / 00:01:21:000 / top(01) / command / 2247284.00000 para motion(02)
Mensaje D / 00:01:21:000 / motion(02) / 00:00:00:284 para top(01)
Mensaje D / 00:01:21:000 / top(01) / 00:00:00:284 para Root(00)
Mensaje * / 00:01:21:284 / Root(00) para top(01)
Mensaje * / 00:01:21:284 / top(01) para motion(02)
Mensaje Y / 00:01:21:284 / motion(02) / done /      2.00000 para top(01)
Mensaje Y / 00:01:21:284 / motion(02) / j1_position /    247.00000 para top(01)
Mensaje Y / 00:01:21:284 / motion(02) / j2_position /    284.00000 para top(01)
Mensaje D / 00:01:21:284 / motion(02) / ... para top(01)
Mensaje Y / 00:01:21:284 / top(01) / done /      2.00000 para Root(00)
Mensaje Y / 00:01:21:284 / top(01) / j1_position /    247.00000 para Root(00)
Mensaje Y / 00:01:21:284 / top(01) / j2_position /    284.00000 para Root(00)
Mensaje D / 00:01:21:284 / top(01) / ... para Root(00)
Mensaje X / 00:01:22:000 / Root(00) / command / 2001083.00000 para top(01)
Mensaje X / 00:01:22:000 / top(01) / command / 2001083.00000 para motion(02)
Mensaje D / 00:01:22:000 / motion(02) / 00:00:00:083 para top(01)
Mensaje D / 00:01:22:000 / top(01) / 00:00:00:083 para Root(00)
Mensaje * / 00:01:22:083 / Root(00) para top(01)
Mensaje * / 00:01:22:083 / top(01) para motion(02)
Mensaje Y / 00:01:22:083 / motion(02) / done /      2.00000 para top(01)
Mensaje Y / 00:01:22:083 / motion(02) / j1_position /      1.00000 para top(01)
Mensaje Y / 00:01:22:083 / motion(02) / j2_position /     83.00000 para top(01)
Mensaje D / 00:01:22:083 / motion(02) / ... para top(01)
Mensaje Y / 00:01:22:083 / top(01) / done /      2.00000 para Root(00)
Mensaje Y / 00:01:22:083 / top(01) / j1_position /      1.00000 para Root(00)
Mensaje Y / 00:01:22:083 / top(01) / j2_position /     83.00000 para Root(00)
Mensaje D / 00:01:22:083 / top(01) / ... para Root(00)
Mensaje X / 00:01:23:000 / Root(00) / command / 2090082.00000 para top(01)
Mensaje X / 00:01:23:000 / top(01) / command / 2090082.00000 para motion(02)
Mensaje D / 00:01:23:000 / motion(02) / 00:00:00:090 para top(01)
Mensaje D / 00:01:23:000 / top(01) / 00:00:00:090 para Root(00)
Mensaje * / 00:01:23:090 / Root(00) para top(01)
Mensaje * / 00:01:23:090 / top(01) para motion(02)
Mensaje Y / 00:01:23:090 / motion(02) / done /      2.00000 para top(01)
Mensaje Y / 00:01:23:090 / motion(02) / j1_position /     90.00000 para top(01)
Mensaje Y / 00:01:23:090 / motion(02) / j2_position /     82.00000 para top(01)
Mensaje D / 00:01:23:090 / motion(02) / ... para top(01)
Mensaje Y / 00:01:23:090 / top(01) / done /      2.00000 para Root(00)
Mensaje Y / 00:01:23:090 / top(01) / j1_position /     90.00000 para Root(00)
Mensaje Y / 00:01:23:090 / top(01) / j2_position /     82.00000 para Root(00)
Mensaje D / 00:01:23:090 / top(01) / ... para Root(00)
Mensaje X / 00:01:24:000 / Root(00) / command / 2171220.00000 para top(01)
Mensaje X / 00:01:24:000 / top(01) / command / 2171220.00000 para motion(02)
Mensaje D / 00:01:24:000 / motion(02) / 00:00:00:220 para top(01)
Mensaje D / 00:01:24:000 / top(01) / 00:00:00:220 para Root(00)
Mensaje * / 00:01:24:220 / Root(00) para top(01)
Mensaje * / 00:01:24:220 / top(01) para motion(02)
Mensaje Y / 00:01:24:220 / motion(02) / done /      2.00000 para top(01)
Mensaje Y / 00:01:24:220 / motion(02) / j1_position /    171.00000 para top(01)
Mensaje Y / 00:01:24:220 / motion(02) / j2_position /    220.00000 para top(01)
Mensaje D / 00:01:24:220 / motion(02) / ... para top(01)
Mensaje Y / 00:01:24:220 / top(01) / done /      2.00000 para Root(00)
Mensaje Y / 00:01:24:220 / top(01) / j1_position /    171.00000 para Root(00)
Mensaje Y / 00:01:24:220 / top(01) / j2_position /    220.00000 para Root(00)
Mensaje D / 00:01:24:220 / top(01) / ... para Root(00)
Mensaje X / 00:01:25:000 / Root(00) / command / 2311309.00000 para top(01)
Mensaje X / 00:01:25:000 / top(01) / command / 2311309.00000 para motion(02)
Mensaje D / 00:01:25:000 / motion(02) / 00:00:00:311 para top(01)
Mensaje D / 00:01:25:000 / top(01) / 00:00:00:311 para Root(00)
Mensaje * / 00:01:25:311 / Root(00) para top(01)
Mensaje * / 00:01:25:311 / top(01) para motion(02)
Mensaje Y / 00:01:25:311 / motion(02) / done /      2.00000 para top(01)
Mensaje Y / 00:01:25:311 / motion(02) / j1_position /    311.00000 para top(01)
Mensaje Y / 00:01:25:311 / motion(02) / j2_position /    309.00000 para top(01)
Mensaje D / 00:01:25:311 / motion(02) / ... para top(01)
Mensaje Y / 00:01:25:311 / top(01) / done /      2.00000 para Root(00)
Mensaje Y / 00:01:25:311 / top(01) / j1_position /    311.00000 para Root(00)
Mensaje Y / 00:01:25:311 / top(01) / j2_position /    309.00000 para Root(00)
Mensaje D / 00:01:25:311 / top(01) / ... para Root(00)
Mensaje X / 00:01:26:000 / Root(00) / command / 2273227.00000 para top(01)
Mensaje X / 00:01:26:000 / top(01) / command / 2273227.00000 para motion(02)
Mensaje D / 00:01:26:000 / motion(02) / 00:00:00:273 para top(01)
Mensaje D / 00:01:26:000 / top(01) / 00:00:00:273 para Root(00)
Mensaje * / 00:01:26:273 / Root(00) para top(01)
Mensaje * / 00:01:26:273 / top(01) para motion(02)
Mensaje Y / 00:01:26:273 / motion(02) / done /      2.00000 para top(01)
Mensaje Y / 00:01:26:273 / motion(02) / j1_position /    273.00000 para top(01)
Mensaje Y / 00:01:26:273 / motion(02) / j2_position /    227.00000 para top(01)
Mensaje D / 00:01:26:273 / motion(02) / ... para top(01)
Mensaje Y / 00:01:26:273 / top(01) / done /      2.00000 para Root(00)
Mensaje Y / 00:01:26:273 / top(01) / j1_position /    273.00000 para Root(00)
Mensaje Y / 00:01:26:273 / top(01) / j2_position /    227.00000 para Root(00)
Mensaje D / 00:01:26:273 / top(01) / ... para Root(00)
Mensaje X / 00:01:27:000 / Root(00) / command / 2014278.00000 para top(01)
Mensaje X / 00:01:27:000 / top(01) / command / 2014278.00000 para motion(02)
Mensaje D / 00:01:27:000 / motion(02) / 00:00:00:278 para top(01)
Mensaje D / 00:01:27:000 / top(01) / 00:00:00:278 para Root(00)
Mensaje * / 00:01:27:278 / Root(00) para top(01)
Mensaje * / 00:01:27:278 / top(01) para motion(02)
Mensaje Y / 00:01:27:278 / motion(02) / done /      2.00000 para top(01)
Mensaje Y / 00:01:27:278 / motion(02) / j1_position /     14.00000 para top(01)
Mensaje Y / 00:01:27:278 / motion(02) / j2_position /    278.00000 para top(01)
Mensaje D / 00:01:27:278 / motion(02) / ... para top(01)
Mensaje Y / 00:01:27:278 / top(01) / done /      2.00000 para Root(00)
Mensaje Y / 00:01:27:278 / top(01) / j1_position /     14.00000 para Root(00)
Mensaje Y / 00:01:27:278 / top(01) / j2_position /    278.00000 para Root(00)
Mensaje D / 00:01:27:278 / top(01) / ... para Root(00)
Mensaje X / 00:01:28:000 / Root(00) / command / 2053168.00000 para top(01)
Mensaje X / 00:01:28:000 / top(01) / command / 2053168.00000 para motion(02)
Mensaje D / 00:01:28:000 / motion(02) / 00:00:00:168 para top(01)
Mensaje D / 00:01:28:000 / top(01) / 00:00:00:168 para Root(00)
Mensaje * / 00:01:28:168 / Root(00) para top(01)
Mensaje * / 00:01:28:168 / top(01) para motion(02)
Mensaje Y / 00:01:28:168 / motion(02) / done /      2.00000 para top(01)
Mensaje Y / 00:01:28:168 / motion(02) / j1_position /     53.00000 para top(01)
Mensaje Y / 00:01:28:168 / motion(02) / j2_position /    168.00000 para top(01)
Mensaje D / 00:01:28:168 / motion(02) / ... para top(01)
Mensaje Y / 00:01:28:168 / top(01) / done /      2.00000 para Root(00)
Mensaje Y / 00:01:28:168 / top(01) / j1_position /     53.00000 para Root(00)
Mensaje Y / 00:01:28:168 / top(01) / j2_position /    168.00000 para Root(00)
Mensaje D / 00:01:28:168 / top(01) / ... para Root(00)
Mensaje X / 00:01:29:000 / Root(00) / command / 2128278.00000 para top(01)
Mensaje X / 00:01:29:000 / top(01) / command / 2128278.00000 para motion(02)
Mensaje D / 00:01:29:000 / motion(02) / 00:00:00:278 para top(01)
Mensaje D / 00:01:29:000 / top(01) / 00:00:00:278 para Root(00)
Mensaje * / 00:01:29:278 / Root(00) para top(01)
Mensaje * / 00:01:29:278 / top(01) para motion(02)
Mensaje Y / 00:01:29:278 / motion(02) / done /      2.00000 para top(01)
Mensaje Y / 00:01:29:278 / motion(02) / j1_position /    128.00000 para top(01)
Mensaje Y / 00:01:29:278 / motion(02) / j2_position /    278.00000 para top(01)
Mensaje D / 00:01:29:278 / motion(02) / ... para top(01)
Mensaje Y / 00:01:29:278 / top(01) / done /      2.00000 para Root(00)
Mensaje Y / 00:01:29:278 / top(01) / j1_position /    128.00000 para Root(00)
Mensaje Y / 00:01:29:278 / top(01) / j2_position /    278.00000 para Root(00)
Mensaje D / 00:01:29:278 / top(01) / ... para Root(00)
Mensaje X / 00:01:30:000 / Root(00) / command / 2101036.00000 para top(01)
Mensaje X / 00:01:30:000 / top(01) / command / 2101036.00000 para motion(02)
Mensaje D / 00:01:30:000 / motion(02) / 00:00:00:101 para top(01)
Mensaje D / 00:01:30:000 / top(01) / 00:00:00:101 para Root(00)
Mensaje * / 00:01:30:101 / Root(00) para top(01)
Mensaje * / 00:01:30:101 / top(01) para motion(02)
Mensaje Y / 00:01:30:101 / motion(02) / done /      2.00000 para top(01)
Mensaje Y / 00:01:30:101 / motion(02) / j1_position /    101.00000 para top(01)
Mensaje Y / 00:01:30:101 / motion(02) / j2_position /     36.00000 para top(01)
Mensaje D / 00:01:30:101 / motion(02) / ... para top(01)
Mensaje Y / 00:01:30:101 / top(01) / done /      2.00000 para Root(00)
Mensaje Y / 00:01:30:101 / top(01) / j1_position /    101.00000 para Root(00)
Mensaje Y / 00:01:30:101 / top(01) / j2_position /     36.00000 para Root(00)
Mensaje D / 00:01:30:101 / top(01) / ... para Root(00)
Mensaje X / 00:01:31:000 / Root(00) / command / 2244131.00000 para top(01)
Mensaje X / 00:01:31:000 / top(01) / command / 2244131.00000 para motion(02)
Mensaje D / 00:01:31:000 / motion(02) / 00:00:00:244 para top(01)
Mensaje D / 00:01:31:000 / top(01) / 00:00:00:244 para Root(00)
Mensaje * / 00:01:31:244 / Root(00) para top(01)
Mensaje * / 00:01:31:244 / top(01) para motion(02)
Mensaje Y / 00:01:31:244 / motion(02) / done /      2.00000 para top(01)
Mensaje Y / 00:01:31:244 / motion(02) / j1_position /    244.00000 para top(01)
Mensaje Y / 00:01:31:244 / motion(02) / j2_position /    131.00000 para top(01)
Mensaje D / 00:01:31:244 / motion(02) / ... para top(01)
Mensaje Y / 00:01:31:244 / top(01) / done /      2.00000 para Root(00)
Mensaje Y / 00:01:31:244 / top(01) / j1_position /    244.00000 para Root(00)
Mensaje Y / 00:01:31:244 / top(01) / j2_position /    131.00000 para Root(00)
Mensaje D / 00:01:31:244 / top(01) / ... para Root(00)
Mensaje X / 00:01:32:000 / Root(00) / command / 2117260.00000 para top(01)
Mensaje X / 00:01:32:000 / top(01) / command / 2117260.00000 para motion(02)
Mensaje D / 00:01:32:000 / motion(02) / 00:00:00:260 para top(01)
Mensaje D / 00:01:32:000 / top(01) / 00:00:00:260 para Root(00)
Mensaje * / 00:01:32:260 / Root(00) para top(01)
Mensaje * / 00:01:32:260 / top(01) para motion(02)
Mensaje Y / 00:01:32:260 / motion(02) / done /      2.00000 para top(01)
Mensaje Y / 00:01:32:260 / motion(02) / j1_position /    117.00000 para top(01)
Mensaje Y / 00:01:32:260 / motion(02) / j2_position /    260.00000 para top(01)
Mensaje D / 00:01:32:260 / motion(02) / ... para top(01)
Mensaje Y / 00:01:32:260 / top(01) / done /      2.00000 para Root(00)
Mensaje Y / 00:01:32:260 / top(01) / j1_position /    117.00000 para Root(00)
Mensaje Y / 00:01:32:260 / top(01) / j2_position /    260.00000 para Root(00)
Mensaje D / 00:01:32:260 / top(01) / ... para Root(00)
Mensaje X / 00:01:33:000 / Root(00) / command / 2122251.00000 para top(01)
Mensaje X / 00:01:33:000 / top(01) / command / 2122251.00000 para motion(02)
Mensaje D / 00:01:33:000 / motion(02) / 00:00:00:251 para top(01)
Mensaje D / 00:01:33:000 / top(01) / 00:00:00:251 para Root(00)
Mensaje * / 00:01:33:251 / Root(00) para top(01)
Mensaje * / 00:01:33:251 / top(01) para motion(02)
Mensaje Y / 00:01:33:251 / motion(02) / done /      2.00000 para top(01)
Mensaje Y / 00:01:33:251 / motion(02) / j1_position /    122.00000 para top(01)
Mensaje Y / 00:01:33:251 / motion(02) / j2_position /    251.00000 para top(01)
Mensaje D / 00:01:33:251 / motion(02) / ... para top(01)
Mensaje Y / 00:01:33:251 / top(01) / done /      2.00000 para Root(00)
Mensaje Y / 00:01:33:251 / top(01) / j1_position /    122.00000 para Root(00)
Mensaje Y / 00:01:33:251 / top(01) / j2_position /    251.00000 para Root(00)
Mensaje D / 00:01:33:251 / top(01) / ... para Root(00)
Mensaje X / 00:01:34:000 / Root(00) / command / 2117265.00000 para top(01)
Mensaje X / 00:01:34:000 / top(01) / command / 2117265.00000 para motion(02)
Mensaje D / 00:01:34:000 / motion(02) / 00:00:00:265 para top(01)
Mensaje D / 00:01:34:000 / top(01) / 00:00:00:265 para Root(00)
Mensaje * / 00:01:34:265 / Root(00) para top(01)
Mensaje * / 00:01:34:265 / top(01) para motion(02)
Mensaje Y / 00:01:34:265 / motion(02) / done /      2.00000 para top(01)
Mensaje Y / 00:01:34:265 / motion(02) / j1_position /    117.00000 para top(01)
Mensaje Y / 00:01:34:265 / motion(02) / j2_position /    265.00000 para top(01)
Mensaje D / 00:01:34:265 / motion(02) / ... para top(01)
Mensaje Y / 00:01:34:265 / top(01) / done /      2.00000 para Root(00)
Mensaje Y / 00:01:34:265 / top(01) / j1_position /    117.00000 para Root(00)
Mensaje Y / 00:01:34:265 / top(01) / j2_position /    265.00000 para Root(00)
Mensaje D / 00:01:34:265 / top(01) / ... para Root(00)
Mensaje X / 00:01:35:000 / Root(00) / command / 2080161.00000 para top(01)
Mensaje X / 00:01:35:000 / top(01) / command / 2080161.00000 para motion(02)
Mensaje D / 00:01:35:000 / motion(02) / 00:00:00:161 para top(01)
Mensaje D / 00:01:35:000 / top(01) / 00:00:00:161 para Root(00)
Mensaje * / 00:01:35:161 / Root(00) para top(01)
Mensaje * / 00:01:35:161 / top(01) para motion(02)
Mensaje Y / 00:01:35:161 / motion(02) / done /      2.00000 para top(01)
Mensaje Y / 00:01:35:161 / motion(02) / j1_position /     80.00000 para top(01)
Mensaje Y / 00:01:35:161 / motion(02) / j2_position /    161.00000 para top(01)
Mensaje D / 00:01:35:161 / motion(02) / ... para top(01)
Mensaje Y / 00:01:35:161 / top(01) / done /      2.00000 para Root(00)
Mensaje Y / 00:01:35:161 / top(01) / j1_position /     80.00000 para Root(00)
Mensaje Y / 00:01:35:161 / top(01) / j2_position /    161.00000 para Root(00)
Mensaje D / 00:01:35:161 / top(01) / ... para Root(00)
Mensaje X / 00:01:36:000 / Root(00) / command / 2235207.00000 para top(01)
Mensaje X / 00:01:36:000 / top(01) / command / 2235207.00000 para motion(02)
Mensaje D / 00:01:36:000 / motion(02) / 00:00:00:235 para top(01)
Mensaje D / 00:01:36:000 / top(01) / 00:00:00:235 para Root(00)
Mensaje * / 00:01:36:235 / Root(00) para top(01)
Mensaje * / 00:01:36:235 / top(01) para motion(02)
Mensaje Y / 00:01:36:235 / motion(02) / done /      2.00000 para top(01)
Mensaje Y / 00:01:36:235 / motion(02) / j1_position /    235.00000 para top(01)
Mensaje Y / 00:01:36:235 / motion(02) / j2_position /    207.00000 para top(01)
Mensaje D / 00:01:36:235 / motion(02) / ... para top(01)
Mensaje Y / 00:01:36:235 / top(01) / done /      2.00000 para Root(00)
Mensaje Y / 00:01:36:235 / top(01) / j1_position /    235.00000 para Root(00)
Mensaje Y / 00:01:36:235 / top(01) / j2_position /    207.00000 para Root(00)
Mensaje D / 00:01:36:235 / top(01) / ... para Root(00)
Mensaje X / 00:01:37:000 / Root(00) / command / 2042343.00000 para top(01)
Mensaje X / 00:01:37:000 / top(01) / command / 2042343.00000 para motion(02)
Mensaje D / 00:01:37:000 / motion(02) / 00:00:00:343 para top(01)
Mensaje D / 00:01:37:000 / top(01) / 00:00:00:343 para Root(00)
Mensaje * / 00:01:37:343 / Root(00) para top(01)
Mensaje * / 00:01:37:343 / top(01) para motion(02)
Mensaje Y / 00:01:37:343 / motion(02) / done /      2.00000 para top(01)
Mensaje Y / 00:01:37:343 / motion(02) / j1_position /     42.00000 para top(01)
Mensaje Y / 00:01:37:343 / motion(02) / j2_position /    343.00000 para top(01)
Mensaje D / 00:01:37:343 / motion(02) / ... para top(01)
Mensaje Y / 00:01:37:343 / top(01) / done /      2.00000 para Root(00)
Mensaje Y / 00:01:37:343 / top(01) / j1_position /     42.00000 para Root(00)
Mensaje Y / 00:01:37:343 / top(01) / j2_position /    343.00000 para Root(00)
Mensaje D / 00:01:37:343 / top(01) / ... para Root(00)
Mensaje X / 00:01:38:000 / Root(00) / command / 2194337.00000 para top(01)
Mensaje X / 00:01:38:000 / top(01) / command / 2194337.00000 para motion(02)
Mensaje D / 00:01:38:000 / motion(02) / 00:00:00:337 para top(01)
Mensaje D / 00:01:38:000 / top(01) / 00:00:00:337 para Root(00)
Mensaje * / 00:01:38:337 / Root(00) para top(01)
Mensaje * / 00:01:38:337 / top(01) para motion(02)
Mensaje Y / 00:01:38:337 / motion(02) / done /      2.00000 para top(01)
Mensaje Y / 00:01:38:337 / motion(02) / j1_position /    194.00000 para top(01)
Mensaje Y / 00:01:38:337 / motion(02) / j2_position /    337.00000 para top(01)
Mensaje D / 00:01:38:337 / motion(02) / ... para top(01)
Mensaje Y / 00:01:38:337 / top(01) / done /      2.00000 para Root(00)
Mensaje Y / 00:01:38:337 / top(01) / j1_position /    194.00000 para Root(00)
Mensaje Y / 00:01:38:337 / top(01) / j2_position /    337.00000 para Root(00)
Mensaje D / 00:01:38:337 / top(01) / ... para Root(00)
Mensaje X / 00:01:39:000 / Root(00) / command / 2096032.00000 para top(01)
Mensaje X / 00:01:39:000 / top(01) / command / 2096032.00000 para motion(02)
Mensaje D / 00:01:39:000 / motion(02) / 00:00:00:096 para top(01)
Mensaje D / 00:01:39:000 / top(01) / 00:00:00:096 para Root(00)
Mensaje * / 00:01:39:096 / Root(00) para top(01)
Mensaje * / 00:01:39:096 / top(01) para motion(02)
Mensaje Y / 00:01:39:096 / motion(02) / done /      2.00000 para top(01)
Mensaje Y / 00:01:39:096 / motion(02) / j1_position /     96.00000 para top(01)
Mensaje Y / 00:01:39:096 / motion(02) / j2_position /     32.00000 para top(01)
Mensaje D / 00:01:39:096 / motion(02) / ... para top(01)
Mensaje Y / 00:01:39:096 / top(01) / done /      2.00000 para Root(00)
Mensaje Y / 00:01:39:096 / top(01) / j1_position /     96.00000 para Root(00)
Mensaje Y / 00:01:39:096 / top(01) / j2_position /     32.00000 para Root(00)
Mensaje D / 00:01:39:096 / top(01) / ... para Root(00)
