Mensaje I / 00:00:00:000 / Root(00) para top(01)
Mensaje I / 00:00:00:000 / top(01) para homing(02)
Mensaje I / 00:00:00:000 / top(01) para motioncontroller(05)
Mensaje I / 00:00:00:000 / homing(02) para joint1(03)
Mensaje I / 00:00:00:000 / homing(02) para joint2(04)
Mensaje I / 00:00:00:000 / motioncontroller(05) para decision(06)
Mensaje I / 00:00:00:000 / motioncontroller(05) para motion(07)
Mensaje D / 00:00:00:000 / joint1(03) / ... para homing(02)
Mensaje D / 00:00:00:000 / joint2(04) / ... para homing(02)
Mensaje D / 00:00:00:000 / decision(06) / ... para motioncontroller(05)
Mensaje D / 00:00:00:000 / motion(07) / ... para motioncontroller(05)
Mensaje D / 00:00:00:000 / homing(02) / ... para top(01)
Mensaje D / 00:00:00:000 / motioncontroller(05) / ... para top(01)
Mensaje D / 00:00:00:000 / top(01) / ... para Root(00)
Mensaje X / 00:00:00:001 / Root(00) / user_input / 2122095.00000 para top(01)
Mensaje X / 00:00:00:001 / top(01) / input_command / 2122095.00000 para motioncontroller(05)
Mensaje X / 00:00:00:001 / motioncontroller(05) / usercommand / 2122095.00000 para decision(06)
Mensaje D / 00:00:00:001 / decision(06) / ... para motioncontroller(05)
Mensaje D / 00:00:00:001 / motioncontroller(05) / ... para top(01)
Mensaje D / 00:00:00:001 / top(01) / ... para Root(00)
Mensaje X / 00:00:00:005 / Root(00) / user_input / 3112055.00000 para top(01)
Mensaje X / 00:00:00:005 / top(01) / input_command / 3112055.00000 para motioncontroller(05)
Mensaje X / 00:00:00:005 / motioncontroller(05) / usercommand / 3112055.00000 para decision(06)
Mensaje D / 00:00:00:005 / decision(06) / ... para motioncontroller(05)
Mensaje D / 00:00:00:005 / motioncontroller(05) / ... para top(01)
Mensaje D / 00:00:00:005 / top(01) / ... para Root(00)
Mensaje X / 00:00:00:010 / Root(00) / user_input / 1098324.00000 para top(01)
Mensaje X / 00:00:00:010 / top(01) / input_command / 1098324.00000 para motioncontroller(05)
Mensaje X / 00:00:00:010 / motioncontroller(05) / usercommand / 1098324.00000 para decision(06)
Mensaje D / 00:00:00:010 / decision(06) / 00:00:00:000 para motioncontroller(05)
Mensaje D / 00:00:00:010 / motioncontroller(05) / 00:00:00:000 para top(01)
Mensaje D / 00:00:00:010 / top(01) / 00:00:00:000 para Root(00)
Mensaje * / 00:00:00:010 / Root(00) para top(01)
Mensaje * / 00:00:00:010 / top(01) para motioncontroller(05)
Mensaje * / 00:00:00:010 / motioncontroller(05) para decision(06)
Mensaje Y / 00:00:00:010 / decision(06) / home_command /      1.00000 para motioncontroller(05)
Mensaje D / 00:00:00:010 / decision(06) / ... para motioncontroller(05)
Mensaje Y / 00:00:00:010 / motioncontroller(05) / m_homing_command /      1.00000 para top(01)
Mensaje D / 00:00:00:010 / motioncontroller(05) / ... para top(01)
Mensaje X / 00:00:00:010 / top(01) / h_homing_command /      1.00000 para homing(02)
Mensaje X / 00:00:00:010 / homing(02) / homing /      1.00000 para joint1(03)
Mensaje D / 00:00:00:010 / joint1(03) / 00:00:00:180 para homing(02)
Mensaje D / 00:00:00:010 / homing(02) / 00:00:00:180 para top(01)
Mensaje D / 00:00:00:010 / top(01) / 00:00:00:180 para Root(00)
Mensaje X / 00:00:00:011 / Root(00) / user_input / 3214002.00000 para top(01)
Mensaje X / 00:00:00:011 / top(01) / input_command / 3214002.00000 para motioncontroller(05)
Mensaje X / 00:00:00:011 / motioncontroller(05) / usercommand / 3214002.00000 para decision(06)
Mensaje D / 00:00:00:011 / decision(06) / 00:00:00:000 para motioncontroller(05)
Mensaje D / 00:00:00:011 / motioncontroller(05) / 00:00:00:000 para top(01)
Mensaje D / 00:00:00:011 / top(01) / 00:00:00:000 para Root(00)
Mensaje * / 00:00:00:011 / Root(00) para top(01)
Mensaje * / 00:00:00:011 / top(01) para motioncontroller(05)
Mensaje * / 00:00:00:011 / motioncontroller(05) para decision(06)
Mensaje Y / 00:00:00:011 / decision(06) / home_command /      3.00000 para motioncontroller(05)
Mensaje D / 00:00:00:011 / decision(06) / ... para motioncontroller(05)
Mensaje Y / 00:00:00:011 / motioncontroller(05) / m_homing_command /      3.00000 para top(01)
Mensaje D / 00:00:00:011 / motioncontroller(05) / ... para top(01)
Mensaje X / 00:00:00:011 / top(01) / h_homing_command /      3.00000 para homing(02)
Mensaje X / 00:00:00:011 / homing(02) / homing /      3.00000 para joint1(03)
Mensaje D / 00:00:00:011 / joint1(03) / 00:00:00:000 para homing(02)
Mensaje D / 00:00:00:011 / homing(02) / 00:00:00:000 para top(01)
Mensaje D / 00:00:00:011 / top(01) / 00:00:00:000 para Root(00)
Mensaje * / 00:00:00:011 / Root(00) para top(01)
Mensaje * / 00:00:00:011 / top(01) para homing(02)
Mensaje * / 00:00:00:011 / homing(02) para joint1(03)
Mensaje Y / 00:00:00:011 / joint1(03) / done /      3.00000 para homing(02)
Mensaje D / 00:00:00:011 / joint1(03) / ... para homing(02)
Mensaje X / 00:00:00:011 / homing(02) / homing /      3.00000 para joint2(04)
Mensaje D / 00:00:00:011 / joint2(04) / 00:00:00:000 para homing(02)
Mensaje D / 00:00:00:011 / homing(02) / 00:00:00:000 para top(01)
Mensaje D / 00:00:00:011 / top(01) / 00:00:00:000 para Root(00)
Mensaje * / 00:00:00:011 / Root(00) para top(01)
Mensaje * / 00:00:00:011 / top(01) para homing(02)
Mensaje * / 00:00:00:011 / homing(02) para joint2(04)
Mensaje Y / 00:00:00:011 / joint2(04) / done /      3.00000 para homing(02)
Mensaje D / 00:00:00:011 / joint2(04) / ... para homing(02)
Mensaje Y / 00:00:00:011 / homing(02) / homed /      3.00000 para top(01)
Mensaje D / 00:00:00:011 / homing(02) / ... para top(01)
Mensaje X / 00:00:00:011 / top(01) / done /      3.00000 para motioncontroller(05)
Mensaje X / 00:00:00:011 / motioncontroller(05) / done_homing /      3.00000 para decision(06)
Mensaje D / 00:00:00:011 / decision(06) / ... para motioncontroller(05)
Mensaje D / 00:00:00:011 / motioncontroller(05) / ... para top(01)
Mensaje D / 00:00:00:011 / top(01) / ... para Root(00)
Mensaje X / 00:00:00:020 / Root(00) / user_input / 2005009.00000 para top(01)
Mensaje X / 00:00:00:020 / top(01) / input_command / 2005009.00000 para motioncontroller(05)
Mensaje X / 00:00:00:020 / motioncontroller(05) / usercommand / 2005009.00000 para decision(06)
Mensaje D / 00:00:00:020 / decision(06) / ... para motioncontroller(05)
Mensaje D / 00:00:00:020 / motioncontroller(05) / ... para top(01)
Mensaje D / 00:00:00:020 / top(01) / ... para Root(00)
Mensaje X / 00:00:00:025 / Root(00) / user_input / 3165298.00000 para top(01)
Mensaje X / 00:00:00:025 / top(01) / input_command / 3165298.00000 para motioncontroller(05)
Mensaje X / 00:00:00:025 / motioncontroller(05) / usercommand / 3165298.00000 para decision(06)
Mensaje D / 00:00:00:025 / decision(06) / ... para motioncontroller(05)
Mensaje D / 00:00:00:025 / motioncontroller(05) / ... para top(01)
Mensaje D / 00:00:00:025 / top(01) / ... para Root(00)
Mensaje X / 00:00:01:000 / Root(00) / user_input / 1149099.00000 para top(01)
Mensaje X / 00:00:01:000 / top(01) / input_command / 1149099.00000 para motioncontroller(05)
Mensaje X / 00:00:01:000 / motioncontroller(05) / usercommand / 1149099.00000 para decision(06)
Mensaje D / 00:00:01:000 / decision(06) / 00:00:00:000 para motioncontroller(05)
Mensaje D / 00:00:01:000 / motioncontroller(05) / 00:00:00:000 para top(01)
Mensaje D / 00:00:01:000 / top(01) / 00:00:00:000 para Root(00)
Mensaje * / 00:00:01:000 / Root(00) para top(01)
Mensaje * / 00:00:01:000 / top(01) para motioncontroller(05)
Mensaje * / 00:00:01:000 / motioncontroller(05) para decision(06)
Mensaje Y / 00:00:01:000 / decision(06) / home_command /      1.00000 para motioncontroller(05)
Mensaje D / 00:00:01:000 / decision(06) / ... para motioncontroller(05)
Mensaje Y / 00:00:01:000 / motioncontroller(05) / m_homing_command /      1.00000 para top(01)
Mensaje D / 00:00:01:000 / motioncontroller(05) / ... para top(01)
Mensaje X / 00:00:01:000 / top(01) / h_homing_command /      1.00000 para homing(02)
Mensaje X / 00:00:01:000 / homing(02) / homing /      1.00000 para joint1(03)
Mensaje D / 00:00:01:000 / joint1(03) / 00:00:00:180 para homing(02)
Mensaje D / 00:00:01:000 / homing(02) / 00:00:00:180 para top(01)
Mensaje D / 00:00:01:000 / top(01) / 00:00:00:180 para Root(00)
Mensaje * / 00:00:01:180 / Root(00) para top(01)
Mensaje * / 00:00:01:180 / top(01) para homing(02)
Mensaje * / 00:00:01:180 / homing(02) para joint1(03)
Mensaje Y / 00:00:01:180 / joint1(03) / done /      1.00000 para homing(02)
Mensaje D / 00:00:01:180 / joint1(03) / ... para homing(02)
Mensaje X / 00:00:01:180 / homing(02) / homing /      1.00000 para joint2(04)
Mensaje D / 00:00:01:180 / joint2(04) / 00:00:00:180 para homing(02)
Mensaje D / 00:00:01:180 / homing(02) / 00:00:00:180 para top(01)
Mensaje D / 00:00:01:180 / top(01) / 00:00:00:180 para Root(00)
Mensaje * / 00:00:01:360 / Root(00) para top(01)
Mensaje * / 00:00:01:360 / top(01) para homing(02)
Mensaje * / 00:00:01:360 / homing(02) para joint2(04)
Mensaje Y / 00:00:01:360 / joint2(04) / done /      1.00000 para homing(02)
Mensaje D / 00:00:01:360 / joint2(04) / ... para homing(02)
Mensaje Y / 00:00:01:360 / homing(02) / homed /      1.00000 para top(01)
Mensaje D / 00:00:01:360 / homing(02) / ... para top(01)
Mensaje X / 00:00:01:360 / top(01) / done /      1.00000 para motioncontroller(05)
Mensaje X / 00:00:01:360 / motioncontroller(05) / done_homing /      1.00000 para decision(06)
Mensaje D / 00:00:01:360 / decision(06) / ... para motioncontroller(05)
Mensaje D / 00:00:01:360 / motioncontroller(05) / ... para top(01)
Mensaje D / 00:00:01:360 / top(01) / ... para Root(00)
Mensaje X / 00:00:02:000 / Root(00) / user_input / 2045354.00000 para top(01)
Mensaje X / 00:00:02:000 / top(01) / input_command / 2045354.00000 para motioncontroller(05)
Mensaje X / 00:00:02:000 / motioncontroller(05) / usercommand / 2045354.00000 para decision(06)
Mensaje D / 00:00:02:000 / decision(06) / 00:00:00:000 para motioncontroller(05)
Mensaje D / 00:00:02:000 / motioncontroller(05) / 00:00:00:000 para top(01)
Mensaje D / 00:00:02:000 / top(01) / 00:00:00:000 para Root(00)
Mensaje * / 00:00:02:000 / Root(00) para top(01)
Mensaje * / 00:00:02:000 / top(01) para motioncontroller(05)
Mensaje * / 00:00:02:000 / motioncontroller(05) para decision(06)
Mensaje Y / 00:00:02:000 / decision(06) / motion_command / 2045354.00000 para motioncontroller(05)
Mensaje D / 00:00:02:000 / decision(06) / ... para motioncontroller(05)
Mensaje X / 00:00:02:000 / motioncontroller(05) / command / 2045354.00000 para motion(07)
Mensaje D / 00:00:02:000 / motion(07) / 00:00:00:354 para motioncontroller(05)
Mensaje D / 00:00:02:000 / motioncontroller(05) / 00:00:00:354 para top(01)
Mensaje D / 00:00:02:000 / top(01) / 00:00:00:354 para Root(00)
Mensaje X / 00:00:02:020 / Root(00) / user_input / 2121044.00000 para top(01)
Mensaje X / 00:00:02:020 / top(01) / input_command / 2121044.00000 para motioncontroller(05)
Mensaje X / 00:00:02:020 / motioncontroller(05) / usercommand / 2121044.00000 para decision(06)
Mensaje D / 00:00:02:020 / decision(06) / ... para motioncontroller(05)
Mensaje D / 00:00:02:020 / motioncontroller(05) / 00:00:00:334 para top(01)
Mensaje D / 00:00:02:020 / top(01) / 00:00:00:334 para Root(00)
Mensaje X / 00:00:02:045 / Root(00) / user_input / 2242242.00000 para top(01)
Mensaje X / 00:00:02:045 / top(01) / input_command / 2242242.00000 para motioncontroller(05)
Mensaje X / 00:00:02:045 / motioncontroller(05) / usercommand / 2242242.00000 para decision(06)
Mensaje D / 00:00:02:045 / decision(06) / ... para motioncontroller(05)
Mensaje D / 00:00:02:045 / motioncontroller(05) / 00:00:00:309 para top(01)
Mensaje D / 00:00:02:045 / top(01) / 00:00:00:309 para Root(00)
Mensaje * / 00:00:02:354 / Root(00) para top(01)
Mensaje * / 00:00:02:354 / top(01) para motioncontroller(05)
Mensaje * / 00:00:02:354 / motioncontroller(05) para motion(07)
Mensaje Y / 00:00:02:354 / motion(07) / done /      2.00000 para motioncontroller(05)
Mensaje Y / 00:00:02:354 / motion(07) / j1_position /     45.00000 para motioncontroller(05)
Mensaje Y / 00:00:02:354 / motion(07) / j2_position /    354.00000 para motioncontroller(05)
Mensaje D / 00:00:02:354 / motion(07) / ... para motioncontroller(05)
Mensaje X / 00:00:02:354 / motioncontroller(05) / done_motion /      2.00000 para decision(06)
Mensaje Y / 00:00:02:354 / motioncontroller(05) / outj1_pos /     45.00000 para top(01)
Mensaje Y / 00:00:02:354 / motioncontroller(05) / outj2_pos /    354.00000 para top(01)
Mensaje D / 00:00:02:354 / decision(06) / ... para motioncontroller(05)
Mensaje Y / 00:00:02:354 / top(01) / robotj1 /     45.00000 para Root(00)
Mensaje Y / 00:00:02:354 / top(01) / robotj2 /    354.00000 para Root(00)
Mensaje D / 00:00:02:354 / motioncontroller(05) / ... para top(01)
Mensaje D / 00:00:02:354 / top(01) / ... para Root(00)
Mensaje X / 00:00:03:000 / Root(00) / user_input / 2144046.00000 para top(01)
Mensaje X / 00:00:03:000 / top(01) / input_command / 2144046.00000 para motioncontroller(05)
Mensaje X / 00:00:03:000 / motioncontroller(05) / usercommand / 2144046.00000 para decision(06)
Mensaje D / 00:00:03:000 / decision(06) / 00:00:00:000 para motioncontroller(05)
Mensaje D / 00:00:03:000 / motioncontroller(05) / 00:00:00:000 para top(01)
Mensaje D / 00:00:03:000 / top(01) / 00:00:00:000 para Root(00)
Mensaje * / 00:00:03:000 / Root(00) para top(01)
Mensaje * / 00:00:03:000 / top(01) para motioncontroller(05)
Mensaje * / 00:00:03:000 / motioncontroller(05) para decision(06)
Mensaje Y / 00:00:03:000 / decision(06) / motion_command / 2144046.00000 para motioncontroller(05)
Mensaje D / 00:00:03:000 / decision(06) / ... para motioncontroller(05)
Mensaje X / 00:00:03:000 / motioncontroller(05) / command / 2144046.00000 para motion(07)
Mensaje D / 00:00:03:000 / motion(07) / 00:00:00:144 para motioncontroller(05)
Mensaje D / 00:00:03:000 / motioncontroller(05) / 00:00:00:144 para top(01)
Mensaje D / 00:00:03:000 / top(01) / 00:00:00:144 para Root(00)
Mensaje * / 00:00:03:144 / Root(00) para top(01)
Mensaje * / 00:00:03:144 / top(01) para motioncontroller(05)
Mensaje * / 00:00:03:144 / motioncontroller(05) para motion(07)
Mensaje Y / 00:00:03:144 / motion(07) / done /      2.00000 para motioncontroller(05)
Mensaje Y / 00:00:03:144 / motion(07) / j1_position /    144.00000 para motioncontroller(05)
Mensaje Y / 00:00:03:144 / motion(07) / j2_position /     46.00000 para motioncontroller(05)
Mensaje D / 00:00:03:144 / motion(07) / ... para motioncontroller(05)
Mensaje X / 00:00:03:144 / motioncontroller(05) / done_motion /      2.00000 para decision(06)
Mensaje Y / 00:00:03:144 / motioncontroller(05) / outj1_pos /    144.00000 para top(01)
Mensaje Y / 00:00:03:144 / motioncontroller(05) / outj2_pos /     46.00000 para top(01)
Mensaje D / 00:00:03:144 / decision(06) / ... para motioncontroller(05)
Mensaje Y / 00:00:03:144 / top(01) / robotj1 /    144.00000 para Root(00)
Mensaje Y / 00:00:03:144 / top(01) / robotj2 /     46.00000 para Root(00)
Mensaje D / 00:00:03:144 / motioncontroller(05) / ... para top(01)
Mensaje D / 00:00:03:144 / top(01) / ... para Root(00)
Mensaje X / 00:00:04:000 / Root(00) / user_input / 3167252.00000 para top(01)
Mensaje X / 00:00:04:000 / top(01) / input_command / 3167252.00000 para motioncontroller(05)
Mensaje X / 00:00:04:000 / motioncontroller(05) / usercommand / 3167252.00000 para decision(06)
Mensaje D / 00:00:04:000 / decision(06) / ... para motioncontroller(05)
Mensaje D / 00:00:04:000 / motioncontroller(05) / ... para top(01)
Mensaje D / 00:00:04:000 / top(01) / ... para Root(00)
Mensaje X / 00:00:05:000 / Root(00) / user_input / 2333053.00000 para top(01)
Mensaje X / 00:00:05:000 / top(01) / input_command / 2333053.00000 para motioncontroller(05)
Mensaje X / 00:00:05:000 / motioncontroller(05) / usercommand / 2333053.00000 para decision(06)
Mensaje D / 00:00:05:000 / decision(06) / 00:00:00:000 para motioncontroller(05)
Mensaje D / 00:00:05:000 / motioncontroller(05) / 00:00:00:000 para top(01)
Mensaje D / 00:00:05:000 / top(01) / 00:00:00:000 para Root(00)
Mensaje * / 00:00:05:000 / Root(00) para top(01)
Mensaje * / 00:00:05:000 / top(01) para motioncontroller(05)
Mensaje * / 00:00:05:000 / motioncontroller(05) para decision(06)
Mensaje Y / 00:00:05:000 / decision(06) / motion_command / 2333053.00000 para motioncontroller(05)
Mensaje D / 00:00:05:000 / decision(06) / ... para motioncontroller(05)
Mensaje X / 00:00:05:000 / motioncontroller(05) / command / 2333053.00000 para motion(07)
Mensaje D / 00:00:05:000 / motion(07) / 00:00:00:333 para motioncontroller(05)
Mensaje D / 00:00:05:000 / motioncontroller(05) / 00:00:00:333 para top(01)
Mensaje D / 00:00:05:000 / top(01) / 00:00:00:333 para Root(00)
Mensaje X / 00:00:05:010 / Root(00) / user_input / 3124223.00000 para top(01)
Mensaje X / 00:00:05:010 / top(01) / input_command / 3124223.00000 para motioncontroller(05)
Mensaje X / 00:00:05:010 / motioncontroller(05) / usercommand / 3124223.00000 para decision(06)
Mensaje D / 00:00:05:010 / decision(06) / 00:00:00:000 para motioncontroller(05)
Mensaje D / 00:00:05:010 / motioncontroller(05) / 00:00:00:000 para top(01)
Mensaje D / 00:00:05:010 / top(01) / 00:00:00:000 para Root(00)
Mensaje * / 00:00:05:010 / Root(00) para top(01)
Mensaje * / 00:00:05:010 / top(01) para motioncontroller(05)
Mensaje * / 00:00:05:010 / motioncontroller(05) para decision(06)
Mensaje Y / 00:00:05:010 / decision(06) / motion_command / 3124223.00000 para motioncontroller(05)
Mensaje D / 00:00:05:010 / decision(06) / ... para motioncontroller(05)
Mensaje X / 00:00:05:010 / motioncontroller(05) / command / 3124223.00000 para motion(07)
Mensaje D / 00:00:05:010 / motion(07) / 00:00:00:000 para motioncontroller(05)
Mensaje D / 00:00:05:010 / motioncontroller(05) / 00:00:00:000 para top(01)
Mensaje D / 00:00:05:010 / top(01) / 00:00:00:000 para Root(00)
Mensaje * / 00:00:05:010 / Root(00) para top(01)
Mensaje * / 00:00:05:010 / top(01) para motioncontroller(05)
Mensaje * / 00:00:05:010 / motioncontroller(05) para motion(07)
Mensaje Y / 00:00:05:010 / motion(07) / done /      3.00000 para motioncontroller(05)
Mensaje D / 00:00:05:010 / motion(07) / ... para motioncontroller(05)
Mensaje X / 00:00:05:010 / motioncontroller(05) / done_motion /      3.00000 para decision(06)
Mensaje D / 00:00:05:010 / decision(06) / ... para motioncontroller(05)
Mensaje D / 00:00:05:010 / motioncontroller(05) / ... para top(01)
Mensaje D / 00:00:05:010 / top(01) / ... para Root(00)
Mensaje X / 00:00:06:000 / Root(00) / user_input / 2344214.00000 para top(01)
Mensaje X / 00:00:06:000 / top(01) / input_command / 2344214.00000 para motioncontroller(05)
Mensaje X / 00:00:06:000 / motioncontroller(05) / usercommand / 2344214.00000 para decision(06)
Mensaje D / 00:00:06:000 / decision(06) / 00:00:00:000 para motioncontroller(05)
Mensaje D / 00:00:06:000 / motioncontroller(05) / 00:00:00:000 para top(01)
Mensaje D / 00:00:06:000 / top(01) / 00:00:00:000 para Root(00)
Mensaje * / 00:00:06:000 / Root(00) para top(01)
Mensaje * / 00:00:06:000 / top(01) para motioncontroller(05)
Mensaje * / 00:00:06:000 / motioncontroller(05) para decision(06)
Mensaje Y / 00:00:06:000 / decision(06) / motion_command / 2344214.00000 para motioncontroller(05)
Mensaje D / 00:00:06:000 / decision(06) / ... para motioncontroller(05)
Mensaje X / 00:00:06:000 / motioncontroller(05) / command / 2344214.00000 para motion(07)
Mensaje D / 00:00:06:000 / motion(07) / 00:00:00:344 para motioncontroller(05)
Mensaje D / 00:00:06:000 / motioncontroller(05) / 00:00:00:344 para top(01)
Mensaje D / 00:00:06:000 / top(01) / 00:00:00:344 para Root(00)
Mensaje * / 00:00:06:344 / Root(00) para top(01)
Mensaje * / 00:00:06:344 / top(01) para motioncontroller(05)
Mensaje * / 00:00:06:344 / motioncontroller(05) para motion(07)
Mensaje Y / 00:00:06:344 / motion(07) / done /      2.00000 para motioncontroller(05)
Mensaje Y / 00:00:06:344 / motion(07) / j1_position /    344.00000 para motioncontroller(05)
Mensaje Y / 00:00:06:344 / motion(07) / j2_position /    214.00000 para motioncontroller(05)
Mensaje D / 00:00:06:344 / motion(07) / ... para motioncontroller(05)
Mensaje X / 00:00:06:344 / motioncontroller(05) / done_motion /      2.00000 para decision(06)
Mensaje Y / 00:00:06:344 / motioncontroller(05) / outj1_pos /    344.00000 para top(01)
Mensaje Y / 00:00:06:344 / motioncontroller(05) / outj2_pos /    214.00000 para top(01)
Mensaje D / 00:00:06:344 / decision(06) / ... para motioncontroller(05)
Mensaje Y / 00:00:06:344 / top(01) / robotj1 /    344.00000 para Root(00)
Mensaje Y / 00:00:06:344 / top(01) / robotj2 /    214.00000 para Root(00)
Mensaje D / 00:00:06:344 / motioncontroller(05) / ... para top(01)
Mensaje D / 00:00:06:344 / top(01) / ... para Root(00)
Mensaje X / 00:00:07:000 / Root(00) / user_input / 3119121.00000 para top(01)
Mensaje X / 00:00:07:000 / top(01) / input_command / 3119121.00000 para motioncontroller(05)
Mensaje X / 00:00:07:000 / motioncontroller(05) / usercommand / 3119121.00000 para decision(06)
Mensaje D / 00:00:07:000 / decision(06) / ... para motioncontroller(05)
Mensaje D / 00:00:07:000 / motioncontroller(05) / ... para top(01)
Mensaje D / 00:00:07:000 / top(01) / ... para Root(00)
Mensaje X / 00:00:08:000 / Root(00) / user_input / 2347003.00000 para top(01)
Mensaje X / 00:00:08:000 / top(01) / input_command / 2347003.00000 para motioncontroller(05)
Mensaje X / 00:00:08:000 / motioncontroller(05) / usercommand / 2347003.00000 para decision(06)
Mensaje D / 00:00:08:000 / decision(06) / 00:00:00:000 para motioncontroller(05)
Mensaje D / 00:00:08:000 / motioncontroller(05) / 00:00:00:000 para top(01)
Mensaje D / 00:00:08:000 / top(01) / 00:00:00:000 para Root(00)
Mensaje * / 00:00:08:000 / Root(00) para top(01)
Mensaje * / 00:00:08:000 / top(01) para motioncontroller(05)
Mensaje * / 00:00:08:000 / motioncontroller(05) para decision(06)
Mensaje Y / 00:00:08:000 / decision(06) / motion_command / 2347003.00000 para motioncontroller(05)
Mensaje D / 00:00:08:000 / decision(06) / ... para motioncontroller(05)
Mensaje X / 00:00:08:000 / motioncontroller(05) / command / 2347003.00000 para motion(07)
Mensaje D / 00:00:08:000 / motion(07) / 00:00:00:347 para motioncontroller(05)
Mensaje D / 00:00:08:000 / motioncontroller(05) / 00:00:00:347 para top(01)
Mensaje D / 00:00:08:000 / top(01) / 00:00:00:347 para Root(00)
Mensaje * / 00:00:08:347 / Root(00) para top(01)
Mensaje * / 00:00:08:347 / top(01) para motioncontroller(05)
Mensaje * / 00:00:08:347 / motioncontroller(05) para motion(07)
Mensaje Y / 00:00:08:347 / motion(07) / done /      2.00000 para motioncontroller(05)
Mensaje Y / 00:00:08:347 / motion(07) / j1_position /    347.00000 para motioncontroller(05)
Mensaje Y / 00:00:08:347 / motion(07) / j2_position /      3.00000 para motioncontroller(05)
Mensaje D / 00:00:08:347 / motion(07) / ... para motioncontroller(05)
Mensaje X / 00:00:08:347 / motioncontroller(05) / done_motion /      2.00000 para decision(06)
Mensaje Y / 00:00:08:347 / motioncontroller(05) / outj1_pos /    347.00000 para top(01)
Mensaje Y / 00:00:08:347 / motioncontroller(05) / outj2_pos /      3.00000 para top(01)
Mensaje D / 00:00:08:347 / decision(06) / ... para motioncontroller(05)
Mensaje Y / 00:00:08:347 / top(01) / robotj1 /    347.00000 para Root(00)
Mensaje Y / 00:00:08:347 / top(01) / robotj2 /      3.00000 para Root(00)
Mensaje D / 00:00:08:347 / motioncontroller(05) / ... para top(01)
Mensaje D / 00:00:08:347 / top(01) / ... para Root(00)
Mensaje X / 00:00:09:000 / Root(00) / user_input / 3032314.00000 para top(01)
Mensaje X / 00:00:09:000 / top(01) / input_command / 3032314.00000 para motioncontroller(05)
Mensaje X / 00:00:09:000 / motioncontroller(05) / usercommand / 3032314.00000 para decision(06)
Mensaje D / 00:00:09:000 / decision(06) / ... para motioncontroller(05)
Mensaje D / 00:00:09:000 / motioncontroller(05) / ... para top(01)
Mensaje D / 00:00:09:000 / top(01) / ... para Root(00)
