Mensaje I / 00:00:00:000 / Root(00) para top(01)
Mensaje I / 00:00:00:000 / top(01) para homing(02)
Mensaje I / 00:00:00:000 / top(01) para motioncontroller(05)
Mensaje I / 00:00:00:000 / homing(02) para joint1(03)
Mensaje I / 00:00:00:000 / homing(02) para joint2(04)
Mensaje I / 00:00:00:000 / motioncontroller(05) para decision(06)
Mensaje I / 00:00:00:000 / motioncontroller(05) para motion(07)
Mensaje D / 00:00:00:000 / joint1(03) / ... para homing(02)
Mensaje D / 00:00:00:000 / joint2(04) / ... para homing(02)
Mensaje D / 00:00:00:000 / decision(06) / ... para motioncontroller(05)
Mensaje D / 00:00:00:000 / motion(07) / ... para motioncontroller(05)
Mensaje D / 00:00:00:000 / homing(02) / ... para top(01)
Mensaje D / 00:00:00:000 / motioncontroller(05) / ... para top(01)
Mensaje D / 00:00:00:000 / top(01) / ... para Root(00)
Mensaje X / 00:00:00:010 / Root(00) / user_input / 1214345.00000 para top(01)
Mensaje X / 00:00:00:010 / top(01) / input_command / 1214345.00000 para motioncontroller(05)
Mensaje X / 00:00:00:010 / motioncontroller(05) / usercommand / 1214345.00000 para decision(06)
Mensaje D / 00:00:00:010 / decision(06) / 00:00:00:000 para motioncontroller(05)
Mensaje D / 00:00:00:010 / motioncontroller(05) / 00:00:00:000 para top(01)
Mensaje D / 00:00:00:010 / top(01) / 00:00:00:000 para Root(00)
Mensaje * / 00:00:00:010 / Root(00) para top(01)
Mensaje * / 00:00:00:010 / top(01) para motioncontroller(05)
Mensaje * / 00:00:00:010 / motioncontroller(05) para decision(06)
Mensaje Y / 00:00:00:010 / decision(06) / home_command /      1.00000 para motioncontroller(05)
Mensaje D / 00:00:00:010 / decision(06) / ... para motioncontroller(05)
Mensaje Y / 00:00:00:010 / motioncontroller(05) / m_homing_command /      1.00000 para top(01)
Mensaje D / 00:00:00:010 / motioncontroller(05) / ... para top(01)
Mensaje X / 00:00:00:010 / top(01) / h_homing_command /      1.00000 para homing(02)
Mensaje X / 00:00:00:010 / homing(02) / homing /      1.00000 para joint1(03)
Mensaje D / 00:00:00:010 / joint1(03) / 00:00:00:180 para homing(02)
Mensaje D / 00:00:00:010 / homing(02) / 00:00:00:180 para top(01)
Mensaje D / 00:00:00:010 / top(01) / 00:00:00:180 para Root(00)
Mensaje X / 00:00:00:040 / Root(00) / user_input / 2119209.00000 para top(01)
Mensaje X / 00:00:00:040 / top(01) / input_command / 2119209.00000 para motioncontroller(05)
Mensaje X / 00:00:00:040 / motioncontroller(05) / usercommand / 2119209.00000 para decision(06)
Mensaje D / 00:00:00:040 / decision(06) / ... para motioncontroller(05)
Mensaje D / 00:00:00:040 / motioncontroller(05) / ... para top(01)
Mensaje D / 00:00:00:040 / top(01) / 00:00:00:150 para Root(00)
Mensaje * / 00:00:00:190 / Root(00) para top(01)
Mensaje * / 00:00:00:190 / top(01) para homing(02)
Mensaje * / 00:00:00:190 / homing(02) para joint1(03)
Mensaje Y / 00:00:00:190 / joint1(03) / done /      1.00000 para homing(02)
Mensaje D / 00:00:00:190 / joint1(03) / ... para homing(02)
Mensaje X / 00:00:00:190 / homing(02) / homing /      1.00000 para joint2(04)
Mensaje D / 00:00:00:190 / joint2(04) / 00:00:00:180 para homing(02)
Mensaje D / 00:00:00:190 / homing(02) / 00:00:00:180 para top(01)
Mensaje D / 00:00:00:190 / top(01) / 00:00:00:180 para Root(00)
Mensaje * / 00:00:00:370 / Root(00) para top(01)
Mensaje * / 00:00:00:370 / top(01) para homing(02)
Mensaje * / 00:00:00:370 / homing(02) para joint2(04)
Mensaje Y / 00:00:00:370 / joint2(04) / done /      1.00000 para homing(02)
Mensaje D / 00:00:00:370 / joint2(04) / ... para homing(02)
Mensaje Y / 00:00:00:370 / homing(02) / homed /      1.00000 para top(01)
Mensaje D / 00:00:00:370 / homing(02) / ... para top(01)
Mensaje X / 00:00:00:370 / top(01) / done /      1.00000 para motioncontroller(05)
Mensaje X / 00:00:00:370 / motioncontroller(05) / done_homing /      1.00000 para decision(06)
Mensaje D / 00:00:00:370 / decision(06) / ... para motioncontroller(05)
Mensaje D / 00:00:00:370 / motioncontroller(05) / ... para top(01)
Mensaje D / 00:00:00:370 / top(01) / ... para Root(00)
Mensaje X / 00:00:03:000 / Root(00) / user_input / 2102090.00000 para top(01)
Mensaje X / 00:00:03:000 / top(01) / input_command / 2102090.00000 para motioncontroller(05)
Mensaje X / 00:00:03:000 / motioncontroller(05) / usercommand / 2102090.00000 para decision(06)
Mensaje D / 00:00:03:000 / decision(06) / 00:00:00:000 para motioncontroller(05)
Mensaje D / 00:00:03:000 / motioncontroller(05) / 00:00:00:000 para top(01)
Mensaje D / 00:00:03:000 / top(01) / 00:00:00:000 para Root(00)
Mensaje * / 00:00:03:000 / Root(00) para top(01)
Mensaje * / 00:00:03:000 / top(01) para motioncontroller(05)
Mensaje * / 00:00:03:000 / motioncontroller(05) para decision(06)
Mensaje Y / 00:00:03:000 / decision(06) / motion_command / 2102090.00000 para motioncontroller(05)
Mensaje D / 00:00:03:000 / decision(06) / ... para motioncontroller(05)
Mensaje X / 00:00:03:000 / motioncontroller(05) / command / 2102090.00000 para motion(07)
Mensaje D / 00:00:03:000 / motion(07) / 00:00:00:102 para motioncontroller(05)
Mensaje D / 00:00:03:000 / motioncontroller(05) / 00:00:00:102 para top(01)
Mensaje D / 00:00:03:000 / top(01) / 00:00:00:102 para Root(00)
Mensaje * / 00:00:03:102 / Root(00) para top(01)
Mensaje * / 00:00:03:102 / top(01) para motioncontroller(05)
Mensaje * / 00:00:03:102 / motioncontroller(05) para motion(07)
Mensaje Y / 00:00:03:102 / motion(07) / done /      2.00000 para motioncontroller(05)
Mensaje Y / 00:00:03:102 / motion(07) / j1_position /    102.00000 para motioncontroller(05)
Mensaje Y / 00:00:03:102 / motion(07) / j2_position /     90.00000 para motioncontroller(05)
Mensaje D / 00:00:03:102 / motion(07) / ... para motioncontroller(05)
Mensaje X / 00:00:03:102 / motioncontroller(05) / done_motion /      2.00000 para decision(06)
Mensaje Y / 00:00:03:102 / motioncontroller(05) / outj1_pos /    102.00000 para top(01)
Mensaje Y / 00:00:03:102 / motioncontroller(05) / outj2_pos /     90.00000 para top(01)
Mensaje D / 00:00:03:102 / decision(06) / ... para motioncontroller(05)
Mensaje Y / 00:00:03:102 / top(01) / robotj1 /    102.00000 para Root(00)
Mensaje Y / 00:00:03:102 / top(01) / robotj2 /     90.00000 para Root(00)
Mensaje D / 00:00:03:102 / motioncontroller(05) / ... para top(01)
Mensaje D / 00:00:03:102 / top(01) / ... para Root(00)
Mensaje X / 00:00:04:000 / Root(00) / user_input / 3174252.00000 para top(01)
Mensaje X / 00:00:04:000 / top(01) / input_command / 3174252.00000 para motioncontroller(05)
Mensaje X / 00:00:04:000 / motioncontroller(05) / usercommand / 3174252.00000 para decision(06)
Mensaje D / 00:00:04:000 / decision(06) / ... para motioncontroller(05)
Mensaje D / 00:00:04:000 / motioncontroller(05) / ... para top(01)
Mensaje D / 00:00:04:000 / top(01) / ... para Root(00)
Mensaje X / 00:00:05:000 / Root(00) / user_input / 2210120.00000 para top(01)
Mensaje X / 00:00:05:000 / top(01) / input_command / 2210120.00000 para motioncontroller(05)
Mensaje X / 00:00:05:000 / motioncontroller(05) / usercommand / 2210120.00000 para decision(06)
Mensaje D / 00:00:05:000 / decision(06) / 00:00:00:000 para motioncontroller(05)
Mensaje D / 00:00:05:000 / motioncontroller(05) / 00:00:00:000 para top(01)
Mensaje D / 00:00:05:000 / top(01) / 00:00:00:000 para Root(00)
Mensaje * / 00:00:05:000 / Root(00) para top(01)
Mensaje * / 00:00:05:000 / top(01) para motioncontroller(05)
Mensaje * / 00:00:05:000 / motioncontroller(05) para decision(06)
Mensaje Y / 00:00:05:000 / decision(06) / motion_command / 2210120.00000 para motioncontroller(05)
Mensaje D / 00:00:05:000 / decision(06) / ... para motioncontroller(05)
Mensaje X / 00:00:05:000 / motioncontroller(05) / command / 2210120.00000 para motion(07)
Mensaje D / 00:00:05:000 / motion(07) / 00:00:00:210 para motioncontroller(05)
Mensaje D / 00:00:05:000 / motioncontroller(05) / 00:00:00:210 para top(01)
Mensaje D / 00:00:05:000 / top(01) / 00:00:00:210 para Root(00)
Mensaje * / 00:00:05:210 / Root(00) para top(01)
Mensaje * / 00:00:05:210 / top(01) para motioncontroller(05)
Mensaje * / 00:00:05:210 / motioncontroller(05) para motion(07)
Mensaje Y / 00:00:05:210 / motion(07) / done /      2.00000 para motioncontroller(05)
Mensaje Y / 00:00:05:210 / motion(07) / j1_position /    210.00000 para motioncontroller(05)
Mensaje Y / 00:00:05:210 / motion(07) / j2_position /    120.00000 para motioncontroller(05)
Mensaje D / 00:00:05:210 / motion(07) / ... para motioncontroller(05)
Mensaje X / 00:00:05:210 / motioncontroller(05) / done_motion /      2.00000 para decision(06)
Mensaje Y / 00:00:05:210 / motioncontroller(05) / outj1_pos /    210.00000 para top(01)
Mensaje Y / 00:00:05:210 / motioncontroller(05) / outj2_pos /    120.00000 para top(01)
Mensaje D / 00:00:05:210 / decision(06) / ... para motioncontroller(05)
Mensaje Y / 00:00:05:210 / top(01) / robotj1 /    210.00000 para Root(00)
Mensaje Y / 00:00:05:210 / top(01) / robotj2 /    120.00000 para Root(00)
Mensaje D / 00:00:05:210 / motioncontroller(05) / ... para top(01)
Mensaje D / 00:00:05:210 / top(01) / ... para Root(00)
Mensaje X / 00:00:06:000 / Root(00) / user_input / 2122144.00000 para top(01)
Mensaje X / 00:00:06:000 / top(01) / input_command / 2122144.00000 para motioncontroller(05)
Mensaje X / 00:00:06:000 / motioncontroller(05) / usercommand / 2122144.00000 para decision(06)
Mensaje D / 00:00:06:000 / decision(06) / 00:00:00:000 para motioncontroller(05)
Mensaje D / 00:00:06:000 / motioncontroller(05) / 00:00:00:000 para top(01)
Mensaje D / 00:00:06:000 / top(01) / 00:00:00:000 para Root(00)
Mensaje * / 00:00:06:000 / Root(00) para top(01)
Mensaje * / 00:00:06:000 / top(01) para motioncontroller(05)
Mensaje * / 00:00:06:000 / motioncontroller(05) para decision(06)
Mensaje Y / 00:00:06:000 / decision(06) / motion_command / 2122144.00000 para motioncontroller(05)
Mensaje D / 00:00:06:000 / decision(06) / ... para motioncontroller(05)
Mensaje X / 00:00:06:000 / motioncontroller(05) / command / 2122144.00000 para motion(07)
Mensaje D / 00:00:06:000 / motion(07) / 00:00:00:144 para motioncontroller(05)
Mensaje D / 00:00:06:000 / motioncontroller(05) / 00:00:00:144 para top(01)
Mensaje D / 00:00:06:000 / top(01) / 00:00:00:144 para Root(00)
Mensaje * / 00:00:06:144 / Root(00) para top(01)
Mensaje * / 00:00:06:144 / top(01) para motioncontroller(05)
Mensaje * / 00:00:06:144 / motioncontroller(05) para motion(07)
Mensaje Y / 00:00:06:144 / motion(07) / done /      2.00000 para motioncontroller(05)
Mensaje Y / 00:00:06:144 / motion(07) / j1_position /    122.00000 para motioncontroller(05)
Mensaje Y / 00:00:06:144 / motion(07) / j2_position /    144.00000 para motioncontroller(05)
Mensaje D / 00:00:06:144 / motion(07) / ... para motioncontroller(05)
Mensaje X / 00:00:06:144 / motioncontroller(05) / done_motion /      2.00000 para decision(06)
Mensaje Y / 00:00:06:144 / motioncontroller(05) / outj1_pos /    122.00000 para top(01)
Mensaje Y / 00:00:06:144 / motioncontroller(05) / outj2_pos /    144.00000 para top(01)
Mensaje D / 00:00:06:144 / decision(06) / ... para motioncontroller(05)
Mensaje Y / 00:00:06:144 / top(01) / robotj1 /    122.00000 para Root(00)
Mensaje Y / 00:00:06:144 / top(01) / robotj2 /    144.00000 para Root(00)
Mensaje D / 00:00:06:144 / motioncontroller(05) / ... para top(01)
Mensaje D / 00:00:06:144 / top(01) / ... para Root(00)
Mensaje X / 00:00:07:005 / Root(00) / user_input / 3111111.00000 para top(01)
Mensaje X / 00:00:07:005 / top(01) / input_command / 3111111.00000 para motioncontroller(05)
Mensaje X / 00:00:07:005 / motioncontroller(05) / usercommand / 3111111.00000 para decision(06)
Mensaje D / 00:00:07:005 / decision(06) / ... para motioncontroller(05)
Mensaje D / 00:00:07:005 / motioncontroller(05) / ... para top(01)
Mensaje D / 00:00:07:005 / top(01) / ... para Root(00)
Mensaje X / 00:00:08:000 / Root(00) / user_input / 2316001.00000 para top(01)
Mensaje X / 00:00:08:000 / top(01) / input_command / 2316001.00000 para motioncontroller(05)
Mensaje X / 00:00:08:000 / motioncontroller(05) / usercommand / 2316001.00000 para decision(06)
Mensaje D / 00:00:08:000 / decision(06) / 00:00:00:000 para motioncontroller(05)
Mensaje D / 00:00:08:000 / motioncontroller(05) / 00:00:00:000 para top(01)
Mensaje D / 00:00:08:000 / top(01) / 00:00:00:000 para Root(00)
Mensaje * / 00:00:08:000 / Root(00) para top(01)
Mensaje * / 00:00:08:000 / top(01) para motioncontroller(05)
Mensaje * / 00:00:08:000 / motioncontroller(05) para decision(06)
Mensaje Y / 00:00:08:000 / decision(06) / motion_command / 2316001.00000 para motioncontroller(05)
Mensaje D / 00:00:08:000 / decision(06) / ... para motioncontroller(05)
Mensaje X / 00:00:08:000 / motioncontroller(05) / command / 2316001.00000 para motion(07)
Mensaje D / 00:00:08:000 / motion(07) / 00:00:00:316 para motioncontroller(05)
Mensaje D / 00:00:08:000 / motioncontroller(05) / 00:00:00:316 para top(01)
Mensaje D / 00:00:08:000 / top(01) / 00:00:00:316 para Root(00)
Mensaje * / 00:00:08:316 / Root(00) para top(01)
Mensaje * / 00:00:08:316 / top(01) para motioncontroller(05)
Mensaje * / 00:00:08:316 / motioncontroller(05) para motion(07)
Mensaje Y / 00:00:08:316 / motion(07) / done /      2.00000 para motioncontroller(05)
Mensaje Y / 00:00:08:316 / motion(07) / j1_position /    316.00000 para motioncontroller(05)
Mensaje Y / 00:00:08:316 / motion(07) / j2_position /      1.00000 para motioncontroller(05)
Mensaje D / 00:00:08:316 / motion(07) / ... para motioncontroller(05)
Mensaje X / 00:00:08:316 / motioncontroller(05) / done_motion /      2.00000 para decision(06)
Mensaje Y / 00:00:08:316 / motioncontroller(05) / outj1_pos /    316.00000 para top(01)
Mensaje Y / 00:00:08:316 / motioncontroller(05) / outj2_pos /      1.00000 para top(01)
Mensaje D / 00:00:08:316 / decision(06) / ... para motioncontroller(05)
Mensaje Y / 00:00:08:316 / top(01) / robotj1 /    316.00000 para Root(00)
Mensaje Y / 00:00:08:316 / top(01) / robotj2 /      1.00000 para Root(00)
Mensaje D / 00:00:08:316 / motioncontroller(05) / ... para top(01)
Mensaje D / 00:00:08:316 / top(01) / ... para Root(00)
Mensaje X / 00:00:09:000 / Root(00) / user_input / 2138357.00000 para top(01)
Mensaje X / 00:00:09:000 / top(01) / input_command / 2138357.00000 para motioncontroller(05)
Mensaje X / 00:00:09:000 / motioncontroller(05) / usercommand / 2138357.00000 para decision(06)
Mensaje D / 00:00:09:000 / decision(06) / 00:00:00:000 para motioncontroller(05)
Mensaje D / 00:00:09:000 / motioncontroller(05) / 00:00:00:000 para top(01)
Mensaje D / 00:00:09:000 / top(01) / 00:00:00:000 para Root(00)
Mensaje * / 00:00:09:000 / Root(00) para top(01)
Mensaje * / 00:00:09:000 / top(01) para motioncontroller(05)
Mensaje * / 00:00:09:000 / motioncontroller(05) para decision(06)
Mensaje Y / 00:00:09:000 / decision(06) / motion_command / 2138357.00000 para motioncontroller(05)
Mensaje D / 00:00:09:000 / decision(06) / ... para motioncontroller(05)
Mensaje X / 00:00:09:000 / motioncontroller(05) / command / 2138357.00000 para motion(07)
Mensaje D / 00:00:09:000 / motion(07) / 00:00:00:357 para motioncontroller(05)
Mensaje D / 00:00:09:000 / motioncontroller(05) / 00:00:00:357 para top(01)
Mensaje D / 00:00:09:000 / top(01) / 00:00:00:357 para Root(00)
Mensaje * / 00:00:09:357 / Root(00) para top(01)
Mensaje * / 00:00:09:357 / top(01) para motioncontroller(05)
Mensaje * / 00:00:09:357 / motioncontroller(05) para motion(07)
Mensaje Y / 00:00:09:357 / motion(07) / done /      2.00000 para motioncontroller(05)
Mensaje Y / 00:00:09:357 / motion(07) / j1_position /    138.00000 para motioncontroller(05)
Mensaje Y / 00:00:09:357 / motion(07) / j2_position /    357.00000 para motioncontroller(05)
Mensaje D / 00:00:09:357 / motion(07) / ... para motioncontroller(05)
Mensaje X / 00:00:09:357 / motioncontroller(05) / done_motion /      2.00000 para decision(06)
Mensaje Y / 00:00:09:357 / motioncontroller(05) / outj1_pos /    138.00000 para top(01)
Mensaje Y / 00:00:09:357 / motioncontroller(05) / outj2_pos /    357.00000 para top(01)
Mensaje D / 00:00:09:357 / decision(06) / ... para motioncontroller(05)
Mensaje Y / 00:00:09:357 / top(01) / robotj1 /    138.00000 para Root(00)
Mensaje Y / 00:00:09:357 / top(01) / robotj2 /    357.00000 para Root(00)
Mensaje D / 00:00:09:357 / motioncontroller(05) / ... para top(01)
Mensaje D / 00:00:09:357 / top(01) / ... para Root(00)
